{"D:\\vibe\\movie\\apps\\api\\src\\app.controller.ts": {"path":"D:\\vibe\\movie\\apps\\api\\src\\app.controller.ts","statementMap":{"0":{"start":{"line":1,"column":0},"end":{"line":1,"column":49}},"1":{"start":{"line":2,"column":0},"end":{"line":2,"column":43}},"2":{"start":{"line":5,"column":7},"end":{"line":12,"column":null}},"3":{"start":{"line":6,"column":31},"end":{"line":6,"column":43}},"4":{"start":{"line":10,"column":4},"end":{"line":10,"column":38}},"5":{"start":{"line":5,"column":13},"end":{"line":5,"column":26}},"6":{"start":{"line":9,"column":2},"end":{"line":11,"column":null}},"7":{"start":{"line":5,"column":13},"end":{"line":12,"column":null}}},"fnMap":{"0":{"name":"(anonymous_2)","decl":{"start":{"line":6,"column":2},"end":{"line":6,"column":31}},"loc":{"start":{"line":6,"column":53},"end":{"line":6,"column":57}}},"1":{"name":"(anonymous_3)","decl":{"start":{"line":9,"column":2},"end":{"line":9,"column":10}},"loc":{"start":{"line":9,"column":10},"end":{"line":11,"column":3}}}},"branchMap":{"0":{"loc":{"start":{"line":6,"column":43},"end":{"line":6,"column":56}},"type":"cond-expr","locations":[{"start":{"line":6,"column":53},"end":{"line":6,"column":56}},{"start":{"line":6,"column":53},"end":{"line":6,"column":56}}]},"1":{"loc":{"start":{"line":6,"column":43},"end":{"line":6,"column":53}},"type":"binary-expr","locations":[{"start":{"line":6,"column":43},"end":{"line":6,"column":56}},{"start":{"line":6,"column":43},"end":{"line":6,"column":53}}]}},"s":{"0":0,"1":0,"2":0,"3":0,"4":0,"5":0,"6":0,"7":0},"f":{"0":0,"1":0},"b":{"0":[0,0],"1":[0,0]}}
,"D:\\vibe\\movie\\apps\\api\\src\\app.module.ts": {"path":"D:\\vibe\\movie\\apps\\api\\src\\app.module.ts","statementMap":{"0":{"start":{"line":1,"column":0},"end":{"line":1,"column":23}},"1":{"start":{"line":2,"column":0},"end":{"line":2,"column":40}},"2":{"start":{"line":3,"column":0},"end":{"line":3,"column":50}},"3":{"start":{"line":4,"column":0},"end":{"line":4,"column":54}},"4":{"start":{"line":5,"column":0},"end":{"line":5,"column":48}},"5":{"start":{"line":6,"column":0},"end":{"line":6,"column":54}},"6":{"start":{"line":7,"column":0},"end":{"line":7,"column":66}},"7":{"start":{"line":8,"column":0},"end":{"line":8,"column":72}},"8":{"start":{"line":9,"column":0},"end":{"line":9,"column":57}},"9":{"start":{"line":10,"column":0},"end":{"line":10,"column":60}},"10":{"start":{"line":11,"column":0},"end":{"line":11,"column":57}},"11":{"start":{"line":12,"column":0},"end":{"line":12,"column":57}},"12":{"start":{"line":13,"column":0},"end":{"line":13,"column":66}},"13":{"start":{"line":14,"column":0},"end":{"line":14,"column":54}},"14":{"start":{"line":15,"column":0},"end":{"line":15,"column":63}},"15":{"start":{"line":16,"column":0},"end":{"line":16,"column":83}},"16":{"start":{"line":17,"column":0},"end":{"line":17,"column":51}},"17":{"start":{"line":38,"column":7},"end":{"line":38,"column":null}},"18":{"start":{"line":38,"column":13},"end":{"line":38,"column":22}},"19":{"start":{"line":38,"column":13},"end":{"line":38,"column":null}}},"fnMap":{},"branchMap":{},"s":{"0":0,"1":0,"2":0,"3":0,"4":0,"5":0,"6":0,"7":0,"8":0,"9":0,"10":0,"11":0,"12":0,"13":0,"14":0,"15":0,"16":0,"17":0,"18":0,"19":0},"f":{},"b":{}}
,"D:\\vibe\\movie\\apps\\api\\src\\app.service.ts": {"path":"D:\\vibe\\movie\\apps\\api\\src\\app.service.ts","statementMap":{"0":{"start":{"line":1,"column":0},"end":{"line":1,"column":44}},"1":{"start":{"line":4,"column":7},"end":{"line":8,"column":null}},"2":{"start":{"line":6,"column":4},"end":{"line":6,"column":26}},"3":{"start":{"line":4,"column":13},"end":{"line":4,"column":23}},"4":{"start":{"line":4,"column":13},"end":{"line":8,"column":null}}},"fnMap":{"0":{"name":"(anonymous_1)","decl":{"start":{"line":5,"column":2},"end":{"line":5,"column":10}},"loc":{"start":{"line":5,"column":10},"end":{"line":7,"column":3}}}},"branchMap":{},"s":{"0":0,"1":0,"2":0,"3":0,"4":0},"f":{"0":0},"b":{}}
,"D:\\vibe\\movie\\apps\\api\\src\\main.ts": {"path":"D:\\vibe\\movie\\apps\\api\\src\\main.ts","statementMap":{"0":{"start":{"line":1,"column":0},"end":{"line":1,"column":23}},"1":{"start":{"line":2,"column":0},"end":{"line":2,"column":43}},"2":{"start":{"line":3,"column":0},"end":{"line":3,"column":48}},"3":{"start":{"line":4,"column":0},"end":{"line":4,"column":41}},"4":{"start":{"line":7,"column":14},"end":{"line":7,"column":49}},"5":{"start":{"line":9,"column":2},"end":{"line":9,"column":73}},"6":{"start":{"line":11,"column":2},"end":{"line":13,"column":4}},"7":{"start":{"line":15,"column":15},"end":{"line":15,"column":39}},"8":{"start":{"line":16,"column":2},"end":{"line":16,"column":25}},"9":{"start":{"line":17,"column":2},"end":{"line":17,"column":55}},"10":{"start":{"line":19,"column":0},"end":{"line":19,"column":12}}},"fnMap":{"0":{"name":"bootstrap","decl":{"start":{"line":6,"column":15},"end":{"line":6,"column":24}},"loc":{"start":{"line":6,"column":24},"end":{"line":18,"column":1}}}},"branchMap":{"0":{"loc":{"start":{"line":15,"column":15},"end":{"line":15,"column":39}},"type":"binary-expr","locations":[{"start":{"line":15,"column":15},"end":{"line":15,"column":31}},{"start":{"line":15,"column":35},"end":{"line":15,"column":39}}]}},"s":{"0":0,"1":0,"2":0,"3":0,"4":0,"5":0,"6":0,"7":0,"8":0,"9":0,"10":0},"f":{"0":0},"b":{"0":[0,0]}}
,"D:\\vibe\\movie\\apps\\api\\src\\admin\\admin.module.ts": {"path":"D:\\vibe\\movie\\apps\\api\\src\\admin\\admin.module.ts","statementMap":{"0":{"start":{"line":1,"column":0},"end":{"line":1,"column":40}},"1":{"start":{"line":2,"column":0},"end":{"line":2,"column":73}},"2":{"start":{"line":3,"column":0},"end":{"line":3,"column":67}},"3":{"start":{"line":4,"column":0},"end":{"line":4,"column":85}},"4":{"start":{"line":5,"column":0},"end":{"line":5,"column":79}},"5":{"start":{"line":6,"column":0},"end":{"line":6,"column":73}},"6":{"start":{"line":7,"column":0},"end":{"line":7,"column":76}},"7":{"start":{"line":8,"column":0},"end":{"line":8,"column":70}},"8":{"start":{"line":9,"column":0},"end":{"line":9,"column":82}},"9":{"start":{"line":10,"column":0},"end":{"line":10,"column":76}},"10":{"start":{"line":11,"column":0},"end":{"line":11,"column":82}},"11":{"start":{"line":12,"column":0},"end":{"line":12,"column":76}},"12":{"start":{"line":13,"column":0},"end":{"line":13,"column":82}},"13":{"start":{"line":14,"column":0},"end":{"line":14,"column":76}},"14":{"start":{"line":15,"column":0},"end":{"line":15,"column":55}},"15":{"start":{"line":37,"column":7},"end":{"line":37,"column":null}},"16":{"start":{"line":37,"column":13},"end":{"line":37,"column":24}},"17":{"start":{"line":37,"column":13},"end":{"line":37,"column":null}}},"fnMap":{},"branchMap":{},"s":{"0":0,"1":0,"2":0,"3":0,"4":0,"5":0,"6":0,"7":0,"8":0,"9":0,"10":0,"11":0,"12":0,"13":0,"14":0,"15":0,"16":0,"17":0},"f":{},"b":{}}
,"D:\\vibe\\movie\\apps\\api\\src\\admin\\coupons\\admin-coupons.controller.ts": {"path":"D:\\vibe\\movie\\apps\\api\\src\\admin\\coupons\\admin-coupons.controller.ts","statementMap":{"0":{"start":{"line":1,"column":0},"end":{"line":1,"column":null}},"1":{"start":{"line":11,"column":0},"end":{"line":11,"column":57}},"2":{"start":{"line":12,"column":0},"end":{"line":12,"column":52}},"3":{"start":{"line":13,"column":0},"end":{"line":13,"column":62}},"4":{"start":{"line":14,"column":0},"end":{"line":14,"column":58}},"5":{"start":{"line":15,"column":0},"end":{"line":15,"column":58}},"6":{"start":{"line":16,"column":0},"end":{"line":16,"column":56}},"7":{"start":{"line":17,"column":0},"end":{"line":17,"column":65}},"8":{"start":{"line":18,"column":0},"end":{"line":18,"column":67}},"9":{"start":{"line":22,"column":7},"end":{"line":67,"column":null}},"10":{"start":{"line":23,"column":31},"end":{"line":23,"column":40}},"11":{"start":{"line":27,"column":4},"end":{"line":27,"column":31}},"12":{"start":{"line":32,"column":4},"end":{"line":32,"column":35}},"13":{"start":{"line":37,"column":4},"end":{"line":37,"column":36}},"14":{"start":{"line":45,"column":4},"end":{"line":45,"column":40}},"15":{"start":{"line":50,"column":4},"end":{"line":50,"column":39}},"16":{"start":{"line":55,"column":4},"end":{"line":55,"column":40}},"17":{"start":{"line":60,"column":4},"end":{"line":60,"column":46}},"18":{"start":{"line":65,"column":4},"end":{"line":65,"column":46}},"19":{"start":{"line":22,"column":13},"end":{"line":22,"column":35}},"20":{"start":{"line":26,"column":2},"end":{"line":28,"column":null}},"21":{"start":{"line":31,"column":2},"end":{"line":33,"column":null}},"22":{"start":{"line":36,"column":2},"end":{"line":38,"column":null}},"23":{"start":{"line":41,"column":2},"end":{"line":46,"column":null}},"24":{"start":{"line":49,"column":2},"end":{"line":51,"column":null}},"25":{"start":{"line":54,"column":2},"end":{"line":56,"column":null}},"26":{"start":{"line":59,"column":2},"end":{"line":61,"column":null}},"27":{"start":{"line":64,"column":2},"end":{"line":66,"column":null}},"28":{"start":{"line":22,"column":13},"end":{"line":67,"column":null}}},"fnMap":{"0":{"name":"(anonymous_4)","decl":{"start":{"line":23,"column":2},"end":{"line":23,"column":31}},"loc":{"start":{"line":23,"column":59},"end":{"line":23,"column":63}}},"1":{"name":"(anonymous_5)","decl":{"start":{"line":26,"column":2},"end":{"line":26,"column":6}},"loc":{"start":{"line":26,"column":6},"end":{"line":28,"column":3}}},"2":{"name":"(anonymous_6)","decl":{"start":{"line":31,"column":2},"end":{"line":31,"column":8}},"loc":{"start":{"line":31,"column":46},"end":{"line":33,"column":3}}},"3":{"name":"(anonymous_7)","decl":{"start":{"line":36,"column":2},"end":{"line":36,"column":8}},"loc":{"start":{"line":36,"column":37},"end":{"line":38,"column":3}}},"4":{"name":"(anonymous_8)","decl":{"start":{"line":41,"column":2},"end":{"line":41,"column":8}},"loc":{"start":{"line":43,"column":32},"end":{"line":46,"column":3}}},"5":{"name":"(anonymous_9)","decl":{"start":{"line":49,"column":2},"end":{"line":49,"column":12}},"loc":{"start":{"line":49,"column":50},"end":{"line":51,"column":3}}},"6":{"name":"(anonymous_10)","decl":{"start":{"line":54,"column":2},"end":{"line":54,"column":12}},"loc":{"start":{"line":54,"column":40},"end":{"line":56,"column":3}}},"7":{"name":"(anonymous_11)","decl":{"start":{"line":59,"column":2},"end":{"line":59,"column":18}},"loc":{"start":{"line":59,"column":50},"end":{"line":61,"column":3}}},"8":{"name":"(anonymous_12)","decl":{"start":{"line":64,"column":2},"end":{"line":64,"column":18}},"loc":{"start":{"line":64,"column":51},"end":{"line":66,"column":3}}}},"branchMap":{"0":{"loc":{"start":{"line":36,"column":22},"end":{"line":36,"column":null}},"type":"cond-expr","locations":[{"start":{"line":36,"column":37},"end":{"line":36,"column":null}},{"start":{"line":36,"column":37},"end":{"line":36,"column":null}}]},"1":{"loc":{"start":{"line":36,"column":22},"end":{"line":36,"column":37}},"type":"binary-expr","locations":[{"start":{"line":36,"column":22},"end":{"line":36,"column":null}},{"start":{"line":36,"column":22},"end":{"line":36,"column":37}}]},"2":{"loc":{"start":{"line":43,"column":17},"end":{"line":43,"column":null}},"type":"cond-expr","locations":[{"start":{"line":43,"column":32},"end":{"line":43,"column":null}},{"start":{"line":43,"column":32},"end":{"line":43,"column":null}}]},"3":{"loc":{"start":{"line":43,"column":17},"end":{"line":43,"column":32}},"type":"binary-expr","locations":[{"start":{"line":43,"column":17},"end":{"line":43,"column":null}},{"start":{"line":43,"column":17},"end":{"line":43,"column":32}}]},"4":{"loc":{"start":{"line":54,"column":26},"end":{"line":54,"column":null}},"type":"cond-expr","locations":[{"start":{"line":54,"column":40},"end":{"line":54,"column":null}},{"start":{"line":54,"column":40},"end":{"line":54,"column":null}}]},"5":{"loc":{"start":{"line":54,"column":26},"end":{"line":54,"column":40}},"type":"binary-expr","locations":[{"start":{"line":54,"column":26},"end":{"line":54,"column":null}},{"start":{"line":54,"column":26},"end":{"line":54,"column":40}}]},"6":{"loc":{"start":{"line":59,"column":32},"end":{"line":59,"column":null}},"type":"cond-expr","locations":[{"start":{"line":59,"column":50},"end":{"line":59,"column":null}},{"start":{"line":59,"column":50},"end":{"line":59,"column":null}}]},"7":{"loc":{"start":{"line":59,"column":32},"end":{"line":59,"column":50}},"type":"binary-expr","locations":[{"start":{"line":59,"column":32},"end":{"line":59,"column":null}},{"start":{"line":59,"column":32},"end":{"line":59,"column":50}}]},"8":{"loc":{"start":{"line":64,"column":32},"end":{"line":64,"column":null}},"type":"cond-expr","locations":[{"start":{"line":64,"column":51},"end":{"line":64,"column":null}},{"start":{"line":64,"column":51},"end":{"line":64,"column":null}}]},"9":{"loc":{"start":{"line":64,"column":32},"end":{"line":64,"column":51}},"type":"binary-expr","locations":[{"start":{"line":64,"column":32},"end":{"line":64,"column":null}},{"start":{"line":64,"column":32},"end":{"line":64,"column":51}}]},"10":{"loc":{"start":{"line":23,"column":40},"end":{"line":23,"column":62}},"type":"cond-expr","locations":[{"start":{"line":23,"column":59},"end":{"line":23,"column":62}},{"start":{"line":23,"column":59},"end":{"line":23,"column":62}}]},"11":{"loc":{"start":{"line":23,"column":40},"end":{"line":23,"column":59}},"type":"binary-expr","locations":[{"start":{"line":23,"column":40},"end":{"line":23,"column":62}},{"start":{"line":23,"column":40},"end":{"line":23,"column":59}}]}},"s":{"0":0,"1":0,"2":0,"3":0,"4":0,"5":0,"6":0,"7":0,"8":0,"9":0,"10":0,"11":0,"12":0,"13":0,"14":0,"15":0,"16":0,"17":0,"18":0,"19":0,"20":0,"21":0,"22":0,"23":0,"24":0,"25":0,"26":0,"27":0,"28":0},"f":{"0":0,"1":0,"2":0,"3":0,"4":0,"5":0,"6":0,"7":0,"8":0},"b":{"0":[0,0],"1":[0,0],"2":[0,0],"3":[0,0],"4":[0,0],"5":[0,0],"6":[0,0],"7":[0,0],"8":[0,0],"9":[0,0],"10":[0,0],"11":[0,0]}}
,"D:\\vibe\\movie\\apps\\api\\src\\admin\\coupons\\admin-coupons.service.ts": {"path":"D:\\vibe\\movie\\apps\\api\\src\\admin\\coupons\\admin-coupons.service.ts","statementMap":{"0":{"start":{"line":1,"column":0},"end":{"line":1,"column":null}},"1":{"start":{"line":6,"column":0},"end":{"line":6,"column":60}},"2":{"start":{"line":14,"column":7},"end":{"line":210,"column":null}},"3":{"start":{"line":15,"column":22},"end":{"line":15,"column":30}},"4":{"start":{"line":18,"column":20},"end":{"line":20,"column":6}},"5":{"start":{"line":22,"column":22},"end":{"line":22,"column":46}},"6":{"start":{"line":22,"column":41},"end":{"line":22,"column":45}},"7":{"start":{"line":23,"column":18},"end":{"line":27,"column":6}},"8":{"start":{"line":29,"column":4},"end":{"line":37,"column":7}},"9":{"start":{"line":30,"column":26},"end":{"line":30,"column":66}},"10":{"start":{"line":30,"column":46},"end":{"line":30,"column":65}},"11":{"start":{"line":31,"column":21},"end":{"line":31,"column":70}},"12":{"start":{"line":31,"column":52},"end":{"line":31,"column":66}},"13":{"start":{"line":32,"column":19},"end":{"line":32,"column":76}},"14":{"start":{"line":32,"column":43},"end":{"line":32,"column":62}},"15":{"start":{"line":33,"column":24},"end":{"line":33,"column":86}},"16":{"start":{"line":33,"column":48},"end":{"line":33,"column":72}},"17":{"start":{"line":34,"column":22},"end":{"line":34,"column":82}},"18":{"start":{"line":34,"column":46},"end":{"line":34,"column":68}},"19":{"start":{"line":36,"column":6},"end":{"line":36,"column":67}},"20":{"start":{"line":41,"column":19},"end":{"line":44,"column":6}},"21":{"start":{"line":45,"column":4},"end":{"line":45,"column":47}},"22":{"start":{"line":45,"column":17},"end":{"line":45,"column":47}},"23":{"start":{"line":47,"column":22},"end":{"line":51,"column":6}},"24":{"start":{"line":52,"column":19},"end":{"line":52,"column":66}},"25":{"start":{"line":52,"column":48},"end":{"line":52,"column":62}},"26":{"start":{"line":53,"column":17},"end":{"line":53,"column":72}},"27":{"start":{"line":53,"column":39},"end":{"line":53,"column":58}},"28":{"start":{"line":54,"column":22},"end":{"line":54,"column":82}},"29":{"start":{"line":54,"column":44},"end":{"line":54,"column":68}},"30":{"start":{"line":55,"column":20},"end":{"line":55,"column":78}},"31":{"start":{"line":55,"column":42},"end":{"line":55,"column":64}},"32":{"start":{"line":57,"column":4},"end":{"line":57,"column":70}},"33":{"start":{"line":61,"column":4},"end":{"line":63,"column":7}},"34":{"start":{"line":67,"column":4},"end":{"line":67,"column":26}},"35":{"start":{"line":68,"column":4},"end":{"line":68,"column":67}},"36":{"start":{"line":72,"column":4},"end":{"line":72,"column":26}},"37":{"start":{"line":73,"column":4},"end":{"line":76,"column":7}},"38":{"start":{"line":80,"column":21},"end":{"line":82,"column":6}},"39":{"start":{"line":83,"column":4},"end":{"line":85,"column":5}},"40":{"start":{"line":84,"column":6},"end":{"line":84,"column":67}},"41":{"start":{"line":87,"column":19},"end":{"line":89,"column":6}},"42":{"start":{"line":90,"column":4},"end":{"line":92,"column":5}},"43":{"start":{"line":91,"column":6},"end":{"line":91,"column":55}},"44":{"start":{"line":94,"column":23},"end":{"line":96,"column":6}},"45":{"start":{"line":97,"column":4},"end":{"line":99,"column":5}},"46":{"start":{"line":98,"column":6},"end":{"line":98,"column":77}},"47":{"start":{"line":101,"column":4},"end":{"line":117,"column":7}},"48":{"start":{"line":102,"column":25},"end":{"line":109,"column":8}},"49":{"start":{"line":111,"column":6},"end":{"line":114,"column":9}},"50":{"start":{"line":116,"column":6},"end":{"line":116,"column":24}},"51":{"start":{"line":121,"column":23},"end":{"line":121,"column":25}},"52":{"start":{"line":123,"column":4},"end":{"line":125,"column":5}},"53":{"start":{"line":124,"column":6},"end":{"line":124,"column":63}},"54":{"start":{"line":126,"column":4},"end":{"line":128,"column":5}},"55":{"start":{"line":127,"column":6},"end":{"line":127,"column":79}},"56":{"start":{"line":129,"column":4},"end":{"line":131,"column":5}},"57":{"start":{"line":130,"column":6},"end":{"line":130,"column":80}},"58":{"start":{"line":133,"column":22},"end":{"line":145,"column":6}},"59":{"start":{"line":147,"column":21},"end":{"line":154,"column":6}},"60":{"start":{"line":150,"column":47},"end":{"line":150,"column":51}},"61":{"start":{"line":155,"column":24},"end":{"line":155,"column":66}},"62":{"start":{"line":155,"column":52},"end":{"line":155,"column":64}},"63":{"start":{"line":157,"column":4},"end":{"line":157,"column":79}},"64":{"start":{"line":157,"column":33},"end":{"line":157,"column":76}},"65":{"start":{"line":161,"column":19},"end":{"line":163,"column":6}},"66":{"start":{"line":164,"column":4},"end":{"line":166,"column":5}},"67":{"start":{"line":165,"column":6},"end":{"line":165,"column":55}},"68":{"start":{"line":168,"column":4},"end":{"line":208,"column":7}},"69":{"start":{"line":169,"column":23},"end":{"line":176,"column":8}},"70":{"start":{"line":177,"column":26},"end":{"line":177,"column":68}},"71":{"start":{"line":177,"column":54},"end":{"line":177,"column":66}},"72":{"start":{"line":179,"column":24},"end":{"line":179,"column":76}},"73":{"start":{"line":179,"column":55},"end":{"line":179,"column":75}},"74":{"start":{"line":181,"column":6},"end":{"line":187,"column":7}},"75":{"start":{"line":182,"column":8},"end":{"line":186,"column":10}},"76":{"start":{"line":189,"column":24},"end":{"line":189,"column":85}},"77":{"start":{"line":191,"column":6},"end":{"line":197,"column":9}},"78":{"start":{"line":192,"column":45},"end":{"line":196,"column":10}},"79":{"start":{"line":199,"column":6},"end":{"line":202,"column":9}},"80":{"start":{"line":204,"column":6},"end":{"line":207,"column":8}},"81":{"start":{"line":14,"column":13},"end":{"line":14,"column":32}},"82":{"start":{"line":14,"column":13},"end":{"line":210,"column":null}}},"fnMap":{"0":{"name":"(anonymous_2)","decl":{"start":{"line":15,"column":2},"end":{"line":15,"column":22}},"loc":{"start":{"line":15,"column":43},"end":{"line":15,"column":47}}},"1":{"name":"(anonymous_3)","decl":{"start":{"line":17,"column":2},"end":{"line":17,"column":7}},"loc":{"start":{"line":17,"column":12},"end":{"line":38,"column":3}}},"2":{"name":"(anonymous_4)","decl":{"start":{"line":22,"column":34},"end":{"line":22,"column":35}},"loc":{"start":{"line":22,"column":41},"end":{"line":22,"column":45}}},"3":{"name":"(anonymous_5)","decl":{"start":{"line":29,"column":23},"end":{"line":29,"column":24}},"loc":{"start":{"line":29,"column":29},"end":{"line":37,"column":5}}},"4":{"name":"(anonymous_6)","decl":{"start":{"line":30,"column":39},"end":{"line":30,"column":40}},"loc":{"start":{"line":30,"column":46},"end":{"line":30,"column":65}}},"5":{"name":"(anonymous_7)","decl":{"start":{"line":31,"column":40},"end":{"line":31,"column":41}},"loc":{"start":{"line":31,"column":52},"end":{"line":31,"column":66}}},"6":{"name":"(anonymous_8)","decl":{"start":{"line":32,"column":36},"end":{"line":32,"column":37}},"loc":{"start":{"line":32,"column":43},"end":{"line":32,"column":62}}},"7":{"name":"(anonymous_9)","decl":{"start":{"line":33,"column":41},"end":{"line":33,"column":42}},"loc":{"start":{"line":33,"column":48},"end":{"line":33,"column":72}}},"8":{"name":"(anonymous_10)","decl":{"start":{"line":34,"column":39},"end":{"line":34,"column":40}},"loc":{"start":{"line":34,"column":46},"end":{"line":34,"column":68}}},"9":{"name":"(anonymous_11)","decl":{"start":{"line":40,"column":2},"end":{"line":40,"column":7}},"loc":{"start":{"line":40,"column":25},"end":{"line":58,"column":3}}},"10":{"name":"(anonymous_12)","decl":{"start":{"line":52,"column":36},"end":{"line":52,"column":37}},"loc":{"start":{"line":52,"column":48},"end":{"line":52,"column":62}}},"11":{"name":"(anonymous_13)","decl":{"start":{"line":53,"column":32},"end":{"line":53,"column":33}},"loc":{"start":{"line":53,"column":39},"end":{"line":53,"column":58}}},"12":{"name":"(anonymous_14)","decl":{"start":{"line":54,"column":37},"end":{"line":54,"column":38}},"loc":{"start":{"line":54,"column":44},"end":{"line":54,"column":68}}},"13":{"name":"(anonymous_15)","decl":{"start":{"line":55,"column":35},"end":{"line":55,"column":36}},"loc":{"start":{"line":55,"column":42},"end":{"line":55,"column":64}}},"14":{"name":"(anonymous_16)","decl":{"start":{"line":60,"column":2},"end":{"line":60,"column":7}},"loc":{"start":{"line":60,"column":35},"end":{"line":64,"column":3}}},"15":{"name":"(anonymous_17)","decl":{"start":{"line":66,"column":2},"end":{"line":66,"column":7}},"loc":{"start":{"line":66,"column":47},"end":{"line":69,"column":3}}},"16":{"name":"(anonymous_18)","decl":{"start":{"line":71,"column":2},"end":{"line":71,"column":7}},"loc":{"start":{"line":71,"column":29},"end":{"line":77,"column":3}}},"17":{"name":"(anonymous_19)","decl":{"start":{"line":79,"column":2},"end":{"line":79,"column":7}},"loc":{"start":{"line":79,"column":38},"end":{"line":118,"column":3}}},"18":{"name":"(anonymous_20)","decl":{"start":{"line":101,"column":36},"end":{"line":101,"column":41}},"loc":{"start":{"line":101,"column":49},"end":{"line":117,"column":5}}},"19":{"name":"(anonymous_21)","decl":{"start":{"line":120,"column":2},"end":{"line":120,"column":7}},"loc":{"start":{"line":120,"column":48},"end":{"line":158,"column":3}}},"20":{"name":"(anonymous_22)","decl":{"start":{"line":150,"column":40},"end":{"line":150,"column":41}},"loc":{"start":{"line":150,"column":47},"end":{"line":150,"column":51}}},"21":{"name":"(anonymous_23)","decl":{"start":{"line":155,"column":45},"end":{"line":155,"column":46}},"loc":{"start":{"line":155,"column":52},"end":{"line":155,"column":64}}},"22":{"name":"(anonymous_24)","decl":{"start":{"line":157,"column":25},"end":{"line":157,"column":26}},"loc":{"start":{"line":157,"column":33},"end":{"line":157,"column":76}}},"23":{"name":"(anonymous_25)","decl":{"start":{"line":160,"column":2},"end":{"line":160,"column":7}},"loc":{"start":{"line":160,"column":49},"end":{"line":209,"column":3}}},"24":{"name":"(anonymous_26)","decl":{"start":{"line":168,"column":36},"end":{"line":168,"column":41}},"loc":{"start":{"line":168,"column":49},"end":{"line":208,"column":5}}},"25":{"name":"(anonymous_27)","decl":{"start":{"line":177,"column":47},"end":{"line":177,"column":48}},"loc":{"start":{"line":177,"column":54},"end":{"line":177,"column":66}}},"26":{"name":"(anonymous_28)","decl":{"start":{"line":179,"column":47},"end":{"line":179,"column":48}},"loc":{"start":{"line":179,"column":55},"end":{"line":179,"column":75}}},"27":{"name":"(anonymous_29)","decl":{"start":{"line":192,"column":28},"end":{"line":192,"column":29}},"loc":{"start":{"line":192,"column":45},"end":{"line":196,"column":10}}}},"branchMap":{"0":{"loc":{"start":{"line":32,"column":19},"end":{"line":32,"column":76}},"type":"binary-expr","locations":[{"start":{"line":32,"column":19},"end":{"line":32,"column":71}},{"start":{"line":32,"column":75},"end":{"line":32,"column":76}}]},"1":{"loc":{"start":{"line":33,"column":24},"end":{"line":33,"column":86}},"type":"binary-expr","locations":[{"start":{"line":33,"column":24},"end":{"line":33,"column":81}},{"start":{"line":33,"column":85},"end":{"line":33,"column":86}}]},"2":{"loc":{"start":{"line":34,"column":22},"end":{"line":34,"column":82}},"type":"binary-expr","locations":[{"start":{"line":34,"column":22},"end":{"line":34,"column":77}},{"start":{"line":34,"column":81},"end":{"line":34,"column":82}}]},"3":{"loc":{"start":{"line":45,"column":4},"end":{"line":45,"column":47}},"type":"if","locations":[{"start":{"line":45,"column":4},"end":{"line":45,"column":47}},{"start":{},"end":{}}]},"4":{"loc":{"start":{"line":53,"column":17},"end":{"line":53,"column":72}},"type":"binary-expr","locations":[{"start":{"line":53,"column":17},"end":{"line":53,"column":67}},{"start":{"line":53,"column":71},"end":{"line":53,"column":72}}]},"5":{"loc":{"start":{"line":54,"column":22},"end":{"line":54,"column":82}},"type":"binary-expr","locations":[{"start":{"line":54,"column":22},"end":{"line":54,"column":77}},{"start":{"line":54,"column":81},"end":{"line":54,"column":82}}]},"6":{"loc":{"start":{"line":55,"column":20},"end":{"line":55,"column":78}},"type":"binary-expr","locations":[{"start":{"line":55,"column":20},"end":{"line":55,"column":73}},{"start":{"line":55,"column":77},"end":{"line":55,"column":78}}]},"7":{"loc":{"start":{"line":62,"column":33},"end":{"line":62,"column":52}},"type":"binary-expr","locations":[{"start":{"line":62,"column":33},"end":{"line":62,"column":46}},{"start":{"line":62,"column":50},"end":{"line":62,"column":52}}]},"8":{"loc":{"start":{"line":83,"column":4},"end":{"line":85,"column":5}},"type":"if","locations":[{"start":{"line":83,"column":4},"end":{"line":85,"column":5}},{"start":{},"end":{}}]},"9":{"loc":{"start":{"line":90,"column":4},"end":{"line":92,"column":5}},"type":"if","locations":[{"start":{"line":90,"column":4},"end":{"line":92,"column":5}},{"start":{},"end":{}}]},"10":{"loc":{"start":{"line":90,"column":8},"end":{"line":90,"column":35}},"type":"binary-expr","locations":[{"start":{"line":90,"column":8},"end":{"line":90,"column":15}},{"start":{"line":90,"column":19},"end":{"line":90,"column":35}}]},"11":{"loc":{"start":{"line":97,"column":4},"end":{"line":99,"column":5}},"type":"if","locations":[{"start":{"line":97,"column":4},"end":{"line":99,"column":5}},{"start":{},"end":{}}]},"12":{"loc":{"start":{"line":123,"column":4},"end":{"line":125,"column":5}},"type":"if","locations":[{"start":{"line":123,"column":4},"end":{"line":125,"column":5}},{"start":{},"end":{}}]},"13":{"loc":{"start":{"line":126,"column":4},"end":{"line":128,"column":5}},"type":"if","locations":[{"start":{"line":126,"column":4},"end":{"line":128,"column":5}},{"start":{},"end":{}}]},"14":{"loc":{"start":{"line":129,"column":4},"end":{"line":131,"column":5}},"type":"if","locations":[{"start":{"line":129,"column":4},"end":{"line":131,"column":5}},{"start":{},"end":{}}]},"15":{"loc":{"start":{"line":164,"column":4},"end":{"line":166,"column":5}},"type":"if","locations":[{"start":{"line":164,"column":4},"end":{"line":166,"column":5}},{"start":{},"end":{}}]},"16":{"loc":{"start":{"line":164,"column":8},"end":{"line":164,"column":35}},"type":"binary-expr","locations":[{"start":{"line":164,"column":8},"end":{"line":164,"column":15}},{"start":{"line":164,"column":19},"end":{"line":164,"column":35}}]},"17":{"loc":{"start":{"line":181,"column":6},"end":{"line":187,"column":7}},"type":"if","locations":[{"start":{"line":181,"column":6},"end":{"line":187,"column":7}},{"start":{},"end":{}}]},"18":{"loc":{"start":{"line":15,"column":30},"end":{"line":15,"column":46}},"type":"cond-expr","locations":[{"start":{"line":15,"column":43},"end":{"line":15,"column":46}},{"start":{"line":15,"column":43},"end":{"line":15,"column":46}}]},"19":{"loc":{"start":{"line":15,"column":30},"end":{"line":15,"column":43}},"type":"binary-expr","locations":[{"start":{"line":15,"column":30},"end":{"line":15,"column":46}},{"start":{"line":15,"column":30},"end":{"line":15,"column":43}}]}},"s":{"0":0,"1":0,"2":0,"3":0,"4":0,"5":0,"6":0,"7":0,"8":0,"9":0,"10":0,"11":0,"12":0,"13":0,"14":0,"15":0,"16":0,"17":0,"18":0,"19":0,"20":0,"21":0,"22":0,"23":0,"24":0,"25":0,"26":0,"27":0,"28":0,"29":0,"30":0,"31":0,"32":0,"33":0,"34":0,"35":0,"36":0,"37":0,"38":0,"39":0,"40":0,"41":0,"42":0,"43":0,"44":0,"45":0,"46":0,"47":0,"48":0,"49":0,"50":0,"51":0,"52":0,"53":0,"54":0,"55":0,"56":0,"57":0,"58":0,"59":0,"60":0,"61":0,"62":0,"63":0,"64":0,"65":0,"66":0,"67":0,"68":0,"69":0,"70":0,"71":0,"72":0,"73":0,"74":0,"75":0,"76":0,"77":0,"78":0,"79":0,"80":0,"81":0,"82":0},"f":{"0":0,"1":0,"2":0,"3":0,"4":0,"5":0,"6":0,"7":0,"8":0,"9":0,"10":0,"11":0,"12":0,"13":0,"14":0,"15":0,"16":0,"17":0,"18":0,"19":0,"20":0,"21":0,"22":0,"23":0,"24":0,"25":0,"26":0,"27":0},"b":{"0":[0,0],"1":[0,0],"2":[0,0],"3":[0,0],"4":[0,0],"5":[0,0],"6":[0,0],"7":[0,0],"8":[0,0],"9":[0,0],"10":[0,0],"11":[0,0],"12":[0,0],"13":[0,0],"14":[0,0],"15":[0,0],"16":[0,0],"17":[0,0],"18":[0,0],"19":[0,0]}}
,"D:\\vibe\\movie\\apps\\api\\src\\admin\\coupons\\dto\\bulk-issue-coupon.dto.ts": {"path":"D:\\vibe\\movie\\apps\\api\\src\\admin\\coupons\\dto\\bulk-issue-coupon.dto.ts","statementMap":{"0":{"start":{"line":1,"column":0},"end":{"line":1,"column":null}},"1":{"start":{"line":9,"column":0},"end":{"line":9,"column":13}},"2":{"start":{"line":11,"column":2},"end":{"line":11,"column":null}},"3":{"start":{"line":16,"column":2},"end":{"line":16,"column":null}},"4":{"start":{"line":20,"column":2},"end":{"line":20,"column":null}},"5":{"start":{"line":24,"column":2},"end":{"line":24,"column":null}}},"fnMap":{},"branchMap":{},"s":{"0":0,"1":0,"2":0,"3":0,"4":0,"5":0},"f":{},"b":{}}
,"D:\\vibe\\movie\\apps\\api\\src\\admin\\coupons\\dto\\bulk-issue-execute.dto.ts": {"path":"D:\\vibe\\movie\\apps\\api\\src\\admin\\coupons\\dto\\bulk-issue-execute.dto.ts","statementMap":{"0":{"start":{"line":1,"column":0},"end":{"line":1,"column":63}},"1":{"start":{"line":3,"column":0},"end":{"line":3,"column":13}},"2":{"start":{"line":5,"column":2},"end":{"line":5,"column":null}},"3":{"start":{"line":10,"column":2},"end":{"line":10,"column":null}}},"fnMap":{},"branchMap":{},"s":{"0":0,"1":0,"2":0,"3":0},"f":{},"b":{}}
,"D:\\vibe\\movie\\apps\\api\\src\\admin\\coupons\\dto\\create-coupon.dto.ts": {"path":"D:\\vibe\\movie\\apps\\api\\src\\admin\\coupons\\dto\\create-coupon.dto.ts","statementMap":{"0":{"start":{"line":1,"column":0},"end":{"line":1,"column":null}},"1":{"start":{"line":10,"column":0},"end":{"line":10,"column":13}},"2":{"start":{"line":13,"column":2},"end":{"line":13,"column":null}},"3":{"start":{"line":17,"column":2},"end":{"line":17,"column":null}},"4":{"start":{"line":21,"column":2},"end":{"line":21,"column":null}},"5":{"start":{"line":24,"column":2},"end":{"line":24,"column":null}},"6":{"start":{"line":28,"column":2},"end":{"line":28,"column":null}},"7":{"start":{"line":33,"column":2},"end":{"line":33,"column":null}},"8":{"start":{"line":38,"column":2},"end":{"line":38,"column":null}},"9":{"start":{"line":43,"column":2},"end":{"line":43,"column":null}},"10":{"start":{"line":46,"column":2},"end":{"line":46,"column":null}},"11":{"start":{"line":50,"column":2},"end":{"line":50,"column":null}},"12":{"start":{"line":54,"column":2},"end":{"line":54,"column":null}}},"fnMap":{},"branchMap":{},"s":{"0":0,"1":0,"2":0,"3":0,"4":0,"5":0,"6":0,"7":0,"8":0,"9":0,"10":0,"11":0,"12":0},"f":{},"b":{}}
,"D:\\vibe\\movie\\apps\\api\\src\\admin\\coupons\\dto\\issue-coupon.dto.ts": {"path":"D:\\vibe\\movie\\apps\\api\\src\\admin\\coupons\\dto\\issue-coupon.dto.ts","statementMap":{"0":{"start":{"line":1,"column":0},"end":{"line":1,"column":59}},"1":{"start":{"line":3,"column":0},"end":{"line":3,"column":13}},"2":{"start":{"line":5,"column":2},"end":{"line":5,"column":null}},"3":{"start":{"line":9,"column":2},"end":{"line":9,"column":null}}},"fnMap":{},"branchMap":{},"s":{"0":0,"1":0,"2":0,"3":0},"f":{},"b":{}}
,"D:\\vibe\\movie\\apps\\api\\src\\admin\\coupons\\dto\\update-coupon.dto.ts": {"path":"D:\\vibe\\movie\\apps\\api\\src\\admin\\coupons\\dto\\update-coupon.dto.ts","statementMap":{"0":{"start":{"line":1,"column":0},"end":{"line":1,"column":51}},"1":{"start":{"line":2,"column":0},"end":{"line":2,"column":54}},"2":{"start":{"line":4,"column":0},"end":{"line":4,"column":13}}},"fnMap":{},"branchMap":{},"s":{"0":0,"1":0,"2":0},"f":{},"b":{}}
,"D:\\vibe\\movie\\apps\\api\\src\\admin\\customers\\admin-customers.controller.ts": {"path":"D:\\vibe\\movie\\apps\\api\\src\\admin\\customers\\admin-customers.controller.ts","statementMap":{"0":{"start":{"line":1,"column":0},"end":{"line":1,"column":null}},"1":{"start":{"line":11,"column":0},"end":{"line":11,"column":66}},"2":{"start":{"line":12,"column":0},"end":{"line":12,"column":56}},"3":{"start":{"line":13,"column":0},"end":{"line":13,"column":53}},"4":{"start":{"line":14,"column":0},"end":{"line":14,"column":57}},"5":{"start":{"line":15,"column":0},"end":{"line":15,"column":52}},"6":{"start":{"line":19,"column":7},"end":{"line":68,"column":null}},"7":{"start":{"line":20,"column":31},"end":{"line":20,"column":40}},"8":{"start":{"line":30,"column":4},"end":{"line":40,"column":7}},"9":{"start":{"line":45,"column":4},"end":{"line":45,"column":35}},"10":{"start":{"line":53,"column":4},"end":{"line":53,"column":45}},"11":{"start":{"line":61,"column":4},"end":{"line":61,"column":44}},"12":{"start":{"line":66,"column":4},"end":{"line":66,"column":39}},"13":{"start":{"line":19,"column":13},"end":{"line":19,"column":37}},"14":{"start":{"line":23,"column":2},"end":{"line":41,"column":null}},"15":{"start":{"line":44,"column":2},"end":{"line":46,"column":null}},"16":{"start":{"line":49,"column":2},"end":{"line":54,"column":null}},"17":{"start":{"line":57,"column":2},"end":{"line":62,"column":null}},"18":{"start":{"line":65,"column":2},"end":{"line":67,"column":null}},"19":{"start":{"line":19,"column":13},"end":{"line":68,"column":null}}},"fnMap":{"0":{"name":"(anonymous_4)","decl":{"start":{"line":20,"column":2},"end":{"line":20,"column":31}},"loc":{"start":{"line":20,"column":61},"end":{"line":20,"column":65}}},"1":{"name":"(anonymous_5)","decl":{"start":{"line":23,"column":2},"end":{"line":23,"column":6}},"loc":{"start":{"line":28,"column":40},"end":{"line":41,"column":3}}},"2":{"name":"(anonymous_6)","decl":{"start":{"line":44,"column":2},"end":{"line":44,"column":8}},"loc":{"start":{"line":44,"column":46},"end":{"line":46,"column":3}}},"3":{"name":"(anonymous_7)","decl":{"start":{"line":49,"column":2},"end":{"line":49,"column":13}},"loc":{"start":{"line":51,"column":31},"end":{"line":54,"column":3}}},"4":{"name":"(anonymous_8)","decl":{"start":{"line":57,"column":2},"end":{"line":57,"column":12}},"loc":{"start":{"line":59,"column":30},"end":{"line":62,"column":3}}},"5":{"name":"(anonymous_9)","decl":{"start":{"line":65,"column":2},"end":{"line":65,"column":12}},"loc":{"start":{"line":65,"column":50},"end":{"line":67,"column":3}}}},"branchMap":{"0":{"loc":{"start":{"line":32,"column":18},"end":{"line":36,"column":19}},"type":"cond-expr","locations":[{"start":{"line":33,"column":10},"end":{"line":35,"column":24}},{"start":{"line":36,"column":10},"end":{"line":36,"column":19}}]},"1":{"loc":{"start":{"line":33,"column":10},"end":{"line":35,"column":24}},"type":"cond-expr","locations":[{"start":{"line":34,"column":12},"end":{"line":34,"column":22}},{"start":{"line":35,"column":12},"end":{"line":35,"column":24}}]},"2":{"loc":{"start":{"line":38,"column":12},"end":{"line":38,"column":49}},"type":"cond-expr","locations":[{"start":{"line":38,"column":19},"end":{"line":38,"column":37}},{"start":{"line":38,"column":40},"end":{"line":38,"column":49}}]},"3":{"loc":{"start":{"line":39,"column":16},"end":{"line":39,"column":61}},"type":"cond-expr","locations":[{"start":{"line":39,"column":27},"end":{"line":39,"column":49}},{"start":{"line":39,"column":52},"end":{"line":39,"column":61}}]},"4":{"loc":{"start":{"line":51,"column":17},"end":{"line":51,"column":null}},"type":"cond-expr","locations":[{"start":{"line":51,"column":31},"end":{"line":51,"column":null}},{"start":{"line":51,"column":31},"end":{"line":51,"column":null}}]},"5":{"loc":{"start":{"line":51,"column":17},"end":{"line":51,"column":31}},"type":"binary-expr","locations":[{"start":{"line":51,"column":17},"end":{"line":51,"column":null}},{"start":{"line":51,"column":17},"end":{"line":51,"column":31}}]},"6":{"loc":{"start":{"line":59,"column":17},"end":{"line":59,"column":null}},"type":"cond-expr","locations":[{"start":{"line":59,"column":30},"end":{"line":59,"column":null}},{"start":{"line":59,"column":30},"end":{"line":59,"column":null}}]},"7":{"loc":{"start":{"line":59,"column":17},"end":{"line":59,"column":30}},"type":"binary-expr","locations":[{"start":{"line":59,"column":17},"end":{"line":59,"column":null}},{"start":{"line":59,"column":17},"end":{"line":59,"column":30}}]},"8":{"loc":{"start":{"line":20,"column":40},"end":{"line":20,"column":64}},"type":"cond-expr","locations":[{"start":{"line":20,"column":61},"end":{"line":20,"column":64}},{"start":{"line":20,"column":61},"end":{"line":20,"column":64}}]},"9":{"loc":{"start":{"line":20,"column":40},"end":{"line":20,"column":61}},"type":"binary-expr","locations":[{"start":{"line":20,"column":40},"end":{"line":20,"column":64}},{"start":{"line":20,"column":40},"end":{"line":20,"column":61}}]}},"s":{"0":0,"1":0,"2":0,"3":0,"4":0,"5":0,"6":0,"7":0,"8":0,"9":0,"10":0,"11":0,"12":0,"13":0,"14":0,"15":0,"16":0,"17":0,"18":0,"19":0},"f":{"0":0,"1":0,"2":0,"3":0,"4":0,"5":0},"b":{"0":[0,0],"1":[0,0],"2":[0,0],"3":[0,0],"4":[0,0],"5":[0,0],"6":[0,0],"7":[0,0],"8":[0,0],"9":[0,0]}}
,"D:\\vibe\\movie\\apps\\api\\src\\admin\\customers\\admin-customers.service.ts": {"path":"D:\\vibe\\movie\\apps\\api\\src\\admin\\customers\\admin-customers.service.ts","statementMap":{"0":{"start":{"line":1,"column":0},"end":{"line":1,"column":null}},"1":{"start":{"line":7,"column":0},"end":{"line":7,"column":60}},"2":{"start":{"line":12,"column":7},"end":{"line":210,"column":null}},"3":{"start":{"line":13,"column":31},"end":{"line":13,"column":39}},"4":{"start":{"line":22,"column":17},"end":{"line":22,"column":33}},"5":{"start":{"line":23,"column":21},"end":{"line":23,"column":42}},"6":{"start":{"line":25,"column":23},"end":{"line":25,"column":25}},"7":{"start":{"line":27,"column":4},"end":{"line":32,"column":5}},"8":{"start":{"line":28,"column":6},"end":{"line":31,"column":8}},"9":{"start":{"line":34,"column":4},"end":{"line":36,"column":5}},"10":{"start":{"line":35,"column":6},"end":{"line":35,"column":66}},"11":{"start":{"line":38,"column":4},"end":{"line":40,"column":5}},"12":{"start":{"line":39,"column":6},"end":{"line":39,"column":28}},"13":{"start":{"line":42,"column":31},"end":{"line":61,"column":6}},"14":{"start":{"line":63,"column":4},"end":{"line":71,"column":6}},"15":{"start":{"line":75,"column":21},"end":{"line":113,"column":6}},"16":{"start":{"line":115,"column":4},"end":{"line":115,"column":65}},"17":{"start":{"line":115,"column":19},"end":{"line":115,"column":65}},"18":{"start":{"line":118,"column":6},"end":{"line":123,"column":8}},"19":{"start":{"line":125,"column":4},"end":{"line":128,"column":6}},"20":{"start":{"line":132,"column":4},"end":{"line":175,"column":7}},"21":{"start":{"line":133,"column":23},"end":{"line":136,"column":8}},"22":{"start":{"line":137,"column":6},"end":{"line":137,"column":67}},"23":{"start":{"line":137,"column":21},"end":{"line":137,"column":67}},"24":{"start":{"line":139,"column":23},"end":{"line":141,"column":8}},"25":{"start":{"line":142,"column":6},"end":{"line":142,"column":69}},"26":{"start":{"line":142,"column":21},"end":{"line":142,"column":69}},"27":{"start":{"line":144,"column":6},"end":{"line":146,"column":7}},"28":{"start":{"line":145,"column":8},"end":{"line":145,"column":55}},"29":{"start":{"line":148,"column":27},"end":{"line":148,"column":56}},"30":{"start":{"line":149,"column":27},"end":{"line":149,"column":40}},"31":{"start":{"line":151,"column":6},"end":{"line":154,"column":9}},"32":{"start":{"line":156,"column":20},"end":{"line":156,"column":54}},"33":{"start":{"line":157,"column":21},"end":{"line":157,"column":48}},"34":{"start":{"line":158,"column":21},"end":{"line":158,"column":48}},"35":{"start":{"line":159,"column":25},"end":{"line":159,"column":66}},"36":{"start":{"line":161,"column":6},"end":{"line":169,"column":9}},"37":{"start":{"line":171,"column":6},"end":{"line":174,"column":8}},"38":{"start":{"line":179,"column":21},"end":{"line":179,"column":77}},"39":{"start":{"line":180,"column":4},"end":{"line":180,"column":65}},"40":{"start":{"line":180,"column":19},"end":{"line":180,"column":65}},"41":{"start":{"line":181,"column":4},"end":{"line":181,"column":77}},"42":{"start":{"line":181,"column":28},"end":{"line":181,"column":77}},"43":{"start":{"line":182,"column":4},"end":{"line":182,"column":89}},"44":{"start":{"line":182,"column":35},"end":{"line":182,"column":89}},"45":{"start":{"line":184,"column":4},"end":{"line":192,"column":7}},"46":{"start":{"line":196,"column":21},"end":{"line":196,"column":77}},"47":{"start":{"line":197,"column":4},"end":{"line":197,"column":65}},"48":{"start":{"line":197,"column":19},"end":{"line":197,"column":65}},"49":{"start":{"line":198,"column":4},"end":{"line":198,"column":75}},"50":{"start":{"line":198,"column":27},"end":{"line":198,"column":75}},"51":{"start":{"line":200,"column":4},"end":{"line":208,"column":7}},"52":{"start":{"line":12,"column":13},"end":{"line":12,"column":34}},"53":{"start":{"line":12,"column":13},"end":{"line":210,"column":null}}},"fnMap":{"0":{"name":"(anonymous_2)","decl":{"start":{"line":13,"column":2},"end":{"line":13,"column":31}},"loc":{"start":{"line":13,"column":52},"end":{"line":13,"column":56}}},"1":{"name":"(anonymous_3)","decl":{"start":{"line":15,"column":2},"end":{"line":15,"column":7}},"loc":{"start":{"line":21,"column":3},"end":{"line":72,"column":3}}},"2":{"name":"(anonymous_4)","decl":{"start":{"line":74,"column":2},"end":{"line":74,"column":7}},"loc":{"start":{"line":74,"column":25},"end":{"line":129,"column":3}}},"3":{"name":"(anonymous_5)","decl":{"start":{"line":131,"column":2},"end":{"line":131,"column":7}},"loc":{"start":{"line":131,"column":51},"end":{"line":176,"column":3}}},"4":{"name":"(anonymous_6)","decl":{"start":{"line":132,"column":36},"end":{"line":132,"column":41}},"loc":{"start":{"line":132,"column":49},"end":{"line":175,"column":5}}},"5":{"name":"(anonymous_7)","decl":{"start":{"line":178,"column":2},"end":{"line":178,"column":7}},"loc":{"start":{"line":178,"column":49},"end":{"line":193,"column":3}}},"6":{"name":"(anonymous_8)","decl":{"start":{"line":195,"column":2},"end":{"line":195,"column":7}},"loc":{"start":{"line":195,"column":29},"end":{"line":209,"column":3}}}},"branchMap":{"0":{"loc":{"start":{"line":22,"column":17},"end":{"line":22,"column":33}},"type":"binary-expr","locations":[{"start":{"line":22,"column":17},"end":{"line":22,"column":28}},{"start":{"line":22,"column":32},"end":{"line":22,"column":33}}]},"1":{"loc":{"start":{"line":23,"column":21},"end":{"line":23,"column":42}},"type":"binary-expr","locations":[{"start":{"line":23,"column":21},"end":{"line":23,"column":36}},{"start":{"line":23,"column":40},"end":{"line":23,"column":42}}]},"2":{"loc":{"start":{"line":27,"column":4},"end":{"line":32,"column":5}},"type":"if","locations":[{"start":{"line":27,"column":4},"end":{"line":32,"column":5}},{"start":{},"end":{}}]},"3":{"loc":{"start":{"line":34,"column":4},"end":{"line":36,"column":5}},"type":"if","locations":[{"start":{"line":34,"column":4},"end":{"line":36,"column":5}},{"start":{},"end":{}}]},"4":{"loc":{"start":{"line":38,"column":4},"end":{"line":40,"column":5}},"type":"if","locations":[{"start":{"line":38,"column":4},"end":{"line":40,"column":5}},{"start":{},"end":{}}]},"5":{"loc":{"start":{"line":115,"column":4},"end":{"line":115,"column":65}},"type":"if","locations":[{"start":{"line":115,"column":4},"end":{"line":115,"column":65}},{"start":{},"end":{}}]},"6":{"loc":{"start":{"line":137,"column":6},"end":{"line":137,"column":67}},"type":"if","locations":[{"start":{"line":137,"column":6},"end":{"line":137,"column":67}},{"start":{},"end":{}}]},"7":{"loc":{"start":{"line":142,"column":6},"end":{"line":142,"column":69}},"type":"if","locations":[{"start":{"line":142,"column":6},"end":{"line":142,"column":69}},{"start":{},"end":{}}]},"8":{"loc":{"start":{"line":144,"column":6},"end":{"line":146,"column":7}},"type":"if","locations":[{"start":{"line":144,"column":6},"end":{"line":146,"column":7}},{"start":{},"end":{}}]},"9":{"loc":{"start":{"line":159,"column":25},"end":{"line":159,"column":66}},"type":"cond-expr","locations":[{"start":{"line":159,"column":43},"end":{"line":159,"column":52}},{"start":{"line":159,"column":55},"end":{"line":159,"column":66}}]},"10":{"loc":{"start":{"line":180,"column":4},"end":{"line":180,"column":65}},"type":"if","locations":[{"start":{"line":180,"column":4},"end":{"line":180,"column":65}},{"start":{},"end":{}}]},"11":{"loc":{"start":{"line":181,"column":4},"end":{"line":181,"column":77}},"type":"if","locations":[{"start":{"line":181,"column":4},"end":{"line":181,"column":77}},{"start":{},"end":{}}]},"12":{"loc":{"start":{"line":182,"column":4},"end":{"line":182,"column":89}},"type":"if","locations":[{"start":{"line":182,"column":4},"end":{"line":182,"column":89}},{"start":{},"end":{}}]},"13":{"loc":{"start":{"line":190,"column":26},"end":{"line":190,"column":48}},"type":"binary-expr","locations":[{"start":{"line":190,"column":26},"end":{"line":190,"column":36}},{"start":{"line":190,"column":40},"end":{"line":190,"column":48}}]},"14":{"loc":{"start":{"line":197,"column":4},"end":{"line":197,"column":65}},"type":"if","locations":[{"start":{"line":197,"column":4},"end":{"line":197,"column":65}},{"start":{},"end":{}}]},"15":{"loc":{"start":{"line":198,"column":4},"end":{"line":198,"column":75}},"type":"if","locations":[{"start":{"line":198,"column":4},"end":{"line":198,"column":75}},{"start":{},"end":{}}]},"16":{"loc":{"start":{"line":13,"column":39},"end":{"line":13,"column":55}},"type":"cond-expr","locations":[{"start":{"line":13,"column":52},"end":{"line":13,"column":55}},{"start":{"line":13,"column":52},"end":{"line":13,"column":55}}]},"17":{"loc":{"start":{"line":13,"column":39},"end":{"line":13,"column":52}},"type":"binary-expr","locations":[{"start":{"line":13,"column":39},"end":{"line":13,"column":55}},{"start":{"line":13,"column":39},"end":{"line":13,"column":52}}]}},"s":{"0":0,"1":0,"2":0,"3":0,"4":0,"5":0,"6":0,"7":0,"8":0,"9":0,"10":0,"11":0,"12":0,"13":0,"14":0,"15":0,"16":0,"17":0,"18":0,"19":0,"20":0,"21":0,"22":0,"23":0,"24":0,"25":0,"26":0,"27":0,"28":0,"29":0,"30":0,"31":0,"32":0,"33":0,"34":0,"35":0,"36":0,"37":0,"38":0,"39":0,"40":0,"41":0,"42":0,"43":0,"44":0,"45":0,"46":0,"47":0,"48":0,"49":0,"50":0,"51":0,"52":0,"53":0},"f":{"0":0,"1":0,"2":0,"3":0,"4":0,"5":0,"6":0},"b":{"0":[0,0],"1":[0,0],"2":[0,0],"3":[0,0],"4":[0,0],"5":[0,0],"6":[0,0],"7":[0,0],"8":[0,0],"9":[0,0],"10":[0,0],"11":[0,0],"12":[0,0],"13":[0,0],"14":[0,0],"15":[0,0],"16":[0,0],"17":[0,0]}}
,"D:\\vibe\\movie\\apps\\api\\src\\admin\\customers\\dto\\change-grade.dto.ts": {"path":"D:\\vibe\\movie\\apps\\api\\src\\admin\\customers\\dto\\change-grade.dto.ts","statementMap":{"0":{"start":{"line":1,"column":0},"end":{"line":1,"column":78}},"1":{"start":{"line":3,"column":0},"end":{"line":3,"column":13}},"2":{"start":{"line":6,"column":2},"end":{"line":6,"column":null}},"3":{"start":{"line":11,"column":2},"end":{"line":11,"column":null}}},"fnMap":{},"branchMap":{},"s":{"0":0,"1":0,"2":0,"3":0},"f":{},"b":{}}
,"D:\\vibe\\movie\\apps\\api\\src\\admin\\customers\\dto\\deactivate.dto.ts": {"path":"D:\\vibe\\movie\\apps\\api\\src\\admin\\customers\\dto\\deactivate.dto.ts","statementMap":{"0":{"start":{"line":1,"column":0},"end":{"line":1,"column":55}},"1":{"start":{"line":3,"column":0},"end":{"line":3,"column":13}},"2":{"start":{"line":6,"column":2},"end":{"line":6,"column":null}}},"fnMap":{},"branchMap":{},"s":{"0":0,"1":0,"2":0},"f":{},"b":{}}
,"D:\\vibe\\movie\\apps\\api\\src\\admin\\dashboard\\admin-dashboard.controller.ts": {"path":"D:\\vibe\\movie\\apps\\api\\src\\admin\\dashboard\\admin-dashboard.controller.ts","statementMap":{"0":{"start":{"line":1,"column":0},"end":{"line":1,"column":67}},"1":{"start":{"line":2,"column":0},"end":{"line":2,"column":57}},"2":{"start":{"line":3,"column":0},"end":{"line":3,"column":52}},"3":{"start":{"line":4,"column":0},"end":{"line":4,"column":66}},"4":{"start":{"line":9,"column":2},"end":{"line":9,"column":42}},"5":{"start":{"line":9,"column":33},"end":{"line":9,"column":42}},"6":{"start":{"line":10,"column":2},"end":{"line":10,"column":15}},"7":{"start":{"line":15,"column":7},"end":{"line":66,"column":null}},"8":{"start":{"line":16,"column":31},"end":{"line":16,"column":40}},"9":{"start":{"line":20,"column":4},"end":{"line":20,"column":52}},"10":{"start":{"line":25,"column":4},"end":{"line":25,"column":59}},"11":{"start":{"line":30,"column":4},"end":{"line":30,"column":47}},"12":{"start":{"line":38,"column":17},"end":{"line":38,"column":78}},"13":{"start":{"line":39,"column":4},"end":{"line":39,"column":68}},"14":{"start":{"line":44,"column":4},"end":{"line":44,"column":63}},"15":{"start":{"line":49,"column":4},"end":{"line":49,"column":62}},"16":{"start":{"line":54,"column":4},"end":{"line":54,"column":60}},"17":{"start":{"line":59,"column":4},"end":{"line":59,"column":62}},"18":{"start":{"line":64,"column":4},"end":{"line":64,"column":61}},"19":{"start":{"line":15,"column":13},"end":{"line":15,"column":37}},"20":{"start":{"line":19,"column":2},"end":{"line":21,"column":null}},"21":{"start":{"line":24,"column":2},"end":{"line":26,"column":null}},"22":{"start":{"line":29,"column":2},"end":{"line":31,"column":null}},"23":{"start":{"line":34,"column":2},"end":{"line":40,"column":null}},"24":{"start":{"line":43,"column":2},"end":{"line":45,"column":null}},"25":{"start":{"line":48,"column":2},"end":{"line":50,"column":null}},"26":{"start":{"line":53,"column":2},"end":{"line":55,"column":null}},"27":{"start":{"line":58,"column":2},"end":{"line":60,"column":null}},"28":{"start":{"line":63,"column":2},"end":{"line":65,"column":null}},"29":{"start":{"line":15,"column":13},"end":{"line":66,"column":null}}},"fnMap":{"0":{"name":"parsePeriod","decl":{"start":{"line":8,"column":9},"end":{"line":8,"column":20}},"loc":{"start":{"line":8,"column":31},"end":{"line":11,"column":1}}},"1":{"name":"(anonymous_5)","decl":{"start":{"line":16,"column":2},"end":{"line":16,"column":31}},"loc":{"start":{"line":16,"column":61},"end":{"line":16,"column":65}}},"2":{"name":"(anonymous_6)","decl":{"start":{"line":19,"column":2},"end":{"line":19,"column":5}},"loc":{"start":{"line":19,"column":38},"end":{"line":21,"column":3}}},"3":{"name":"(anonymous_7)","decl":{"start":{"line":24,"column":2},"end":{"line":24,"column":12}},"loc":{"start":{"line":24,"column":45},"end":{"line":26,"column":3}}},"4":{"name":"(anonymous_8)","decl":{"start":{"line":29,"column":2},"end":{"line":29,"column":19}},"loc":{"start":{"line":29,"column":19},"end":{"line":31,"column":3}}},"5":{"name":"(anonymous_9)","decl":{"start":{"line":34,"column":2},"end":{"line":34,"column":15}},"loc":{"start":{"line":36,"column":30},"end":{"line":40,"column":3}}},"6":{"name":"(anonymous_10)","decl":{"start":{"line":43,"column":2},"end":{"line":43,"column":16}},"loc":{"start":{"line":43,"column":49},"end":{"line":45,"column":3}}},"7":{"name":"(anonymous_11)","decl":{"start":{"line":48,"column":2},"end":{"line":48,"column":15}},"loc":{"start":{"line":48,"column":48},"end":{"line":50,"column":3}}},"8":{"name":"(anonymous_12)","decl":{"start":{"line":53,"column":2},"end":{"line":53,"column":13}},"loc":{"start":{"line":53,"column":46},"end":{"line":55,"column":3}}},"9":{"name":"(anonymous_13)","decl":{"start":{"line":58,"column":2},"end":{"line":58,"column":15}},"loc":{"start":{"line":58,"column":48},"end":{"line":60,"column":3}}},"10":{"name":"(anonymous_14)","decl":{"start":{"line":63,"column":2},"end":{"line":63,"column":14}},"loc":{"start":{"line":63,"column":47},"end":{"line":65,"column":3}}}},"branchMap":{"0":{"loc":{"start":{"line":9,"column":2},"end":{"line":9,"column":42}},"type":"if","locations":[{"start":{"line":9,"column":2},"end":{"line":9,"column":42}},{"start":{},"end":{}}]},"1":{"loc":{"start":{"line":9,"column":6},"end":{"line":9,"column":31}},"type":"binary-expr","locations":[{"start":{"line":9,"column":6},"end":{"line":9,"column":16}},{"start":{"line":9,"column":20},"end":{"line":9,"column":31}}]},"2":{"loc":{"start":{"line":38,"column":17},"end":{"line":38,"column":78}},"type":"cond-expr","locations":[{"start":{"line":38,"column":23},"end":{"line":38,"column":73}},{"start":{"line":38,"column":76},"end":{"line":38,"column":78}}]},"3":{"loc":{"start":{"line":38,"column":48},"end":{"line":38,"column":71}},"type":"binary-expr","locations":[{"start":{"line":38,"column":48},"end":{"line":38,"column":65}},{"start":{"line":38,"column":69},"end":{"line":38,"column":71}}]},"4":{"loc":{"start":{"line":16,"column":40},"end":{"line":16,"column":64}},"type":"cond-expr","locations":[{"start":{"line":16,"column":61},"end":{"line":16,"column":64}},{"start":{"line":16,"column":61},"end":{"line":16,"column":64}}]},"5":{"loc":{"start":{"line":16,"column":40},"end":{"line":16,"column":61}},"type":"binary-expr","locations":[{"start":{"line":16,"column":40},"end":{"line":16,"column":64}},{"start":{"line":16,"column":40},"end":{"line":16,"column":61}}]}},"s":{"0":0,"1":0,"2":0,"3":0,"4":0,"5":0,"6":0,"7":0,"8":0,"9":0,"10":0,"11":0,"12":0,"13":0,"14":0,"15":0,"16":0,"17":0,"18":0,"19":0,"20":0,"21":0,"22":0,"23":0,"24":0,"25":0,"26":0,"27":0,"28":0,"29":0},"f":{"0":0,"1":0,"2":0,"3":0,"4":0,"5":0,"6":0,"7":0,"8":0,"9":0,"10":0},"b":{"0":[0,0],"1":[0,0],"2":[0,0],"3":[0,0],"4":[0,0],"5":[0,0]}}
,"D:\\vibe\\movie\\apps\\api\\src\\admin\\dashboard\\admin-dashboard.service.ts": {"path":"D:\\vibe\\movie\\apps\\api\\src\\admin\\dashboard\\admin-dashboard.service.ts","statementMap":{"0":{"start":{"line":1,"column":0},"end":{"line":1,"column":44}},"1":{"start":{"line":2,"column":0},"end":{"line":2,"column":60}},"2":{"start":{"line":7,"column":7},"end":{"line":294,"column":null}},"3":{"start":{"line":8,"column":31},"end":{"line":8,"column":39}},"4":{"start":{"line":11,"column":17},"end":{"line":11,"column":65}},"5":{"start":{"line":12,"column":16},"end":{"line":12,"column":26}},"6":{"start":{"line":13,"column":18},"end":{"line":13,"column":61}},"7":{"start":{"line":14,"column":4},"end":{"line":14,"column":32}},"8":{"start":{"line":18,"column":27},"end":{"line":18,"column":54}},"9":{"start":{"line":21,"column":6},"end":{"line":36,"column":8}},"10":{"start":{"line":38,"column":25},"end":{"line":38,"column":57}},"11":{"start":{"line":39,"column":4},"end":{"line":45,"column":6}},"12":{"start":{"line":49,"column":33},"end":{"line":49,"column":60}},"13":{"start":{"line":51,"column":17},"end":{"line":64,"column":6}},"14":{"start":{"line":66,"column":19},"end":{"line":66,"column":56}},"15":{"start":{"line":66,"column":43},"end":{"line":66,"column":54}},"16":{"start":{"line":69,"column":4},"end":{"line":78,"column":7}},"17":{"start":{"line":70,"column":16},"end":{"line":70,"column":69}},"18":{"start":{"line":71,"column":22},"end":{"line":71,"column":50}},"19":{"start":{"line":72,"column":18},"end":{"line":72,"column":37}},"20":{"start":{"line":73,"column":6},"end":{"line":77,"column":8}},"21":{"start":{"line":82,"column":30},"end":{"line":89,"column":6}},"22":{"start":{"line":91,"column":21},"end":{"line":91,"column":76}},"23":{"start":{"line":91,"column":48},"end":{"line":91,"column":74}},"24":{"start":{"line":92,"column":4},"end":{"line":97,"column":8}},"25":{"start":{"line":92,"column":30},"end":{"line":97,"column":6}},"26":{"start":{"line":101,"column":27},"end":{"line":101,"column":54}},"27":{"start":{"line":103,"column":25},"end":{"line":113,"column":6}},"28":{"start":{"line":115,"column":16},"end":{"line":115,"column":81}},"29":{"start":{"line":116,"column":4},"end":{"line":122,"column":5}},"30":{"start":{"line":117,"column":20},"end":{"line":117,"column":37}},"31":{"start":{"line":118,"column":20},"end":{"line":118,"column":72}},"32":{"start":{"line":119,"column":6},"end":{"line":119,"column":37}},"33":{"start":{"line":120,"column":6},"end":{"line":120,"column":23}},"34":{"start":{"line":121,"column":6},"end":{"line":121,"column":31}},"35":{"start":{"line":124,"column":4},"end":{"line":127,"column":89}},"36":{"start":{"line":125,"column":22},"end":{"line":125,"column":43}},"37":{"start":{"line":127,"column":43},"end":{"line":127,"column":86}},"38":{"start":{"line":131,"column":27},"end":{"line":131,"column":54}},"39":{"start":{"line":133,"column":25},"end":{"line":147,"column":6}},"40":{"start":{"line":149,"column":16},"end":{"line":149,"column":82}},"41":{"start":{"line":150,"column":4},"end":{"line":156,"column":5}},"42":{"start":{"line":151,"column":21},"end":{"line":151,"column":46}},"43":{"start":{"line":152,"column":20},"end":{"line":152,"column":74}},"44":{"start":{"line":153,"column":6},"end":{"line":153,"column":37}},"45":{"start":{"line":154,"column":6},"end":{"line":154,"column":23}},"46":{"start":{"line":155,"column":6},"end":{"line":155,"column":32}},"47":{"start":{"line":158,"column":4},"end":{"line":160,"column":91}},"48":{"start":{"line":159,"column":22},"end":{"line":159,"column":43}},"49":{"start":{"line":160,"column":44},"end":{"line":160,"column":88}},"50":{"start":{"line":164,"column":27},"end":{"line":164,"column":54}},"51":{"start":{"line":167,"column":17},"end":{"line":191,"column":6}},"52":{"start":{"line":193,"column":4},"end":{"line":209,"column":7}},"53":{"start":{"line":194,"column":29},"end":{"line":194,"column":54}},"54":{"start":{"line":195,"column":28},"end":{"line":195,"column":52}},"55":{"start":{"line":196,"column":28},"end":{"line":196,"column":71}},"56":{"start":{"line":197,"column":6},"end":{"line":208,"column":8}},"57":{"start":{"line":213,"column":27},"end":{"line":213,"column":54}},"58":{"start":{"line":215,"column":20},"end":{"line":219,"column":6}},"59":{"start":{"line":221,"column":18},"end":{"line":221,"column":64}},"60":{"start":{"line":221,"column":43},"end":{"line":221,"column":60}},"61":{"start":{"line":222,"column":21},"end":{"line":223,"column":64}},"62":{"start":{"line":223,"column":6},"end":{"line":223,"column":64}},"63":{"start":{"line":223,"column":26},"end":{"line":223,"column":45}},"64":{"start":{"line":225,"column":4},"end":{"line":231,"column":6}},"65":{"start":{"line":235,"column":27},"end":{"line":235,"column":54}},"66":{"start":{"line":237,"column":17},"end":{"line":249,"column":6}},"67":{"start":{"line":252,"column":29},"end":{"line":252,"column":79}},"68":{"start":{"line":252,"column":61},"end":{"line":252,"column":78}},"69":{"start":{"line":253,"column":4},"end":{"line":255,"column":5}},"70":{"start":{"line":254,"column":6},"end":{"line":254,"column":44}},"71":{"start":{"line":256,"column":4},"end":{"line":256,"column":16}},"72":{"start":{"line":260,"column":27},"end":{"line":260,"column":54}},"73":{"start":{"line":262,"column":19},"end":{"line":276,"column":6}},"74":{"start":{"line":278,"column":16},"end":{"line":278,"column":null}},"75":{"start":{"line":282,"column":4},"end":{"line":288,"column":5}},"76":{"start":{"line":283,"column":17},"end":{"line":283,"column":34}},"77":{"start":{"line":284,"column":20},"end":{"line":284,"column":81}},"78":{"start":{"line":285,"column":6},"end":{"line":285,"column":23}},"79":{"start":{"line":286,"column":6},"end":{"line":286,"column":46}},"80":{"start":{"line":287,"column":6},"end":{"line":287,"column":28}},"81":{"start":{"line":290,"column":4},"end":{"line":292,"column":87}},"82":{"start":{"line":291,"column":22},"end":{"line":291,"column":39}},"83":{"start":{"line":292,"column":51},"end":{"line":292,"column":84}},"84":{"start":{"line":7,"column":13},"end":{"line":7,"column":34}},"85":{"start":{"line":7,"column":13},"end":{"line":294,"column":null}}},"fnMap":{"0":{"name":"(anonymous_2)","decl":{"start":{"line":8,"column":2},"end":{"line":8,"column":31}},"loc":{"start":{"line":8,"column":52},"end":{"line":8,"column":56}}},"1":{"name":"(anonymous_3)","decl":{"start":{"line":10,"column":10},"end":{"line":10,"column":24}},"loc":{"start":{"line":10,"column":39},"end":{"line":15,"column":3}}},"2":{"name":"(anonymous_4)","decl":{"start":{"line":17,"column":2},"end":{"line":17,"column":7}},"loc":{"start":{"line":17,"column":29},"end":{"line":46,"column":3}}},"3":{"name":"(anonymous_5)","decl":{"start":{"line":48,"column":2},"end":{"line":48,"column":7}},"loc":{"start":{"line":48,"column":36},"end":{"line":79,"column":3}}},"4":{"name":"(anonymous_6)","decl":{"start":{"line":66,"column":36},"end":{"line":66,"column":37}},"loc":{"start":{"line":66,"column":43},"end":{"line":66,"column":54}}},"5":{"name":"(anonymous_7)","decl":{"start":{"line":69,"column":40},"end":{"line":69,"column":41}},"loc":{"start":{"line":69,"column":49},"end":{"line":78,"column":5}}},"6":{"name":"(anonymous_8)","decl":{"start":{"line":81,"column":2},"end":{"line":81,"column":7}},"loc":{"start":{"line":81,"column":28},"end":{"line":98,"column":3}}},"7":{"name":"(anonymous_9)","decl":{"start":{"line":91,"column":41},"end":{"line":91,"column":42}},"loc":{"start":{"line":91,"column":48},"end":{"line":91,"column":74}}},"8":{"name":"(anonymous_10)","decl":{"start":{"line":92,"column":22},"end":{"line":92,"column":23}},"loc":{"start":{"line":92,"column":30},"end":{"line":97,"column":6}}},"9":{"name":"(anonymous_11)","decl":{"start":{"line":100,"column":2},"end":{"line":100,"column":7}},"loc":{"start":{"line":100,"column":52},"end":{"line":128,"column":3}}},"10":{"name":"(anonymous_12)","decl":{"start":{"line":125,"column":12},"end":{"line":125,"column":13}},"loc":{"start":{"line":125,"column":22},"end":{"line":125,"column":43}}},"11":{"name":"(anonymous_13)","decl":{"start":{"line":127,"column":11},"end":{"line":127,"column":12}},"loc":{"start":{"line":127,"column":43},"end":{"line":127,"column":86}}},"12":{"name":"(anonymous_14)","decl":{"start":{"line":130,"column":2},"end":{"line":130,"column":7}},"loc":{"start":{"line":130,"column":40},"end":{"line":161,"column":3}}},"13":{"name":"(anonymous_15)","decl":{"start":{"line":159,"column":12},"end":{"line":159,"column":13}},"loc":{"start":{"line":159,"column":22},"end":{"line":159,"column":43}}},"14":{"name":"(anonymous_16)","decl":{"start":{"line":160,"column":11},"end":{"line":160,"column":12}},"loc":{"start":{"line":160,"column":44},"end":{"line":160,"column":88}}},"15":{"name":"(anonymous_17)","decl":{"start":{"line":163,"column":2},"end":{"line":163,"column":7}},"loc":{"start":{"line":163,"column":39},"end":{"line":210,"column":3}}},"16":{"name":"(anonymous_18)","decl":{"start":{"line":193,"column":20},"end":{"line":193,"column":21}},"loc":{"start":{"line":193,"column":26},"end":{"line":209,"column":5}}},"17":{"name":"(anonymous_19)","decl":{"start":{"line":212,"column":2},"end":{"line":212,"column":7}},"loc":{"start":{"line":212,"column":37},"end":{"line":232,"column":3}}},"18":{"name":"(anonymous_20)","decl":{"start":{"line":221,"column":33},"end":{"line":221,"column":34}},"loc":{"start":{"line":221,"column":43},"end":{"line":221,"column":60}}},"19":{"name":"(anonymous_21)","decl":{"start":{"line":222,"column":21},"end":{"line":222,"column":22}},"loc":{"start":{"line":223,"column":6},"end":{"line":223,"column":64}}},"20":{"name":"(anonymous_22)","decl":{"start":{"line":223,"column":19},"end":{"line":223,"column":20}},"loc":{"start":{"line":223,"column":26},"end":{"line":223,"column":45}}},"21":{"name":"(anonymous_23)","decl":{"start":{"line":234,"column":2},"end":{"line":234,"column":7}},"loc":{"start":{"line":234,"column":39},"end":{"line":257,"column":3}}},"22":{"name":"(anonymous_24)","decl":{"start":{"line":252,"column":55},"end":{"line":252,"column":58}},"loc":{"start":{"line":252,"column":61},"end":{"line":252,"column":78}}},"23":{"name":"(anonymous_25)","decl":{"start":{"line":259,"column":2},"end":{"line":259,"column":7}},"loc":{"start":{"line":259,"column":38},"end":{"line":293,"column":3}}},"24":{"name":"(anonymous_26)","decl":{"start":{"line":291,"column":12},"end":{"line":291,"column":13}},"loc":{"start":{"line":291,"column":22},"end":{"line":291,"column":39}}},"25":{"name":"(anonymous_27)","decl":{"start":{"line":292,"column":11},"end":{"line":292,"column":12}},"loc":{"start":{"line":292,"column":51},"end":{"line":292,"column":84}}}},"branchMap":{"0":{"loc":{"start":{"line":11,"column":17},"end":{"line":11,"column":65}},"type":"cond-expr","locations":[{"start":{"line":11,"column":35},"end":{"line":11,"column":36}},{"start":{"line":11,"column":39},"end":{"line":11,"column":65}}]},"1":{"loc":{"start":{"line":11,"column":39},"end":{"line":11,"column":65}},"type":"cond-expr","locations":[{"start":{"line":11,"column":58},"end":{"line":11,"column":60}},{"start":{"line":11,"column":63},"end":{"line":11,"column":65}}]},"2":{"loc":{"start":{"line":38,"column":25},"end":{"line":38,"column":57}},"type":"binary-expr","locations":[{"start":{"line":38,"column":25},"end":{"line":38,"column":52}},{"start":{"line":38,"column":56},"end":{"line":38,"column":57}}]},"3":{"loc":{"start":{"line":44,"column":21},"end":{"line":44,"column":91}},"type":"cond-expr","locations":[{"start":{"line":44,"column":44},"end":{"line":44,"column":87}},{"start":{"line":44,"column":90},"end":{"line":44,"column":91}}]},"4":{"loc":{"start":{"line":75,"column":24},"end":{"line":75,"column":41}},"type":"binary-expr","locations":[{"start":{"line":75,"column":24},"end":{"line":75,"column":36}},{"start":{"line":75,"column":40},"end":{"line":75,"column":41}}]},"5":{"loc":{"start":{"line":76,"column":22},"end":{"line":76,"column":37}},"type":"binary-expr","locations":[{"start":{"line":76,"column":22},"end":{"line":76,"column":32}},{"start":{"line":76,"column":36},"end":{"line":76,"column":37}}]},"6":{"loc":{"start":{"line":95,"column":13},"end":{"line":95,"column":36}},"type":"binary-expr","locations":[{"start":{"line":95,"column":13},"end":{"line":95,"column":31}},{"start":{"line":95,"column":35},"end":{"line":95,"column":36}}]},"7":{"loc":{"start":{"line":118,"column":20},"end":{"line":118,"column":72}},"type":"binary-expr","locations":[{"start":{"line":118,"column":20},"end":{"line":118,"column":37}},{"start":{"line":118,"column":41},"end":{"line":118,"column":72}}]},"8":{"loc":{"start":{"line":152,"column":20},"end":{"line":152,"column":74}},"type":"binary-expr","locations":[{"start":{"line":152,"column":20},"end":{"line":152,"column":38}},{"start":{"line":152,"column":42},"end":{"line":152,"column":74}}]},"9":{"loc":{"start":{"line":205,"column":10},"end":{"line":207,"column":15}},"type":"cond-expr","locations":[{"start":{"line":206,"column":14},"end":{"line":206,"column":78}},{"start":{"line":207,"column":14},"end":{"line":207,"column":15}}]},"10":{"loc":{"start":{"line":223,"column":6},"end":{"line":223,"column":64}},"type":"binary-expr","locations":[{"start":{"line":223,"column":6},"end":{"line":223,"column":59}},{"start":{"line":223,"column":63},"end":{"line":223,"column":64}}]},"11":{"loc":{"start":{"line":230,"column":17},"end":{"line":230,"column":77}},"type":"cond-expr","locations":[{"start":{"line":230,"column":29},"end":{"line":230,"column":73}},{"start":{"line":230,"column":76},"end":{"line":230,"column":77}}]},"12":{"loc":{"start":{"line":284,"column":20},"end":{"line":284,"column":81}},"type":"binary-expr","locations":[{"start":{"line":284,"column":20},"end":{"line":284,"column":34}},{"start":{"line":284,"column":38},"end":{"line":284,"column":81}}]},"13":{"loc":{"start":{"line":8,"column":39},"end":{"line":8,"column":55}},"type":"cond-expr","locations":[{"start":{"line":8,"column":52},"end":{"line":8,"column":55}},{"start":{"line":8,"column":52},"end":{"line":8,"column":55}}]},"14":{"loc":{"start":{"line":8,"column":39},"end":{"line":8,"column":52}},"type":"binary-expr","locations":[{"start":{"line":8,"column":39},"end":{"line":8,"column":55}},{"start":{"line":8,"column":39},"end":{"line":8,"column":52}}]}},"s":{"0":0,"1":0,"2":0,"3":0,"4":0,"5":0,"6":0,"7":0,"8":0,"9":0,"10":0,"11":0,"12":0,"13":0,"14":0,"15":0,"16":0,"17":0,"18":0,"19":0,"20":0,"21":0,"22":0,"23":0,"24":0,"25":0,"26":0,"27":0,"28":0,"29":0,"30":0,"31":0,"32":0,"33":0,"34":0,"35":0,"36":0,"37":0,"38":0,"39":0,"40":0,"41":0,"42":0,"43":0,"44":0,"45":0,"46":0,"47":0,"48":0,"49":0,"50":0,"51":0,"52":0,"53":0,"54":0,"55":0,"56":0,"57":0,"58":0,"59":0,"60":0,"61":0,"62":0,"63":0,"64":0,"65":0,"66":0,"67":0,"68":0,"69":0,"70":0,"71":0,"72":0,"73":0,"74":0,"75":0,"76":0,"77":0,"78":0,"79":0,"80":0,"81":0,"82":0,"83":0,"84":0,"85":0},"f":{"0":0,"1":0,"2":0,"3":0,"4":0,"5":0,"6":0,"7":0,"8":0,"9":0,"10":0,"11":0,"12":0,"13":0,"14":0,"15":0,"16":0,"17":0,"18":0,"19":0,"20":0,"21":0,"22":0,"23":0,"24":0,"25":0},"b":{"0":[0,0],"1":[0,0],"2":[0,0],"3":[0,0],"4":[0,0],"5":[0,0],"6":[0,0],"7":[0,0],"8":[0,0],"9":[0,0],"10":[0,0],"11":[0,0],"12":[0,0],"13":[0,0],"14":[0,0]}}
,"D:\\vibe\\movie\\apps\\api\\src\\admin\\events\\admin-events.controller.ts": {"path":"D:\\vibe\\movie\\apps\\api\\src\\admin\\events\\admin-events.controller.ts","statementMap":{"0":{"start":{"line":1,"column":0},"end":{"line":1,"column":null}},"1":{"start":{"line":9,"column":0},"end":{"line":9,"column":57}},"2":{"start":{"line":10,"column":0},"end":{"line":10,"column":52}},"3":{"start":{"line":11,"column":0},"end":{"line":11,"column":60}},"4":{"start":{"line":12,"column":0},"end":{"line":12,"column":60}},"5":{"start":{"line":16,"column":7},"end":{"line":49,"column":null}},"6":{"start":{"line":18,"column":21},"end":{"line":18,"column":29}},"7":{"start":{"line":19,"column":21},"end":{"line":19,"column":36}},"8":{"start":{"line":24,"column":4},"end":{"line":30,"column":7}},"9":{"start":{"line":35,"column":4},"end":{"line":42,"column":7}},"10":{"start":{"line":47,"column":4},"end":{"line":47,"column":46}},"11":{"start":{"line":16,"column":13},"end":{"line":16,"column":34}},"12":{"start":{"line":23,"column":2},"end":{"line":31,"column":null}},"13":{"start":{"line":34,"column":2},"end":{"line":43,"column":null}},"14":{"start":{"line":46,"column":2},"end":{"line":48,"column":null}},"15":{"start":{"line":16,"column":13},"end":{"line":49,"column":null}}},"fnMap":{"0":{"name":"(anonymous_4)","decl":{"start":{"line":17,"column":2},"end":{"line":17,"column":null}},"loc":{"start":{"line":19,"column":49},"end":{"line":20,"column":6}}},"1":{"name":"(anonymous_5)","decl":{"start":{"line":23,"column":2},"end":{"line":23,"column":6}},"loc":{"start":{"line":23,"column":6},"end":{"line":31,"column":3}}},"2":{"name":"(anonymous_6)","decl":{"start":{"line":34,"column":2},"end":{"line":34,"column":17}},"loc":{"start":{"line":34,"column":55},"end":{"line":43,"column":3}}},"3":{"name":"(anonymous_7)","decl":{"start":{"line":46,"column":2},"end":{"line":46,"column":6}},"loc":{"start":{"line":46,"column":44},"end":{"line":48,"column":3}}}},"branchMap":{"0":{"loc":{"start":{"line":18,"column":29},"end":{"line":18,"column":null}},"type":"cond-expr","locations":[{"start":{"line":18,"column":42},"end":{"line":18,"column":null}},{"start":{"line":18,"column":42},"end":{"line":18,"column":null}}]},"1":{"loc":{"start":{"line":18,"column":29},"end":{"line":18,"column":42}},"type":"binary-expr","locations":[{"start":{"line":18,"column":29},"end":{"line":18,"column":null}},{"start":{"line":18,"column":29},"end":{"line":18,"column":42}}]},"2":{"loc":{"start":{"line":18,"column":42},"end":{"line":19,"column":null}},"type":"cond-expr","locations":[{"start":{"line":19,"column":49},"end":{"line":19,"column":null}},{"start":{"line":19,"column":49},"end":{"line":19,"column":null}}]},"3":{"loc":{"start":{"line":18,"column":42},"end":{"line":19,"column":49}},"type":"binary-expr","locations":[{"start":{"line":18,"column":42},"end":{"line":19,"column":null}},{"start":{"line":19,"column":36},"end":{"line":19,"column":49}}]}},"s":{"0":0,"1":0,"2":0,"3":0,"4":0,"5":0,"6":0,"7":0,"8":0,"9":0,"10":0,"11":0,"12":0,"13":0,"14":0,"15":0},"f":{"0":0,"1":0,"2":0,"3":0},"b":{"0":[0,0],"1":[0,0],"2":[0,0],"3":[0,0]}}
,"D:\\vibe\\movie\\apps\\api\\src\\admin\\inquiries\\admin-inquiries.controller.ts": {"path":"D:\\vibe\\movie\\apps\\api\\src\\admin\\inquiries\\admin-inquiries.controller.ts","statementMap":{"0":{"start":{"line":1,"column":0},"end":{"line":1,"column":null}},"1":{"start":{"line":11,"column":0},"end":{"line":11,"column":57}},"2":{"start":{"line":12,"column":0},"end":{"line":12,"column":52}},"3":{"start":{"line":13,"column":0},"end":{"line":13,"column":66}},"4":{"start":{"line":14,"column":0},"end":{"line":14,"column":60}},"5":{"start":{"line":18,"column":7},"end":{"line":41,"column":null}},"6":{"start":{"line":19,"column":31},"end":{"line":19,"column":40}},"7":{"start":{"line":26,"column":4},"end":{"line":26,"column":47}},"8":{"start":{"line":31,"column":4},"end":{"line":31,"column":35}},"9":{"start":{"line":39,"column":4},"end":{"line":39,"column":40}},"10":{"start":{"line":18,"column":13},"end":{"line":18,"column":37}},"11":{"start":{"line":22,"column":2},"end":{"line":27,"column":null}},"12":{"start":{"line":30,"column":2},"end":{"line":32,"column":null}},"13":{"start":{"line":35,"column":2},"end":{"line":40,"column":null}},"14":{"start":{"line":18,"column":13},"end":{"line":41,"column":null}}},"fnMap":{"0":{"name":"(anonymous_4)","decl":{"start":{"line":19,"column":2},"end":{"line":19,"column":31}},"loc":{"start":{"line":19,"column":61},"end":{"line":19,"column":65}}},"1":{"name":"(anonymous_5)","decl":{"start":{"line":22,"column":2},"end":{"line":22,"column":6}},"loc":{"start":{"line":24,"column":32},"end":{"line":27,"column":3}}},"2":{"name":"(anonymous_6)","decl":{"start":{"line":30,"column":2},"end":{"line":30,"column":8}},"loc":{"start":{"line":30,"column":46},"end":{"line":32,"column":3}}},"3":{"name":"(anonymous_7)","decl":{"start":{"line":35,"column":2},"end":{"line":35,"column":8}},"loc":{"start":{"line":37,"column":33},"end":{"line":40,"column":3}}}},"branchMap":{"0":{"loc":{"start":{"line":37,"column":17},"end":{"line":37,"column":null}},"type":"cond-expr","locations":[{"start":{"line":37,"column":33},"end":{"line":37,"column":null}},{"start":{"line":37,"column":33},"end":{"line":37,"column":null}}]},"1":{"loc":{"start":{"line":37,"column":17},"end":{"line":37,"column":33}},"type":"binary-expr","locations":[{"start":{"line":37,"column":17},"end":{"line":37,"column":null}},{"start":{"line":37,"column":17},"end":{"line":37,"column":33}}]},"2":{"loc":{"start":{"line":19,"column":40},"end":{"line":19,"column":64}},"type":"cond-expr","locations":[{"start":{"line":19,"column":61},"end":{"line":19,"column":64}},{"start":{"line":19,"column":61},"end":{"line":19,"column":64}}]},"3":{"loc":{"start":{"line":19,"column":40},"end":{"line":19,"column":61}},"type":"binary-expr","locations":[{"start":{"line":19,"column":40},"end":{"line":19,"column":64}},{"start":{"line":19,"column":40},"end":{"line":19,"column":61}}]}},"s":{"0":0,"1":0,"2":0,"3":0,"4":0,"5":0,"6":0,"7":0,"8":0,"9":0,"10":0,"11":0,"12":0,"13":0,"14":0},"f":{"0":0,"1":0,"2":0,"3":0},"b":{"0":[0,0],"1":[0,0],"2":[0,0],"3":[0,0]}}
,"D:\\vibe\\movie\\apps\\api\\src\\admin\\inquiries\\admin-inquiries.service.ts": {"path":"D:\\vibe\\movie\\apps\\api\\src\\admin\\inquiries\\admin-inquiries.service.ts","statementMap":{"0":{"start":{"line":1,"column":0},"end":{"line":1,"column":63}},"1":{"start":{"line":2,"column":0},"end":{"line":2,"column":60}},"2":{"start":{"line":6,"column":7},"end":{"line":58,"column":null}},"3":{"start":{"line":7,"column":22},"end":{"line":7,"column":30}},"4":{"start":{"line":10,"column":4},"end":{"line":23,"column":7}},"5":{"start":{"line":27,"column":20},"end":{"line":35,"column":6}},"6":{"start":{"line":36,"column":4},"end":{"line":36,"column":64}},"7":{"start":{"line":36,"column":18},"end":{"line":36,"column":64}},"8":{"start":{"line":37,"column":4},"end":{"line":37,"column":19}},"9":{"start":{"line":41,"column":4},"end":{"line":41,"column":26}},"10":{"start":{"line":42,"column":4},"end":{"line":56,"column":7}},"11":{"start":{"line":6,"column":13},"end":{"line":6,"column":34}},"12":{"start":{"line":6,"column":13},"end":{"line":58,"column":null}}},"fnMap":{"0":{"name":"(anonymous_2)","decl":{"start":{"line":7,"column":2},"end":{"line":7,"column":22}},"loc":{"start":{"line":7,"column":43},"end":{"line":7,"column":47}}},"1":{"name":"(anonymous_3)","decl":{"start":{"line":9,"column":2},"end":{"line":9,"column":7}},"loc":{"start":{"line":9,"column":55},"end":{"line":24,"column":3}}},"2":{"name":"(anonymous_4)","decl":{"start":{"line":26,"column":2},"end":{"line":26,"column":7}},"loc":{"start":{"line":26,"column":25},"end":{"line":38,"column":3}}},"3":{"name":"(anonymous_5)","decl":{"start":{"line":40,"column":2},"end":{"line":40,"column":7}},"loc":{"start":{"line":40,"column":48},"end":{"line":57,"column":3}}}},"branchMap":{"0":{"loc":{"start":{"line":12,"column":12},"end":{"line":12,"column":54}},"type":"binary-expr","locations":[{"start":{"line":12,"column":12},"end":{"line":12,"column":25}},{"start":{"line":12,"column":29},"end":{"line":12,"column":54}}]},"1":{"loc":{"start":{"line":13,"column":12},"end":{"line":13,"column":48}},"type":"binary-expr","locations":[{"start":{"line":13,"column":12},"end":{"line":13,"column":23}},{"start":{"line":13,"column":27},"end":{"line":13,"column":48}}]},"2":{"loc":{"start":{"line":36,"column":4},"end":{"line":36,"column":64}},"type":"if","locations":[{"start":{"line":36,"column":4},"end":{"line":36,"column":64}},{"start":{},"end":{}}]},"3":{"loc":{"start":{"line":46,"column":16},"end":{"line":46,"column":41}},"type":"binary-expr","locations":[{"start":{"line":46,"column":16},"end":{"line":46,"column":26}},{"start":{"line":46,"column":30},"end":{"line":46,"column":41}}]},"4":{"loc":{"start":{"line":7,"column":30},"end":{"line":7,"column":46}},"type":"cond-expr","locations":[{"start":{"line":7,"column":43},"end":{"line":7,"column":46}},{"start":{"line":7,"column":43},"end":{"line":7,"column":46}}]},"5":{"loc":{"start":{"line":7,"column":30},"end":{"line":7,"column":43}},"type":"binary-expr","locations":[{"start":{"line":7,"column":30},"end":{"line":7,"column":46}},{"start":{"line":7,"column":30},"end":{"line":7,"column":43}}]}},"s":{"0":0,"1":0,"2":0,"3":0,"4":0,"5":0,"6":0,"7":0,"8":0,"9":0,"10":0,"11":0,"12":0},"f":{"0":0,"1":0,"2":0,"3":0},"b":{"0":[0,0],"1":[0,0],"2":[0,0],"3":[0,0],"4":[0,0],"5":[0,0]}}
,"D:\\vibe\\movie\\apps\\api\\src\\admin\\inquiries\\dto\\answer-inquiry.dto.ts": {"path":"D:\\vibe\\movie\\apps\\api\\src\\admin\\inquiries\\dto\\answer-inquiry.dto.ts","statementMap":{"0":{"start":{"line":1,"column":0},"end":{"line":1,"column":72}},"1":{"start":{"line":3,"column":0},"end":{"line":3,"column":13}},"2":{"start":{"line":6,"column":2},"end":{"line":6,"column":null}},"3":{"start":{"line":10,"column":2},"end":{"line":10,"column":null}}},"fnMap":{},"branchMap":{},"s":{"0":0,"1":0,"2":0,"3":0},"f":{},"b":{}}
[...]
18,"column":8},"end":{"line":118,"column":61}},"33":{"start":{"line":120,"column":6},"end":{"line":120,"column":14}},"34":{"start":{"line":125,"column":24},"end":{"line":156,"column":6}},"35":{"start":{"line":157,"column":4},"end":{"line":157,"column":71}},"36":{"start":{"line":157,"column":22},"end":{"line":157,"column":71}},"37":{"start":{"line":158,"column":4},"end":{"line":160,"column":5}},"38":{"start":{"line":159,"column":6},"end":{"line":159,"column":51}},"39":{"start":{"line":161,"column":4},"end":{"line":161,"column":23}},"40":{"start":{"line":165,"column":26},"end":{"line":165,"column":63}},"41":{"start":{"line":166,"column":25},"end":{"line":197,"column":6}},"42":{"start":{"line":198,"column":4},"end":{"line":201,"column":8}},"43":{"start":{"line":198,"column":36},"end":{"line":201,"column":6}},"44":{"start":{"line":207,"column":26},"end":{"line":207,"column":63}},"45":{"start":{"line":209,"column":21},"end":{"line":212,"column":6}},"46":{"start":{"line":214,"column":4},"end":{"line":222,"column":5}},"47":{"start":{"line":215,"column":6},"end":{"line":221,"column":7}},"48":{"start":{"line":216,"column":8},"end":{"line":219,"column":11}},"49":{"start":{"line":220,"column":8},"end":{"line":220,"column":82}},"50":{"start":{"line":224,"column":4},"end":{"line":227,"column":7}},"51":{"start":{"line":231,"column":24},"end":{"line":234,"column":6}},"52":{"start":{"line":235,"column":4},"end":{"line":235,"column":71}},"53":{"start":{"line":235,"column":22},"end":{"line":235,"column":71}},"54":{"start":{"line":236,"column":4},"end":{"line":236,"column":89}},"55":{"start":{"line":236,"column":47},"end":{"line":236,"column":89}},"56":{"start":{"line":237,"column":4},"end":{"line":239,"column":5}},"57":{"start":{"line":238,"column":6},"end":{"line":238,"column":63}},"58":{"start":{"line":241,"column":22},"end":{"line":248,"column":6}},"59":{"start":{"line":243,"column":46},"end":{"line":243,"column":54}},"60":{"start":{"line":250,"column":4},"end":{"line":258,"column":7}},"61":{"start":{"line":251,"column":6},"end":{"line":251,"column":99}},"62":{"start":{"line":252,"column":6},"end":{"line":252,"column":81}},"63":{"start":{"line":253,"column":6},"end":{"line":257,"column":7}},"64":{"start":{"line":254,"column":8},"end":{"line":256,"column":11}},"65":{"start":{"line":260,"column":4},"end":{"line":260,"column":21}},"66":{"start":{"line":264,"column":24},"end":{"line":267,"column":6}},"67":{"start":{"line":268,"column":4},"end":{"line":268,"column":71}},"68":{"start":{"line":268,"column":22},"end":{"line":268,"column":71}},"69":{"start":{"line":269,"column":4},"end":{"line":271,"column":5}},"70":{"start":{"line":270,"column":6},"end":{"line":270,"column":51}},"71":{"start":{"line":272,"column":4},"end":{"line":274,"column":5}},"72":{"start":{"line":273,"column":6},"end":{"line":273,"column":77}},"73":{"start":{"line":276,"column":4},"end":{"line":291,"column":7}},"74":{"start":{"line":277,"column":6},"end":{"line":283,"column":7}},"75":{"start":{"line":278,"column":8},"end":{"line":281,"column":11}},"76":{"start":{"line":282,"column":8},"end":{"line":282,"column":83}},"77":{"start":{"line":284,"column":6},"end":{"line":286,"column":7}},"78":{"start":{"line":285,"column":8},"end":{"line":285,"column":114}},"79":{"start":{"line":287,"column":6},"end":{"line":290,"column":9}},"80":{"start":{"line":19,"column":13},"end":{"line":19,"column":32}},"81":{"start":{"line":206,"column":8},"end":{"line":228,"column":null}},"82":{"start":{"line":19,"column":13},"end":{"line":293,"column":null}}},"fnMap":{"0":{"name":"(anonymous_2)","decl":{"start":{"line":20,"column":2},"end":{"line":20,"column":null}},"loc":{"start":{"line":23,"column":57},"end":{"line":24,"column":6}}},"1":{"name":"(anonymous_3)","decl":{"start":{"line":26,"column":2},"end":{"line":26,"column":7}},"loc":{"start":{"line":26,"column":60},"end":{"line":122,"column":3}}},"2":{"name":"(anonymous_4)","decl":{"start":{"line":31,"column":8},"end":{"line":31,"column":13}},"loc":{"start":{"line":31,"column":21},"end":{"line":112,"column":9}}},"3":{"name":"(anonymous_5)","decl":{"start":{"line":67,"column":36},"end":{"line":67,"column":37}},"loc":{"start":{"line":67,"column":49},"end":{"line":67,"column":69}}},"4":{"name":"(anonymous_6)","decl":{"start":{"line":124,"column":2},"end":{"line":124,"column":7}},"loc":{"start":{"line":124,"column":46},"end":{"line":162,"column":3}}},"5":{"name":"(anonymous_7)","decl":{"start":{"line":164,"column":2},"end":{"line":164,"column":7}},"loc":{"start":{"line":164,"column":45},"end":{"line":202,"column":3}}},"6":{"name":"(anonymous_8)","decl":{"start":{"line":198,"column":28},"end":{"line":198,"column":29}},"loc":{"start":{"line":198,"column":36},"end":{"line":201,"column":6}}},"7":{"name":"(anonymous_9)","decl":{"start":{"line":206,"column":8},"end":{"line":206,"column":33}},"loc":{"start":{"line":206,"column":33},"end":{"line":228,"column":3}}},"8":{"name":"(anonymous_10)","decl":{"start":{"line":230,"column":2},"end":{"line":230,"column":7}},"loc":{"start":{"line":230,"column":87},"end":{"line":261,"column":3}}},"9":{"name":"(anonymous_11)","decl":{"start":{"line":243,"column":39},"end":{"line":243,"column":40}},"loc":{"start":{"line":243,"column":46},"end":{"line":243,"column":54}}},"10":{"name":"(anonymous_12)","decl":{"start":{"line":250,"column":35},"end":{"line":250,"column":40}},"loc":{"start":{"line":250,"column":48},"end":{"line":258,"column":5}}},"11":{"name":"(anonymous_13)","decl":{"start":{"line":263,"column":2},"end":{"line":263,"column":7}},"loc":{"start":{"line":263,"column":45},"end":{"line":292,"column":3}}},"12":{"name":"(anonymous_14)","decl":{"start":{"line":276,"column":36},"end":{"line":276,"column":41}},"loc":{"start":{"line":276,"column":49},"end":{"line":291,"column":5}}}},"branchMap":{"0":{"loc":{"start":{"line":45,"column":10},"end":{"line":47,"column":11}},"type":"if","locations":[{"start":{"line":45,"column":10},"end":{"line":47,"column":11}},{"start":{},"end":{}}]},"1":{"loc":{"start":{"line":83,"column":10},"end":{"line":99,"column":11}},"type":"if","locations":[{"start":{"line":83,"column":10},"end":{"line":99,"column":11}},{"start":{},"end":{}}]},"2":{"loc":{"start":{"line":85,"column":12},"end":{"line":87,"column":13}},"type":"if","locations":[{"start":{"line":85,"column":12},"end":{"line":87,"column":13}},{"start":{},"end":{}}]},"3":{"loc":{"start":{"line":85,"column":16},"end":{"line":85,"column":48}},"type":"binary-expr","locations":[{"start":{"line":85,"column":16},"end":{"line":85,"column":19}},{"start":{"line":85,"column":23},"end":{"line":85,"column":48}}]},"4":{"loc":{"start":{"line":101,"column":10},"end":{"line":109,"column":11}},"type":"if","locations":[{"start":{"line":101,"column":10},"end":{"line":109,"column":11}},{"start":{},"end":{}}]},"5":{"loc":{"start":{"line":101,"column":14},"end":{"line":101,"column":68}},"type":"binary-expr","locations":[{"start":{"line":101,"column":14},"end":{"line":101,"column":35}},{"start":{"line":101,"column":39},"end":{"line":101,"column":68}}]},"6":{"loc":{"start":{"line":117,"column":6},"end":{"line":119,"column":7}},"type":"if","locations":[{"start":{"line":117,"column":6},"end":{"line":119,"column":7}},{"start":{},"end":{}}]},"7":{"loc":{"start":{"line":117,"column":10},"end":{"line":117,"column":81}},"type":"binary-expr","locations":[{"start":{"line":117,"column":10},"end":{"line":117,"column":59}},{"start":{"line":117,"column":63},"end":{"line":117,"column":81}}]},"8":{"loc":{"start":{"line":157,"column":4},"end":{"line":157,"column":71}},"type":"if","locations":[{"start":{"line":157,"column":4},"end":{"line":157,"column":71}},{"start":{},"end":{}}]},"9":{"loc":{"start":{"line":158,"column":4},"end":{"line":160,"column":5}},"type":"if","locations":[{"start":{"line":158,"column":4},"end":{"line":160,"column":5}},{"start":{},"end":{}}]},"10":{"loc":{"start":{"line":200,"column":24},"end":{"line":200,"column":78}},"type":"binary-expr","locations":[{"start":{"line":200,"column":24},"end":{"line":200,"column":46}},{"start":{"line":200,"column":50},"end":{"line":200,"column":78}}]},"11":{"loc":{"start":{"line":215,"column":6},"end":{"line":221,"column":7}},"type":"if","locations":[{"start":{"line":215,"column":6},"end":{"line":221,"column":7}},{"start":{},"end":{}}]},"12":{"loc":{"start":{"line":235,"column":4},"end":{"line":235,"column":71}},"type":"if","locations":[{"start":{"line":235,"column":4},"end":{"line":235,"column":71}},{"start":{},"end":{}}]},"13":{"loc":{"start":{"line":236,"column":4},"end":{"line":236,"column":89}},"type":"if","locations":[{"start":{"line":236,"column":4},"end":{"line":236,"column":89}},{"start":{},"end":{}}]},"14":{"loc":{"start":{"line":237,"column":4},"end":{"line":239,"column":5}},"type":"if","locations":[{"start":{"line":237,"column":4},"end":{"line":239,"column":5}},{"start":{},"end":{}}]},"15":{"loc":{"start":{"line":244,"column":23},"end":{"line":244,"column":82}},"type":"binary-expr","locations":[{"start":{"line":244,"column":23},"end":{"line":244,"column":76}},{"start":{"line":244,"column":80},"end":{"line":244,"column":82}}]},"16":{"loc":{"start":{"line":245,"column":20},"end":{"line":245,"column":70}},"type":"binary-expr","locations":[{"start":{"line":245,"column":20},"end":{"line":245,"column":57}},{"start":{"line":245,"column":61},"end":{"line":245,"column":70}}]},"17":{"loc":{"start":{"line":253,"column":6},"end":{"line":257,"column":7}},"type":"if","locations":[{"start":{"line":253,"column":6},"end":{"line":257,"column":7}},{"start":{},"end":{}}]},"18":{"loc":{"start":{"line":253,"column":10},"end":{"line":253,"column":60}},"type":"binary-expr","locations":[{"start":{"line":253,"column":10},"end":{"line":253,"column":27}},{"start":{"line":253,"column":31},"end":{"line":253,"column":60}}]},"19":{"loc":{"start":{"line":268,"column":4},"end":{"line":268,"column":71}},"type":"if","locations":[{"start":{"line":268,"column":4},"end":{"line":268,"column":71}},{"start":{},"end":{}}]},"20":{"loc":{"start":{"line":269,"column":4},"end":{"line":271,"column":5}},"type":"if","locations":[{"start":{"line":269,"column":4},"end":{"line":271,"column":5}},{"start":{},"end":{}}]},"21":{"loc":{"start":{"line":272,"column":4},"end":{"line":274,"column":5}},"type":"if","locations":[{"start":{"line":272,"column":4},"end":{"line":274,"column":5}},{"start":{},"end":{}}]},"22":{"loc":{"start":{"line":277,"column":6},"end":{"line":283,"column":7}},"type":"if","locations":[{"start":{"line":277,"column":6},"end":{"line":283,"column":7}},{"start":{},"end":{}}]},"23":{"loc":{"start":{"line":284,"column":6},"end":{"line":286,"column":7}},"type":"if","locations":[{"start":{"line":284,"column":6},"end":{"line":286,"column":7}},{"start":{},"end":{}}]},"24":{"loc":{"start":{"line":21,"column":29},"end":{"line":21,"column":null}},"type":"cond-expr","locations":[{"start":{"line":21,"column":42},"end":{"line":21,"column":null}},{"start":{"line":21,"column":42},"end":{"line":21,"column":null}}]},"25":{"loc":{"start":{"line":21,"column":29},"end":{"line":21,"column":42}},"type":"binary-expr","locations":[{"start":{"line":21,"column":29},"end":{"line":21,"column":null}},{"start":{"line":21,"column":29},"end":{"line":21,"column":42}}]},"26":{"loc":{"start":{"line":21,"column":42},"end":{"line":22,"column":null}},"type":"cond-expr","locations":[{"start":{"line":22,"column":51},"end":{"line":22,"column":null}},{"start":{"line":22,"column":51},"end":{"line":22,"column":null}}]},"27":{"loc":{"start":{"line":21,"column":42},"end":{"line":22,"column":51}},"type":"binary-expr","locations":[{"start":{"line":21,"column":42},"end":{"line":22,"column":null}},{"start":{"line":22,"column":37},"end":{"line":22,"column":51}}]},"28":{"loc":{"start":{"line":22,"column":51},"end":{"line":23,"column":null}},"type":"cond-expr","locations":[{"start":{"line":23,"column":57},"end":{"line":23,"column":null}},{"start":{"line":23,"column":57},"end":{"line":23,"column":null}}]},"29":{"loc":{"start":{"line":22,"column":51},"end":{"line":23,"column":57}},"type":"binary-expr","locations":[{"start":{"line":22,"column":51},"end":{"line":23,"column":null}},{"start":{"line":23,"column":40},"end":{"line":23,"column":57}}]}},"s":{"0":0,"1":0,"2":0,"3":0,"4":0,"5":0,"6":0,"7":0,"8":0,"9":0,"10":0,"11":0,"12":0,"13":0,"14":0,"15":0,"16":0,"17":0,"18":0,"19":0,"20":0,"21":0,"22":0,"23":0,"24":0,"25":0,"26":0,"27":0,"28":0,"29":0,"30":0,"31":0,"32":0,"33":0,"34":0,"35":0,"36":0,"37":0,"38":0,"39":0,"40":0,"41":0,"42":0,"43":0,"44":0,"45":0,"46":0,"47":0,"48":0,"49":0,"50":0,"51":0,"52":0,"53":0,"54":0,"55":0,"56":0,"57":0,"58":0,"59":0,"60":0,"61":0,"62":0,"63":0,"64":0,"65":0,"66":0,"67":0,"68":0,"69":0,"70":0,"71":0,"72":0,"73":0,"74":0,"75":0,"76":0,"77":0,"78":0,"79":0,"80":0,"81":0,"82":0},"f":{"0":0,"1":0,"2":0,"3":0,"4":0,"5":0,"6":0,"7":0,"8":0,"9":0,"10":0,"11":0,"12":0},"b":{"0":[0,0],"1":[0,0],"2":[0,0],"3":[0,0],"4":[0,0],"5":[0,0],"6":[0,0],"7":[0,0],"8":[0,0],"9":[0,0],"10":[0,0],"11":[0,0],"12":[0,0],"13":[0,0],"14":[0,0],"15":[0,0],"16":[0,0],"17":[0,0],"18":[0,0],"19":[0,0],"20":[0,0],"21":[0,0],"22":[0,0],"23":[0,0],"24":[0,0],"25":[0,0],"26":[0,0],"27":[0,0],"28":[0,0],"29":[0,0]}}
,"D:\\vibe\\movie\\apps\\api\\src\\reservations\\dto\\create-reservation.dto.ts": {"path":"D:\\vibe\\movie\\apps\\api\\src\\reservations\\dto\\create-reservation.dto.ts","statementMap":{"0":{"start":{"line":1,"column":0},"end":{"line":1,"column":null}},"1":{"start":{"line":9,"column":0},"end":{"line":9,"column":41}},"2":{"start":{"line":12,"column":33},"end":{"line":12,"column":null}},"3":{"start":{"line":13,"column":33},"end":{"line":13,"column":null}},"4":{"start":{"line":14,"column":33},"end":{"line":14,"column":null}},"5":{"start":{"line":15,"column":33},"end":{"line":15,"column":null}},"6":{"start":{"line":16,"column":33},"end":{"line":16,"column":null}},"7":{"start":{"line":19,"column":0},"end":{"line":19,"column":13}},"8":{"start":{"line":21,"column":2},"end":{"line":21,"column":null}},"9":{"start":{"line":26,"column":2},"end":{"line":26,"column":null}},"10":{"start":{"line":30,"column":2},"end":{"line":30,"column":null}},"11":{"start":{"line":29,"column":14},"end":{"line":29,"column":31}},"12":{"start":{"line":34,"column":2},"end":{"line":34,"column":null}},"13":{"start":{"line":38,"column":2},"end":{"line":38,"column":null}}},"fnMap":{"0":{"name":"(anonymous_2)","decl":{"start":{"line":29,"column":8},"end":{"line":29,"column":11}},"loc":{"start":{"line":29,"column":14},"end":{"line":29,"column":31}}}},"branchMap":{},"s":{"0":0,"1":0,"2":0,"3":0,"4":0,"5":0,"6":0,"7":0,"8":0,"9":0,"10":0,"11":0,"12":0,"13":0},"f":{"0":0},"b":{}}
,"D:\\vibe\\movie\\apps\\api\\src\\screenings\\screenings.controller.ts": {"path":"D:\\vibe\\movie\\apps\\api\\src\\screenings\\screenings.controller.ts","statementMap":{"0":{"start":{"line":1,"column":0},"end":{"line":1,"column":70}},"1":{"start":{"line":2,"column":0},"end":{"line":2,"column":57}},"2":{"start":{"line":5,"column":7},"end":{"line":12,"column":null}},"3":{"start":{"line":6,"column":31},"end":{"line":6,"column":50}},"4":{"start":{"line":10,"column":4},"end":{"line":10,"column":46}},"5":{"start":{"line":5,"column":13},"end":{"line":5,"column":33}},"6":{"start":{"line":9,"column":2},"end":{"line":11,"column":null}},"7":{"start":{"line":5,"column":13},"end":{"line":12,"column":null}}},"fnMap":{"0":{"name":"(anonymous_4)","decl":{"start":{"line":6,"column":2},"end":{"line":6,"column":31}},"loc":{"start":{"line":6,"column":67},"end":{"line":6,"column":71}}},"1":{"name":"(anonymous_5)","decl":{"start":{"line":9,"column":2},"end":{"line":9,"column":9}},"loc":{"start":{"line":9,"column":47},"end":{"line":11,"column":3}}}},"branchMap":{"0":{"loc":{"start":{"line":6,"column":50},"end":{"line":6,"column":70}},"type":"cond-expr","locations":[{"start":{"line":6,"column":67},"end":{"line":6,"column":70}},{"start":{"line":6,"column":67},"end":{"line":6,"column":70}}]},"1":{"loc":{"start":{"line":6,"column":50},"end":{"line":6,"column":67}},"type":"binary-expr","locations":[{"start":{"line":6,"column":50},"end":{"line":6,"column":70}},{"start":{"line":6,"column":50},"end":{"line":6,"column":67}}]}},"s":{"0":0,"1":0,"2":0,"3":0,"4":0,"5":0,"6":0,"7":0},"f":{"0":0,"1":0},"b":{"0":[0,0],"1":[0,0]}}
,"D:\\vibe\\movie\\apps\\api\\src\\screenings\\screenings.module.ts": {"path":"D:\\vibe\\movie\\apps\\api\\src\\screenings\\screenings.module.ts","statementMap":{"0":{"start":{"line":1,"column":0},"end":{"line":1,"column":40}},"1":{"start":{"line":2,"column":0},"end":{"line":2,"column":57}},"2":{"start":{"line":3,"column":0},"end":{"line":3,"column":63}},"3":{"start":{"line":9,"column":7},"end":{"line":9,"column":null}},"4":{"start":{"line":9,"column":13},"end":{"line":9,"column":29}},"5":{"start":{"line":9,"column":13},"end":{"line":9,"column":null}}},"fnMap":{},"branchMap":{},"s":{"0":0,"1":0,"2":0,"3":0,"4":0,"5":0},"f":{},"b":{}}
,"D:\\vibe\\movie\\apps\\api\\src\\screenings\\screenings.service.ts": {"path":"D:\\vibe\\movie\\apps\\api\\src\\screenings\\screenings.service.ts","statementMap":{"0":{"start":{"line":1,"column":0},"end":{"line":1,"column":63}},"1":{"start":{"line":2,"column":0},"end":{"line":2,"column":57}},"2":{"start":{"line":5,"column":7},"end":{"line":52,"column":null}},"3":{"start":{"line":6,"column":31},"end":{"line":6,"column":39}},"4":{"start":{"line":9,"column":22},"end":{"line":24,"column":6}},"5":{"start":{"line":25,"column":4},"end":{"line":25,"column":69}},"6":{"start":{"line":25,"column":20},"end":{"line":25,"column":69}},"7":{"start":{"line":29,"column":26},"end":{"line":29,"column":63}},"8":{"start":{"line":30,"column":31},"end":{"line":39,"column":6}},"9":{"start":{"line":40,"column":26},"end":{"line":40,"column":91}},"10":{"start":{"line":40,"column":60},"end":{"line":40,"column":90}},"11":{"start":{"line":40,"column":81},"end":{"line":40,"column":89}},"12":{"start":{"line":43,"column":76},"end":{"line":43,"column":92}},"13":{"start":{"line":44,"column":18},"end":{"line":44,"column":100}},"14":{"start":{"line":44,"column":65},"end":{"line":44,"column":98}},"15":{"start":{"line":46,"column":4},"end":{"line":50,"column":6}},"16":{"start":{"line":5,"column":13},"end":{"line":5,"column":30}},"17":{"start":{"line":5,"column":13},"end":{"line":52,"column":null}}},"fnMap":{"0":{"name":"(anonymous_2)","decl":{"start":{"line":6,"column":2},"end":{"line":6,"column":31}},"loc":{"start":{"line":6,"column":52},"end":{"line":6,"column":56}}},"1":{"name":"(anonymous_3)","decl":{"start":{"line":8,"column":2},"end":{"line":8,"column":7}},"loc":{"start":{"line":8,"column":26},"end":{"line":51,"column":3}}},"2":{"name":"(anonymous_4)","decl":{"start":{"line":40,"column":53},"end":{"line":40,"column":54}},"loc":{"start":{"line":40,"column":60},"end":{"line":40,"column":90}}},"3":{"name":"(anonymous_5)","decl":{"start":{"line":40,"column":74},"end":{"line":40,"column":75}},"loc":{"start":{"line":40,"column":81},"end":{"line":40,"column":89}}},"4":{"name":"(anonymous_6)","decl":{"start":{"line":44,"column":31},"end":{"line":44,"column":32}},"loc":{"start":{"line":44,"column":65},"end":{"line":44,"column":98}}}},"branchMap":{"0":{"loc":{"start":{"line":25,"column":4},"end":{"line":25,"column":69}},"type":"if","locations":[{"start":{"line":25,"column":4},"end":{"line":25,"column":69}},{"start":{},"end":{}}]},"1":{"loc":{"start":{"line":6,"column":39},"end":{"line":6,"column":55}},"type":"cond-expr","locations":[{"start":{"line":6,"column":52},"end":{"line":6,"column":55}},{"start":{"line":6,"column":52},"end":{"line":6,"column":55}}]},"2":{"loc":{"start":{"line":6,"column":39},"end":{"line":6,"column":52}},"type":"binary-expr","locations":[{"start":{"line":6,"column":39},"end":{"line":6,"column":55}},{"start":{"line":6,"column":39},"end":{"line":6,"column":52}}]}},"s":{"0":0,"1":0,"2":0,"3":0,"4":0,"5":0,"6":0,"7":0,"8":0,"9":0,"10":0,"11":0,"12":0,"13":0,"14":0,"15":0,"16":0,"17":0},"f":{"0":0,"1":0,"2":0,"3":0,"4":0},"b":{"0":[0,0],"1":[0,0],"2":[0,0]}}
}
