TN:
SF:src\app.controller.ts
FN:6,(anonymous_2)
FN:9,(anonymous_3)
FNF:2
FNH:0
FNDA:0,(anonymous_2)
FNDA:0,(anonymous_3)
DA:1,0
DA:2,0
DA:5,0
DA:6,0
DA:9,0
DA:10,0
LF:6
LH:0
BRDA:6,0,0,0
BRDA:6,0,1,0
BRDA:6,1,0,0
BRDA:6,1,1,0
BRF:4
BRH:0
end_of_record
TN:
SF:src\app.module.ts
FNF:0
FNH:0
DA:1,0
DA:2,0
DA:3,0
DA:4,0
DA:5,0
DA:6,0
DA:7,0
DA:8,0
DA:9,0
DA:10,0
DA:11,0
DA:12,0
DA:13,0
DA:14,0
DA:15,0
DA:16,0
DA:17,0
DA:38,0
LF:18
LH:0
BRF:0
BRH:0
end_of_record
TN:
SF:src\app.service.ts
FN:5,(anonymous_1)
FNF:1
FNH:0
FNDA:0,(anonymous_1)
DA:1,0
DA:4,0
DA:6,0
LF:3
LH:0
BRF:0
BRH:0
end_of_record
TN:
SF:src\main.ts
FN:6,bootstrap
FNF:1
FNH:0
FNDA:0,bootstrap
DA:1,0
DA:2,0
DA:3,0
DA:4,0
DA:7,0
DA:9,0
DA:11,0
DA:15,0
DA:16,0
DA:17,0
DA:19,0
LF:11
LH:0
BRDA:15,0,0,0
BRDA:15,0,1,0
BRF:2
BRH:0
end_of_record
TN:
SF:src\admin\admin.module.ts
FNF:0
FNH:0
DA:1,0
DA:2,0
DA:3,0
DA:4,0
DA:5,0
DA:6,0
DA:7,0
DA:8,0
DA:9,0
DA:10,0
DA:11,0
DA:12,0
DA:13,0
DA:14,0
DA:15,0
DA:37,0
LF:16
LH:0
BRF:0
BRH:0
end_of_record
TN:
SF:src\admin\coupons\admin-coupons.controller.ts
FN:23,(anonymous_4)
FN:26,(anonymous_5)
FN:31,(anonymous_6)
FN:36,(anonymous_7)
FN:41,(anonymous_8)
FN:49,(anonymous_9)
FN:54,(anonymous_10)
FN:59,(anonymous_11)
FN:64,(anonymous_12)
FNF:9
FNH:0
FNDA:0,(anonymous_4)
FNDA:0,(anonymous_5)
FNDA:0,(anonymous_6)
FNDA:0,(anonymous_7)
FNDA:0,(anonymous_8)
FNDA:0,(anonymous_9)
FNDA:0,(anonymous_10)
FNDA:0,(anonymous_11)
FNDA:0,(anonymous_12)
DA:1,0
DA:11,0
DA:12,0
DA:13,0
DA:14,0
DA:15,0
DA:16,0
DA:17,0
DA:18,0
DA:22,0
DA:23,0
DA:26,0
DA:27,0
DA:31,0
DA:32,0
DA:36,0
DA:37,0
DA:41,0
DA:45,0
DA:49,0
DA:50,0
DA:54,0
DA:55,0
DA:59,0
DA:60,0
DA:64,0
DA:65,0
LF:27
LH:0
BRDA:36,0,0,0
BRDA:36,0,1,0
BRDA:36,1,0,0
BRDA:36,1,1,0
BRDA:43,2,0,0
BRDA:43,2,1,0
BRDA:43,3,0,0
BRDA:43,3,1,0
BRDA:54,4,0,0
BRDA:54,4,1,0
BRDA:54,5,0,0
BRDA:54,5,1,0
BRDA:59,6,0,0
BRDA:59,6,1,0
BRDA:59,7,0,0
BRDA:59,7,1,0
BRDA:64,8,0,0
BRDA:64,8,1,0
BRDA:64,9,0,0
BRDA:64,9,1,0
BRDA:23,10,0,0
BRDA:23,10,1,0
BRDA:23,11,0,0
BRDA:23,11,1,0
BRF:24
BRH:0
end_of_record
TN:
SF:src\admin\coupons\admin-coupons.service.ts
FN:15,(anonymous_2)
FN:17,(anonymous_3)
FN:22,(anonymous_4)
FN:29,(anonymous_5)
FN:30,(anonymous_6)
FN:31,(anonymous_7)
FN:32,(anonymous_8)
FN:33,(anonymous_9)
FN:34,(anonymous_10)
FN:40,(anonymous_11)
FN:52,(anonymous_12)
FN:53,(anonymous_13)
FN:54,(anonymous_14)
FN:55,(anonymous_15)
FN:60,(anonymous_16)
FN:66,(anonymous_17)
FN:71,(anonymous_18)
FN:79,(anonymous_19)
FN:101,(anonymous_20)
FN:120,(anonymous_21)
FN:150,(anonymous_22)
FN:155,(anonymous_23)
FN:157,(anonymous_24)
FN:160,(anonymous_25)
FN:168,(anonymous_26)
FN:177,(anonymous_27)
FN:179,(anonymous_28)
FN:192,(anonymous_29)
FNF:28
FNH:0
FNDA:0,(anonymous_2)
FNDA:0,(anonymous_3)
FNDA:0,(anonymous_4)
FNDA:0,(anonymous_5)
FNDA:0,(anonymous_6)
FNDA:0,(anonymous_7)
FNDA:0,(anonymous_8)
FNDA:0,(anonymous_9)
FNDA:0,(anonymous_10)
FNDA:0,(anonymous_11)
FNDA:0,(anonymous_12)
FNDA:0,(anonymous_13)
FNDA:0,(anonymous_14)
FNDA:0,(anonymous_15)
FNDA:0,(anonymous_16)
FNDA:0,(anonymous_17)
FNDA:0,(anonymous_18)
FNDA:0,(anonymous_19)
FNDA:0,(anonymous_20)
FNDA:0,(anonymous_21)
FNDA:0,(anonymous_22)
FNDA:0,(anonymous_23)
FNDA:0,(anonymous_24)
FNDA:0,(anonymous_25)
FNDA:0,(anonymous_26)
FNDA:0,(anonymous_27)
FNDA:0,(anonymous_28)
FNDA:0,(anonymous_29)
DA:1,0
DA:6,0
DA:14,0
DA:15,0
DA:18,0
DA:22,0
DA:23,0
DA:29,0
DA:30,0
DA:31,0
DA:32,0
DA:33,0
DA:34,0
DA:36,0
DA:41,0
DA:45,0
DA:47,0
DA:52,0
DA:53,0
DA:54,0
DA:55,0
DA:57,0
DA:61,0
DA:67,0
DA:68,0
DA:72,0
DA:73,0
DA:80,0
DA:83,0
DA:84,0
DA:87,0
DA:90,0
DA:91,0
DA:94,0
DA:97,0
DA:98,0
DA:101,0
DA:102,0
DA:111,0
DA:116,0
DA:121,0
DA:123,0
DA:124,0
DA:126,0
DA:127,0
DA:129,0
DA:130,0
DA:133,0
DA:147,0
DA:150,0
DA:155,0
DA:157,0
DA:161,0
DA:164,0
DA:165,0
DA:168,0
DA:169,0
DA:177,0
DA:179,0
DA:181,0
DA:182,0
DA:189,0
DA:191,0
DA:192,0
DA:199,0
DA:204,0
LF:66
LH:0
BRDA:32,0,0,0
BRDA:32,0,1,0
BRDA:33,1,0,0
BRDA:33,1,1,0
BRDA:34,2,0,0
BRDA:34,2,1,0
BRDA:45,3,0,0
BRDA:45,3,1,0
BRDA:53,4,0,0
BRDA:53,4,1,0
BRDA:54,5,0,0
BRDA:54,5,1,0
BRDA:55,6,0,0
BRDA:55,6,1,0
BRDA:62,7,0,0
BRDA:62,7,1,0
BRDA:83,8,0,0
BRDA:83,8,1,0
BRDA:90,9,0,0
BRDA:90,9,1,0
BRDA:90,10,0,0
BRDA:90,10,1,0
BRDA:97,11,0,0
BRDA:97,11,1,0
BRDA:123,12,0,0
BRDA:123,12,1,0
BRDA:126,13,0,0
BRDA:126,13,1,0
BRDA:129,14,0,0
BRDA:129,14,1,0
BRDA:164,15,0,0
BRDA:164,15,1,0
BRDA:164,16,0,0
BRDA:164,16,1,0
BRDA:181,17,0,0
BRDA:181,17,1,0
BRDA:15,18,0,0
BRDA:15,18,1,0
BRDA:15,19,0,0
BRDA:15,19,1,0
BRF:40
BRH:0
end_of_record
TN:
SF:src\admin\coupons\dto\bulk-issue-coupon.dto.ts
FNF:0
FNH:0
DA:1,0
DA:9,0
DA:11,0
DA:16,0
DA:20,0
DA:24,0
LF:6
LH:0
BRF:0
BRH:0
end_of_record
TN:
SF:src\admin\coupons\dto\bulk-issue-execute.dto.ts
FNF:0
FNH:0
DA:1,0
DA:3,0
DA:5,0
DA:10,0
LF:4
LH:0
BRF:0
BRH:0
end_of_record
TN:
SF:src\admin\coupons\dto\create-coupon.dto.ts
FNF:0
FNH:0
DA:1,0
DA:10,0
DA:13,0
DA:17,0
DA:21,0
DA:24,0
DA:28,0
DA:33,0
DA:38,0
DA:43,0
DA:46,0
DA:50,0
DA:54,0
LF:13
LH:0
BRF:0
BRH:0
end_of_record
TN:
SF:src\admin\coupons\dto\issue-coupon.dto.ts
FNF:0
FNH:0
DA:1,0
DA:3,0
DA:5,0
DA:9,0
LF:4
LH:0
BRF:0
BRH:0
end_of_record
TN:
SF:src\admin\coupons\dto\update-coupon.dto.ts
FNF:0
FNH:0
DA:1,0
DA:2,0
DA:4,0
LF:3
LH:0
BRF:0
BRH:0
end_of_record
TN:
SF:src\admin\customers\admin-customers.controller.ts
FN:20,(anonymous_4)
FN:23,(anonymous_5)
FN:44,(anonymous_6)
FN:49,(anonymous_7)
FN:57,(anonymous_8)
FN:65,(anonymous_9)
FNF:6
FNH:0
FNDA:0,(anonymous_4)
FNDA:0,(anonymous_5)
FNDA:0,(anonymous_6)
FNDA:0,(anonymous_7)
FNDA:0,(anonymous_8)
FNDA:0,(anonymous_9)
DA:1,0
DA:11,0
DA:12,0
DA:13,0
DA:14,0
DA:15,0
DA:19,0
DA:20,0
DA:23,0
DA:30,0
DA:44,0
DA:45,0
DA:49,0
DA:53,0
DA:57,0
DA:61,0
DA:65,0
DA:66,0
LF:18
LH:0
BRDA:32,0,0,0
BRDA:32,0,1,0
BRDA:33,1,0,0
BRDA:33,1,1,0
BRDA:38,2,0,0
BRDA:38,2,1,0
BRDA:39,3,0,0
BRDA:39,3,1,0
BRDA:51,4,0,0
BRDA:51,4,1,0
BRDA:51,5,0,0
BRDA:51,5,1,0
BRDA:59,6,0,0
BRDA:59,6,1,0
BRDA:59,7,0,0
BRDA:59,7,1,0
BRDA:20,8,0,0
BRDA:20,8,1,0
BRDA:20,9,0,0
BRDA:20,9,1,0
BRF:20
BRH:0
end_of_record
TN:
SF:src\admin\customers\admin-customers.service.ts
FN:13,(anonymous_2)
FN:15,(anonymous_3)
FN:74,(anonymous_4)
FN:131,(anonymous_5)
FN:132,(anonymous_6)
FN:178,(anonymous_7)
FN:195,(anonymous_8)
FNF:7
FNH:0
FNDA:0,(anonymous_2)
FNDA:0,(anonymous_3)
FNDA:0,(anonymous_4)
FNDA:0,(anonymous_5)
FNDA:0,(anonymous_6)
FNDA:0,(anonymous_7)
FNDA:0,(anonymous_8)
DA:1,0
DA:7,0
DA:12,0
DA:13,0
DA:22,0
DA:23,0
DA:25,0
DA:27,0
DA:28,0
DA:34,0
DA:35,0
DA:38,0
DA:39,0
DA:42,0
DA:63,0
DA:75,0
DA:115,0
DA:118,0
DA:125,0
DA:132,0
DA:133,0
DA:137,0
DA:139,0
DA:142,0
DA:144,0
DA:145,0
DA:148,0
DA:149,0
DA:151,0
DA:156,0
DA:157,0
DA:158,0
DA:159,0
DA:161,0
DA:171,0
DA:179,0
DA:180,0
DA:181,0
DA:182,0
DA:184,0
DA:196,0
DA:197,0
DA:198,0
DA:200,0
LF:44
LH:0
BRDA:22,0,0,0
BRDA:22,0,1,0
BRDA:23,1,0,0
BRDA:23,1,1,0
BRDA:27,2,0,0
BRDA:27,2,1,0
BRDA:34,3,0,0
BRDA:34,3,1,0
BRDA:38,4,0,0
BRDA:38,4,1,0
BRDA:115,5,0,0
BRDA:115,5,1,0
BRDA:137,6,0,0
BRDA:137,6,1,0
BRDA:142,7,0,0
BRDA:142,7,1,0
BRDA:144,8,0,0
BRDA:144,8,1,0
BRDA:159,9,0,0
BRDA:159,9,1,0
BRDA:180,10,0,0
BRDA:180,10,1,0
BRDA:181,11,0,0
BRDA:181,11,1,0
BRDA:182,12,0,0
BRDA:182,12,1,0
BRDA:190,13,0,0
BRDA:190,13,1,0
BRDA:197,14,0,0
BRDA:197,14,1,0
BRDA:198,15,0,0
BRDA:198,15,1,0
BRDA:13,16,0,0
BRDA:13,16,1,0
BRDA:13,17,0,0
BRDA:13,17,1,0
BRF:36
BRH:0
end_of_record
TN:
SF:src\admin\customers\dto\change-grade.dto.ts
FNF:0
FNH:0
DA:1,0
DA:3,0
DA:6,0
DA:11,0
LF:4
LH:0
BRF:0
BRH:0
end_of_record
TN:
SF:src\admin\customers\dto\deactivate.dto.ts
FNF:0
FNH:0
DA:1,0
DA:3,0
DA:6,0
LF:3
LH:0
BRF:0
BRH:0
end_of_record
TN:
SF:src\admin\dashboard\admin-dashboard.controller.ts
FN:8,parsePeriod
FN:16,(anonymous_5)
FN:19,(anonymous_6)
FN:24,(anonymous_7)
FN:29,(anonymous_8)
FN:34,(anonymous_9)
FN:43,(anonymous_10)
FN:48,(anonymous_11)
FN:53,(anonymous_12)
FN:58,(anonymous_13)
FN:63,(anonymous_14)
FNF:11
FNH:0
FNDA:0,parsePeriod
FNDA:0,(anonymous_5)
FNDA:0,(anonymous_6)
FNDA:0,(anonymous_7)
FNDA:0,(anonymous_8)
FNDA:0,(anonymous_9)
FNDA:0,(anonymous_10)
FNDA:0,(anonymous_11)
FNDA:0,(anonymous_12)
FNDA:0,(anonymous_13)
FNDA:0,(anonymous_14)
DA:1,0
DA:2,0
DA:3,0
DA:4,0
DA:9,0
DA:10,0
DA:15,0
DA:16,0
DA:19,0
DA:20,0
DA:24,0
DA:25,0
DA:29,0
DA:30,0
DA:34,0
DA:38,0
DA:39,0
DA:43,0
DA:44,0
DA:48,0
DA:49,0
DA:53,0
DA:54,0
DA:58,0
DA:59,0
DA:63,0
DA:64,0
LF:27
LH:0
BRDA:9,0,0,0
BRDA:9,0,1,0
BRDA:9,1,0,0
BRDA:9,1,1,0
BRDA:38,2,0,0
BRDA:38,2,1,0
BRDA:38,3,0,0
BRDA:38,3,1,0
BRDA:16,4,0,0
BRDA:16,4,1,0
BRDA:16,5,0,0
BRDA:16,5,1,0
BRF:12
BRH:0
end_of_record
TN:
SF:src\admin\dashboard\admin-dashboard.service.ts
FN:8,(anonymous_2)
FN:10,(anonymous_3)
FN:17,(anonymous_4)
FN:48,(anonymous_5)
FN:66,(anonymous_6)
FN:69,(anonymous_7)
FN:81,(anonymous_8)
FN:91,(anonymous_9)
FN:92,(anonymous_10)
FN:100,(anonymous_11)
FN:125,(anonymous_12)
FN:127,(anonymous_13)
FN:130,(anonymous_14)
FN:159,(anonymous_15)
FN:160,(anonymous_16)
FN:163,(anonymous_17)
FN:193,(anonymous_18)
FN:212,(anonymous_19)
FN:221,(anonymous_20)
FN:222,(anonymous_21)
FN:223,(anonymous_22)
FN:234,(anonymous_23)
FN:252,(anonymous_24)
FN:259,(anonymous_25)
FN:291,(anonymous_26)
FN:292,(anonymous_27)
FNF:26
FNH:0
FNDA:0,(anonymous_2)
FNDA:0,(anonymous_3)
FNDA:0,(anonymous_4)
FNDA:0,(anonymous_5)
FNDA:0,(anonymous_6)
FNDA:0,(anonymous_7)
FNDA:0,(anonymous_8)
FNDA:0,(anonymous_9)
FNDA:0,(anonymous_10)
FNDA:0,(anonymous_11)
FNDA:0,(anonymous_12)
FNDA:0,(anonymous_13)
FNDA:0,(anonymous_14)
FNDA:0,(anonymous_15)
FNDA:0,(anonymous_16)
FNDA:0,(anonymous_17)
FNDA:0,(anonymous_18)
FNDA:0,(anonymous_19)
FNDA:0,(anonymous_20)
FNDA:0,(anonymous_21)
FNDA:0,(anonymous_22)
FNDA:0,(anonymous_23)
FNDA:0,(anonymous_24)
FNDA:0,(anonymous_25)
FNDA:0,(anonymous_26)
FNDA:0,(anonymous_27)
DA:1,0
DA:2,0
DA:7,0
DA:8,0
DA:11,0
DA:12,0
DA:13,0
DA:14,0
DA:18,0
DA:21,0
DA:38,0
DA:39,0
DA:49,0
DA:51,0
DA:66,0
DA:69,0
DA:70,0
DA:71,0
DA:72,0
DA:73,0
DA:82,0
DA:91,0
DA:92,0
DA:101,0
DA:103,0
DA:115,0
DA:116,0
DA:117,0
DA:118,0
DA:119,0
DA:120,0
DA:121,0
DA:124,0
DA:125,0
DA:127,0
DA:131,0
DA:133,0
DA:149,0
DA:150,0
DA:151,0
DA:152,0
DA:153,0
DA:154,0
DA:155,0
DA:158,0
DA:159,0
DA:160,0
DA:164,0
DA:167,0
DA:193,0
DA:194,0
DA:195,0
DA:196,0
DA:197,0
DA:213,0
DA:215,0
DA:221,0
DA:222,0
DA:223,0
DA:225,0
DA:235,0
DA:237,0
DA:252,0
DA:253,0
DA:254,0
DA:256,0
DA:260,0
DA:262,0
DA:278,0
DA:282,0
DA:283,0
DA:284,0
DA:285,0
DA:286,0
DA:287,0
DA:290,0
DA:291,0
DA:292,0
LF:78
LH:0
BRDA:11,0,0,0
BRDA:11,0,1,0
BRDA:11,1,0,0
BRDA:11,1,1,0
BRDA:38,2,0,0
BRDA:38,2,1,0
BRDA:44,3,0,0
BRDA:44,3,1,0
BRDA:75,4,0,0
BRDA:75,4,1,0
BRDA:76,5,0,0
BRDA:76,5,1,0
BRDA:95,6,0,0
BRDA:95,6,1,0
BRDA:118,7,0,0
BRDA:118,7,1,0
BRDA:152,8,0,0
BRDA:152,8,1,0
BRDA:205,9,0,0
BRDA:205,9,1,0
BRDA:223,10,0,0
BRDA:223,10,1,0
BRDA:230,11,0,0
BRDA:230,11,1,0
BRDA:284,12,0,0
BRDA:284,12,1,0
BRDA:8,13,0,0
BRDA:8,13,1,0
BRDA:8,14,0,0
BRDA:8,14,1,0
BRF:30
BRH:0
end_of_record
TN:
SF:src\admin\events\admin-events.controller.ts
FN:17,(anonymous_4)
FN:23,(anonymous_5)
FN:34,(anonymous_6)
FN:46,(anonymous_7)
FNF:4
FNH:0
FNDA:0,(anonymous_4)
FNDA:0,(anonymous_5)
FNDA:0,(anonymous_6)
FNDA:0,(anonymous_7)
DA:1,0
DA:9,0
DA:10,0
DA:11,0
DA:12,0
DA:16,0
DA:18,0
DA:19,0
DA:23,0
DA:24,0
DA:34,0
DA:35,0
DA:46,0
DA:47,0
LF:14
LH:0
BRDA:18,0,0,0
BRDA:18,0,1,0
BRDA:18,1,0,0
BRDA:18,1,1,0
BRDA:18,2,0,0
BRDA:18,2,1,0
BRDA:18,3,0,0
BRDA:18,3,1,0
BRF:8
BRH:0
end_of_record
TN:
SF:src\admin\inquiries\admin-inquiries.controller.ts
FN:19,(anonymous_4)
FN:22,(anonymous_5)
FN:30,(anonymous_6)
FN:35,(anonymous_7)
FNF:4
FNH:0
FNDA:0,(anonymous_4)
FNDA:0,(anonymous_5)
FNDA:0,(anonymous_6)
FNDA:0,(anonymous_7)
DA:1,0
DA:11,0
DA:12,0
DA:13,0
DA:14,0
DA:18,0
DA:19,0
DA:22,0
DA:26,0
DA:30,0
DA:31,0
DA:35,0
DA:39,0
LF:13
LH:0
BRDA:37,0,0,0
BRDA:37,0,1,0
BRDA:37,1,0,0
BRDA:37,1,1,0
BRDA:19,2,0,0
BRDA:19,2,1,0
BRDA:19,3,0,0
BRDA:19,3,1,0
BRF:8
BRH:0
end_of_record
TN:
SF:src\admin\inquiries\admin-inquiries.service.ts
FN:7,(anonymous_2)
FN:9,(anonymous_3)
FN:26,(anonymous_4)
FN:40,(anonymous_5)
FNF:4
FNH:0
FNDA:0,(anonymous_2)
FNDA:0,(anonymous_3)
FNDA:0,(anonymous_4)
FNDA:0,(anonymous_5)
DA:1,0
DA:2,0
DA:6,0
DA:7,0
DA:10,0
DA:27,0
DA:36,0
DA:37,0
DA:41,0
DA:42,0
LF:10
LH:0
BRDA:12,0,0,0
BRDA:12,0,1,0
BRDA:13,1,0,0
BRDA:13,1,1,0
BRDA:36,2,0,0
BRDA:36,2,1,0
BRDA:46,3,0,0
BRDA:46,3,1,0
BRDA:7,4,0,0
BRDA:7,4,1,0
BRDA:7,5,0,0
BRDA:7,5,1,0
BRF:12
BRH:0
end_of_record
TN:
SF:src\admin\inquiries\dto\answer-inquiry.dto.ts
FNF:0
FNH:0
DA:1,0
DA:3,0
DA:6,0
DA:10,0
LF:4
LH:0
BRF:0
BRH:0
end_of_record
TN:
SF:src\admin\movies\admin-movies.controller.ts
FN:24,(anonymous_4)
FN:27,(anonymous_5)
FN:32,(anonymous_6)
FN:37,(anonymous_7)
FN:42,(anonymous_8)
FN:51,(anonymous_9)
FNF:6
FNH:0
FNDA:0,(anonymous_4)
FNDA:0,(anonymous_5)
FNDA:0,(anonymous_6)
FNDA:0,(anonymous_7)
FNDA:0,(anonymous_8)
FNDA:0,(anonymous_9)
DA:1,0
DA:15,0
DA:16,0
DA:17,0
DA:18,0
DA:19,0
DA:23,0
DA:24,0
DA:27,0
DA:28,0
DA:32,0
DA:33,0
DA:37,0
DA:38,0
DA:42,0
DA:46,0
DA:51,0
DA:52,0
LF:18
LH:0
BRDA:37,0,0,0
BRDA:37,0,1,0
BRDA:37,1,0,0
BRDA:37,1,1,0
BRDA:44,2,0,0
BRDA:44,2,1,0
BRDA:44,3,0,0
BRDA:44,3,1,0
BRDA:24,4,0,0
BRDA:24,4,1,0
BRDA:24,5,0,0
BRDA:24,5,1,0
BRF:12
BRH:0
end_of_record
TN:
SF:src\admin\movies\admin-movies.service.ts
FN:12,(anonymous_2)
FN:14,(anonymous_3)
FN:32,(anonymous_4)
FN:45,(anonymous_5)
FN:56,(anonymous_6)
FN:65,(anonymous_7)
FN:68,(anonymous_8)
FN:87,(anonymous_9)
FN:98,(anonymous_10)
FNF:9
FNH:0
FNDA:0,(anonymous_2)
FNDA:0,(anonymous_3)
FNDA:0,(anonymous_4)
FNDA:0,(anonymous_5)
FNDA:0,(anonymous_6)
FNDA:0,(anonymous_7)
FNDA:0,(anonymous_8)
FNDA:0,(anonymous_9)
FNDA:0,(anonymous_10)
DA:1,0
DA:6,0
DA:11,0
DA:12,0
DA:15,0
DA:33,0
DA:41,0
DA:42,0
DA:46,0
DA:56,0
DA:66,0
DA:68,0
DA:69,0
DA:70,0
DA:73,0
DA:87,0
DA:99,0
DA:101,0
DA:104,0
DA:105,0
DA:110,0
LF:21
LH:0
BRDA:17,0,0,0
BRDA:17,0,1,0
BRDA:20,1,0,0
BRDA:20,1,1,0
BRDA:41,2,0,0
BRDA:41,2,1,0
BRDA:51,3,0,0
BRDA:51,3,1,0
BRDA:69,4,0,0
BRDA:69,4,1,0
BRDA:76,5,0,0
BRDA:76,5,1,0
BRDA:77,6,0,0
BRDA:77,6,1,0
BRDA:78,7,0,0
BRDA:78,7,1,0
BRDA:79,8,0,0
BRDA:79,8,1,0
BRDA:80,9,0,0
BRDA:80,9,1,0
BRDA:81,10,0,0
BRDA:81,10,1,0
BRDA:84,11,0,0
BRDA:84,11,1,0
BRDA:85,12,0,0
BRDA:85,12,1,0
BRDA:104,13,0,0
BRDA:104,13,1,0
BRDA:12,14,0,0
BRDA:12,14,1,0
BRDA:12,15,0,0
BRDA:12,15,1,0
BRF:32
BRH:0
end_of_record
TN:
SF:src\admin\movies\dto\create-movie.dto.ts
FNF:0
FNH:0
DA:1,0
DA:13,0
DA:16,0
DA:21,0
DA:24,0
DA:28,0
DA:32,0
DA:35,0
DA:40,0
LF:9
LH:0
BRF:0
BRH:0
end_of_record
TN:
SF:src\admin\movies\dto\update-movie.dto.ts
FNF:0
FNH:0
DA:1,0
DA:13,0
DA:17,0
DA:23,0
DA:27,0
DA:32,0
DA:36,0
DA:40,0
DA:46,0
LF:9
LH:0
BRF:0
BRH:0
end_of_record
TN:
SF:src\admin\screenings\admin-screenings.controller.ts
FN:21,(anonymous_4)
FN:24,(anonymous_5)
FN:29,(anonymous_6)
FN:34,(anonymous_7)
FN:39,(anonymous_8)
FN:44,(anonymous_9)
FN:49,(anonymous_10)
FNF:7
FNH:0
FNDA:0,(anonymous_4)
FNDA:0,(anonymous_5)
FNDA:0,(anonymous_6)
FNDA:0,(anonymous_7)
FNDA:0,(anonymous_8)
FNDA:0,(anonymous_9)
FNDA:0,(anonymous_10)
DA:1,0
DA:12,0
DA:13,0
DA:14,0
DA:15,0
DA:16,0
DA:20,0
DA:21,0
DA:24,0
DA:25,0
DA:29,0
DA:30,0
DA:34,0
DA:35,0
DA:39,0
DA:40,0
DA:44,0
DA:45,0
DA:49,0
DA:50,0
LF:20
LH:0
BRDA:39,0,0,0
BRDA:39,0,1,0
BRDA:39,1,0,0
BRDA:39,1,1,0
BRDA:44,2,0,0
BRDA:44,2,1,0
BRDA:44,3,0,0
BRDA:44,3,1,0
BRDA:21,4,0,0
BRDA:21,4,1,0
BRDA:21,5,0,0
BRDA:21,5,1,0
BRF:12
BRH:0
end_of_record
TN:
SF:src\admin\screenings\admin-screenings.service.ts
FN:13,(anonymous_2)
FN:15,(anonymous_3)
FN:32,(anonymous_4)
FN:65,(anonymous_5)
FN:137,(anonymous_6)
FN:169,(anonymous_7)
FN:183,(anonymous_8)
FN:184,(anonymous_9)
FN:202,(anonymous_10)
FN:223,(anonymous_11)
FNF:10
FNH:0
FNDA:0,(anonymous_2)
FNDA:0,(anonymous_3)
FNDA:0,(anonymous_4)
FNDA:0,(anonymous_5)
FNDA:0,(anonymous_6)
FNDA:0,(anonymous_7)
FNDA:0,(anonymous_8)
FNDA:0,(anonymous_9)
FNDA:0,(anonymous_10)
FNDA:0,(anonymous_11)
DA:1,0
DA:7,0
DA:12,0
DA:13,0
DA:21,0
DA:29,0
DA:33,0
DA:34,0
DA:36,0
DA:37,0
DA:39,0
DA:40,0
DA:42,0
DA:43,0
DA:46,0
DA:47,0
DA:50,0
DA:66,0
DA:67,0
DA:69,0
DA:70,0
DA:71,0
DA:72,0
DA:75,0
DA:76,0
DA:78,0
DA:79,0
DA:80,0
DA:81,0
DA:84,0
DA:88,0
DA:89,0
DA:90,0
DA:91,0
DA:92,0
DA:94,0
DA:96,0
DA:97,0
DA:101,0
DA:104,0
DA:105,0
DA:108,0
DA:109,0
DA:111,0
DA:112,0
DA:113,0
DA:114,0
DA:117,0
DA:126,0
DA:129,0
DA:144,0
DA:145,0
DA:146,0
DA:148,0
DA:170,0
DA:184,0
DA:185,0
DA:192,0
DA:193,0
DA:198,0
DA:202,0
DA:204,0
DA:205,0
DA:208,0
DA:211,0
DA:214,0
DA:219,0
DA:224,0
LF:68
LH:0
BRDA:24,0,0,0
BRDA:24,0,1,0
BRDA:34,1,0,0
BRDA:34,1,1,0
BRDA:37,2,0,0
BRDA:37,2,1,0
BRDA:42,3,0,0
BRDA:42,3,1,0
BRDA:46,4,0,0
BRDA:46,4,1,0
BRDA:67,5,0,0
BRDA:67,5,1,0
BRDA:71,6,0,0
BRDA:71,6,1,0
BRDA:80,7,0,0
BRDA:80,7,1,0
BRDA:84,8,0,0
BRDA:84,8,1,0
BRDA:84,8,2,0
BRDA:84,8,3,0
BRDA:84,8,4,0
BRDA:88,9,0,0
BRDA:88,9,1,0
BRDA:94,10,0,0
BRDA:94,10,1,0
BRDA:104,11,0,0
BRDA:104,11,1,0
BRDA:112,12,0,0
BRDA:112,12,1,0
BRDA:144,13,0,0
BRDA:144,13,1,0
BRDA:145,14,0,0
BRDA:145,14,1,0
BRDA:146,15,0,0
BRDA:146,15,1,0
BRDA:150,16,0,0
BRDA:150,16,1,0
BRDA:151,17,0,0
BRDA:151,17,1,0
BRDA:152,18,0,0
BRDA:152,18,1,0
BRDA:153,19,0,0
BRDA:153,19,1,0
BRDA:153,19,2,0
BRDA:192,20,0,0
BRDA:192,20,1,0
BRDA:204,21,0,0
BRDA:204,21,1,0
BRDA:13,22,0,0
BRDA:13,22,1,0
BRDA:13,23,0,0
BRDA:13,23,1,0
BRF:52
BRH:0
end_of_record
TN:
SF:src\admin\screenings\dto\bulk-create-screening.dto.ts
FNF:0
FNH:0
DA:1,0
DA:10,0
DA:12,0
DA:15,0
DA:19,0
DA:22,0
DA:25,0
DA:29,0
DA:34,0
LF:9
LH:0
BRF:0
BRH:0
end_of_record
TN:
SF:src\admin\screenings\dto\create-screening.dto.ts
FNF:0
FNH:0
DA:1,0
DA:3,0
DA:5,0
DA:8,0
DA:11,0
DA:15,0
LF:6
LH:0
BRF:0
BRH:0
end_of_record
TN:
SF:src\auth\admin.guard.ts
FN:5,(anonymous_1)
FNF:1
FNH:0
FNDA:0,(anonymous_1)
DA:1,0
DA:4,0
DA:6,0
DA:7,0
DA:9,0
DA:10,0
DA:13,0
DA:14,0
DA:17,0
LF:9
LH:0
BRDA:9,0,0,0
BRDA:9,0,1,0
BRDA:13,1,0,0
BRDA:13,1,1,0
BRF:4
BRH:0
end_of_record
TN:
SF:src\auth\auth.controller.ts
FN:8,(anonymous_4)
FN:11,(anonymous_5)
FN:16,(anonymous_6)
FNF:3
FNH:0
FNDA:0,(anonymous_4)
FNDA:0,(anonymous_5)
FNDA:0,(anonymous_6)
DA:1,0
DA:2,0
DA:3,0
DA:4,0
DA:7,0
DA:8,0
DA:11,0
DA:12,0
DA:16,0
DA:17,0
LF:10
LH:0
BRDA:11,0,0,0
BRDA:11,0,1,0
BRDA:11,1,0,0
BRDA:11,1,1,0
BRDA:16,2,0,0
BRDA:16,2,1,0
BRDA:16,3,0,0
BRDA:16,3,1,0
BRDA:8,4,0,0
BRDA:8,4,1,0
BRDA:8,5,0,0
BRDA:8,5,1,0
BRF:12
BRH:0
end_of_record
TN:
SF:src\auth\auth.module.ts
FNF:0
FNH:0
DA:1,0
DA:2,0
DA:3,0
DA:4,0
DA:5,0
DA:6,0
DA:7,0
DA:21,0
LF:8
LH:0
BRDA:13,0,0,0
BRDA:13,0,1,0
BRF:2
BRH:0
end_of_record
TN:
SF:src\auth\auth.service.ts
FN:15,(anonymous_11)
FN:21,(anonymous_12)
FN:38,(anonymous_13)
FN:56,(anonymous_14)
FNF:4
FNH:0
FNDA:0,(anonymous_11)
FNDA:0,(anonymous_12)
FNDA:0,(anonymous_13)
FNDA:0,(anonymous_14)
DA:1,0
DA:6,0
DA:7,0
DA:8,0
DA:9,0
DA:14,0
DA:16,0
DA:17,0
DA:18,0
DA:22,0
DA:25,0
DA:27,0
DA:28,0
DA:32,0
DA:34,0
DA:35,0
DA:39,0
DA:42,0
DA:44,0
DA:45,0
DA:48,0
DA:49,0
DA:51,0
DA:52,0
DA:53,0
DA:57,0
LF:26
LH:0
BRDA:25,0,0,0
BRDA:25,0,1,0
BRDA:42,1,0,0
BRDA:42,1,1,0
BRDA:44,2,0,0
BRDA:44,2,1,0
BRDA:49,3,0,0
BRDA:49,3,1,0
BRDA:16,4,0,0
BRDA:16,4,1,0
BRDA:16,5,0,0
BRDA:16,5,1,0
BRDA:16,6,0,0
BRDA:16,6,1,0
BRDA:16,7,0,0
BRDA:16,7,1,0
BRDA:17,8,0,0
BRDA:17,8,1,0
BRDA:17,9,0,0
BRDA:17,9,1,0
BRF:20
BRH:0
end_of_record
TN:
SF:src\auth\get-user.decorator.ts
FN:4,(anonymous_0)
FNF:1
FNH:0
FNDA:0,(anonymous_0)
DA:1,0
DA:3,0
DA:5,0
DA:6,0
LF:4
LH:0
BRF:0
BRH:0
end_of_record
TN:
SF:src\auth\jwt-auth.guard.ts
FNF:0
FNH:0
DA:1,0
DA:2,0
DA:5,0
LF:3
LH:0
BRF:0
BRH:0
end_of_record
TN:
SF:src\auth\jwt.strategy.ts
FN:13,(anonymous_2)
FN:21,(anonymous_3)
FNF:2
FNH:0
FNDA:0,(anonymous_2)
FNDA:0,(anonymous_3)
DA:1,0
DA:2,0
DA:3,0
DA:12,0
DA:14,0
DA:22,0
LF:6
LH:0
BRDA:17,0,0,0
BRDA:17,0,1,0
BRDA:22,1,0,0
BRDA:22,1,1,0
BRF:4
BRH:0
end_of_record
TN:
SF:src\auth\optional-jwt-auth.guard.ts
FN:6,(anonymous_1)
FN:10,(anonymous_2)
FNF:2
FNH:0
FNDA:0,(anonymous_1)
FNDA:0,(anonymous_2)
DA:1,0
DA:2,0
DA:5,0
DA:7,0
DA:11,0
LF:5
LH:0
BRDA:11,0,0,0
BRDA:11,0,1,0
BRF:2
BRH:0
end_of_record
TN:
SF:src\auth\dto\login.dto.ts
FNF:0
FNH:0
DA:1,0
DA:3,0
DA:5,0
DA:8,0
LF:4
LH:0
BRF:0
BRH:0
end_of_record
TN:
SF:src\auth\dto\signup.dto.ts
FNF:0
FNH:0
DA:1,0
DA:3,0
DA:5,0
DA:9,0
DA:12,0
DA:16,0
LF:6
LH:0
BRF:0
BRH:0
end_of_record
TN:
SF:src\cinemas\cinemas.controller.ts
FN:6,(anonymous_4)
FN:9,(anonymous_5)
FN:14,(anonymous_6)
FNF:3
FNH:0
FNDA:0,(anonymous_4)
FNDA:0,(anonymous_5)
FNDA:0,(anonymous_6)
DA:1,0
DA:2,0
DA:5,0
DA:6,0
DA:9,0
DA:10,0
DA:14,0
DA:15,0
LF:8
LH:0
BRDA:6,0,0,0
BRDA:6,0,1,0
BRDA:6,1,0,0
BRDA:6,1,1,0
BRF:4
BRH:0
end_of_record
TN:
SF:src\cinemas\cinemas.module.ts
FNF:0
FNH:0
DA:1,0
DA:2,0
DA:3,0
DA:9,0
LF:4
LH:0
BRF:0
BRH:0
end_of_record
TN:
SF:src\cinemas\cinemas.service.ts
FN:6,(anonymous_2)
FN:8,(anonymous_3)
FN:13,(anonymous_4)
FN:16,(anonymous_5)
FN:28,(anonymous_6)
FNF:5
FNH:0
FNDA:0,(anonymous_2)
FNDA:0,(anonymous_3)
FNDA:0,(anonymous_4)
FNDA:0,(anonymous_5)
FNDA:0,(anonymous_6)
DA:1,0
DA:2,0
DA:5,0
DA:6,0
DA:9,0
DA:13,0
DA:17,0
DA:21,0
DA:23,0
DA:24,0
DA:25,0
DA:26,0
DA:28,0
DA:29,0
DA:41,0
LF:15
LH:0
BRDA:21,0,0,0
BRDA:21,0,1,0
BRDA:6,1,0,0
BRDA:6,1,1,0
BRDA:6,2,0,0
BRDA:6,2,1,0
BRF:6
BRH:0
end_of_record
TN:
SF:src\coupons\coupons.controller.ts
FN:17,(anonymous_4)
FN:20,(anonymous_5)
FN:28,(anonymous_6)
FN:36,(anonymous_7)
FNF:4
FNH:0
FNDA:0,(anonymous_4)
FNDA:0,(anonymous_5)
FNDA:0,(anonymous_6)
FNDA:0,(anonymous_7)
DA:1,0
DA:9,0
DA:10,0
DA:11,0
DA:12,0
DA:16,0
DA:17,0
DA:20,0
DA:24,0
DA:28,0
DA:32,0
DA:36,0
DA:40,0
LF:13
LH:0
BRDA:30,0,0,0
BRDA:40,1,0,0
BRDA:40,1,1,0
BRDA:22,2,0,0
BRDA:22,2,1,0
BRDA:22,3,0,0
BRDA:22,3,1,0
BRDA:17,4,0,0
BRDA:17,4,1,0
BRDA:17,5,0,0
BRDA:17,5,1,0
BRF:11
BRH:0
end_of_record
TN:
SF:src\coupons\coupons.module.ts
FNF:0
FNH:0
DA:1,0
DA:2,0
DA:3,0
DA:4,0
DA:12,0
LF:5
LH:0
BRF:0
BRH:0
end_of_record
TN:
SF:src\coupons\coupons.service.ts
FN:11,(anonymous_2)
FN:13,(anonymous_3)
FN:33,(anonymous_4)
FN:63,(anonymous_5)
FN:81,(anonymous_6)
FN:83,(anonymous_7)
FNF:6
FNH:0
FNDA:0,(anonymous_2)
FNDA:0,(anonymous_3)
FNDA:0,(anonymous_4)
FNDA:0,(anonymous_5)
FNDA:0,(anonymous_6)
FNDA:0,(anonymous_7)
DA:1,0
DA:7,0
DA:10,0
DA:11,0
DA:14,0
DA:18,0
DA:19,0
DA:26,0
DA:34,0
DA:35,0
DA:36,0
DA:37,0
DA:38,0
DA:41,0
DA:44,0
DA:46,0
DA:55,0
DA:60,0
DA:67,0
DA:68,0
DA:74,0
DA:82,0
DA:83,0
LF:23
LH:0
BRDA:35,0,0,0
BRDA:35,0,1,0
BRDA:36,1,0,0
BRDA:36,1,1,0
BRDA:37,2,0,0
BRDA:37,2,1,0
BRDA:44,3,0,0
BRDA:44,3,1,0
BRDA:65,4,0,0
BRDA:67,5,0,0
BRDA:67,5,1,0
BRDA:11,6,0,0
BRDA:11,6,1,0
BRDA:11,7,0,0
BRDA:11,7,1,0
BRF:15
BRH:0
end_of_record
TN:
SF:src\coupons\dto\redeem-coupon.dto.ts
FNF:0
FNH:0
DA:1,0
DA:3,0
DA:6,0
LF:3
LH:0
BRF:0
BRH:0
end_of_record
TN:
SF:src\customer-service\customer-service.controller.ts
FN:6,(anonymous_4)
FN:10,(anonymous_5)
FN:16,(anonymous_6)
FN:24,(anonymous_7)
FNF:4
FNH:0
FNDA:0,(anonymous_4)
FNDA:0,(anonymous_5)
FNDA:0,(anonymous_6)
FNDA:0,(anonymous_7)
DA:1,0
DA:2,0
DA:5,0
DA:6,0
DA:10,0
DA:11,0
DA:16,0
DA:17,0
DA:24,0
DA:25,0
LF:10
LH:0
BRDA:18,0,0,0
BRDA:18,0,1,0
BRDA:6,1,0,0
BRDA:6,1,1,0
BRDA:6,2,0,0
BRDA:6,2,1,0
BRF:6
BRH:0
end_of_record
TN:
SF:src\customer-service\customer-service.module.ts
FNF:0
FNH:0
DA:1,0
DA:2,0
DA:3,0
DA:4,0
DA:11,0
LF:5
LH:0
BRF:0
BRH:0
end_of_record
TN:
SF:src\customer-service\customer-service.service.ts
FN:6,(anonymous_2)
FN:8,(anonymous_3)
FN:19,(anonymous_4)
FN:38,(anonymous_5)
FNF:4
FNH:0
FNDA:0,(anonymous_2)
FNDA:0,(anonymous_3)
FNDA:0,(anonymous_4)
FNDA:0,(anonymous_5)
DA:1,0
DA:2,0
DA:5,0
DA:6,0
DA:9,0
DA:20,0
DA:39,0
LF:7
LH:0
BRDA:13,0,0,0
BRDA:13,0,1,0
BRDA:6,1,0,0
BRDA:6,1,1,0
BRDA:6,2,0,0
BRDA:6,2,1,0
BRF:6
BRH:0
end_of_record
TN:
SF:src\events\events.controller.ts
FN:18,(anonymous_4)
FN:22,(anonymous_5)
FN:32,(anonymous_6)
FN:39,(anonymous_7)
FN:49,(anonymous_8)
FN:59,(anonymous_9)
FNF:6
FNH:0
FNDA:0,(anonymous_4)
FNDA:0,(anonymous_5)
FNDA:0,(anonymous_6)
FNDA:0,(anonymous_7)
FNDA:0,(anonymous_8)
FNDA:0,(anonymous_9)
DA:1,0
DA:11,0
DA:12,0
DA:13,0
DA:14,0
DA:17,0
DA:18,0
DA:22,0
DA:26,0
DA:32,0
DA:33,0
DA:39,0
DA:43,0
DA:49,0
DA:53,0
DA:59,0
DA:63,0
LF:17
LH:0
BRDA:18,0,0,0
BRDA:18,0,1,0
BRDA:18,1,0,0
BRDA:18,1,1,0
BRF:4
BRH:0
end_of_record
TN:
SF:src\events\events.module.ts
FNF:0
FNH:0
DA:1,0
DA:2,0
DA:3,0
DA:10,0
LF:4
LH:0
BRF:0
BRH:0
end_of_record
TN:
SF:src\events\events.service.ts
FN:12,(anonymous_2)
FN:14,(anonymous_3)
FN:28,(anonymous_4)
FN:49,(anonymous_5)
FN:83,(anonymous_6)
FN:95,(anonymous_7)
FN:108,(anonymous_8)
FN:116,(anonymous_9)
FN:117,(anonymous_10)
FN:175,(anonymous_11)
FN:176,(anonymous_12)
FN:179,(anonymous_13)
FNF:12
FNH:0
FNDA:0,(anonymous_2)
FNDA:0,(anonymous_3)
FNDA:0,(anonymous_4)
FNDA:0,(anonymous_5)
FNDA:0,(anonymous_6)
FNDA:0,(anonymous_7)
FNDA:0,(anonymous_8)
FNDA:0,(anonymous_9)
FNDA:0,(anonymous_10)
FNDA:0,(anonymous_11)
FNDA:0,(anonymous_12)
FNDA:0,(anonymous_13)
DA:1,0
DA:8,0
DA:11,0
DA:12,0
DA:15,0
DA:29,0
DA:37,0
DA:39,0
DA:46,0
DA:50,0
DA:51,0
DA:52,0
DA:53,0
DA:55,0
DA:56,0
DA:58,0
DA:59,0
DA:62,0
DA:63,0
DA:67,0
DA:68,0
DA:72,0
DA:73,0
DA:78,0
DA:79,0
DA:84,0
DA:96,0
DA:99,0
DA:100,0
DA:102,0
DA:109,0
DA:113,0
DA:114,0
DA:116,0
DA:117,0
DA:120,0
DA:121,0
DA:122,0
DA:123,0
DA:126,0
DA:127,0
DA:129,0
DA:130,0
DA:131,0
DA:132,0
DA:133,0
DA:135,0
DA:136,0
DA:138,0
DA:139,0
DA:140,0
DA:141,0
DA:148,0
DA:149,0
DA:156,0
DA:166,0
DA:175,0
DA:176,0
DA:177,0
DA:178,0
DA:179,0
DA:184,0
DA:189,0
LF:63
LH:0
BRDA:17,0,0,0
BRDA:17,0,1,0
BRDA:18,1,0,0
BRDA:18,1,1,0
BRDA:37,2,0,0
BRDA:37,2,1,0
BRDA:39,3,0,0
BRDA:39,3,1,0
BRDA:51,4,0,0
BRDA:51,4,1,0
BRDA:52,5,0,0
BRDA:52,5,1,0
BRDA:55,6,0,0
BRDA:55,6,1,0
BRDA:58,7,0,0
BRDA:58,7,1,0
BRDA:62,8,0,0
BRDA:62,8,1,0
BRDA:62,9,0,0
BRDA:62,9,1,0
BRDA:67,10,0,0
BRDA:67,10,1,0
BRDA:78,11,0,0
BRDA:78,11,1,0
BRDA:99,12,0,0
BRDA:99,12,1,0
BRDA:99,13,0,0
BRDA:99,13,1,0
BRDA:113,14,0,0
BRDA:113,14,1,0
BRDA:114,15,0,0
BRDA:114,15,1,0
BRDA:130,16,0,0
BRDA:130,16,1,0
BRDA:138,17,0,0
BRDA:138,17,1,0
BRDA:138,18,0,0
BRDA:138,18,1,0
BRDA:140,19,0,0
BRDA:140,19,1,0
BRDA:177,20,0,0
BRDA:177,20,1,0
BRDA:12,21,0,0
BRDA:12,21,1,0
BRDA:12,22,0,0
BRDA:12,22,1,0
BRF:46
BRH:0
end_of_record
TN:
SF:src\events\dto\apply-event.dto.ts
FNF:0
FNH:0
DA:1,0
LF:1
LH:0
BRF:0
BRH:0
end_of_record
TN:
SF:src\inquiries\inquiries.controller.ts
FN:23,(anonymous_4)
FN:27,(anonymous_5)
FN:33,(anonymous_6)
FN:43,(anonymous_7)
FN:52,(anonymous_8)
FN:61,(anonymous_9)
FN:70,(anonymous_10)
FN:79,(anonymous_11)
FN:88,(anonymous_12)
FNF:9
FNH:0
FNDA:0,(anonymous_4)
FNDA:0,(anonymous_5)
FNDA:0,(anonymous_6)
FNDA:0,(anonymous_7)
FNDA:0,(anonymous_8)
FNDA:0,(anonymous_9)
FNDA:0,(anonymous_10)
FNDA:0,(anonymous_11)
FNDA:0,(anonymous_12)
DA:1,0
DA:13,0
DA:14,0
DA:15,0
DA:16,0
DA:17,0
DA:18,0
DA:22,0
DA:23,0
DA:27,0
DA:28,0
DA:33,0
DA:38,0
DA:43,0
DA:47,0
DA:52,0
DA:56,0
DA:61,0
DA:65,0
DA:70,0
DA:74,0
DA:79,0
DA:83,0
DA:88,0
DA:92,0
LF:25
LH:0
BRDA:45,0,0,0
BRDA:45,0,1,0
BRDA:45,1,0,0
BRDA:45,1,1,0
BRDA:54,2,0,0
BRDA:54,2,1,0
BRDA:54,3,0,0
BRDA:54,3,1,0
BRDA:63,4,0,0
BRDA:63,4,1,0
BRDA:63,5,0,0
BRDA:63,5,1,0
BRDA:23,6,0,0
BRDA:23,6,1,0
BRDA:23,7,0,0
BRDA:23,7,1,0
BRF:16
BRH:0
end_of_record
TN:
SF:src\inquiries\inquiries.module.ts
FNF:0
FNH:0
DA:1,0
DA:2,0
DA:3,0
DA:4,0
DA:11,0
LF:5
LH:0
BRF:0
BRH:0
end_of_record
TN:
SF:src\inquiries\inquiries.service.ts
FN:14,(anonymous_2)
FN:16,(anonymous_3)
FN:29,(anonymous_4)
FN:51,(anonymous_5)
FN:73,(anonymous_6)
FN:89,(anonymous_7)
FN:104,(anonymous_8)
FN:115,(anonymous_9)
FN:126,(anonymous_10)
FNF:9
FNH:0
FNDA:0,(anonymous_2)
FNDA:0,(anonymous_3)
FNDA:0,(anonymous_4)
FNDA:0,(anonymous_5)
FNDA:0,(anonymous_6)
FNDA:0,(anonymous_7)
FNDA:0,(anonymous_8)
FNDA:0,(anonymous_9)
FNDA:0,(anonymous_10)
DA:1,0
DA:7,0
DA:13,0
DA:14,0
DA:17,0
DA:30,0
DA:52,0
DA:74,0
DA:90,0
DA:98,0
DA:99,0
DA:101,0
DA:105,0
DA:106,0
DA:107,0
DA:109,0
DA:116,0
DA:117,0
DA:118,0
DA:120,0
DA:121,0
DA:123,0
DA:127,0
DA:134,0
LF:24
LH:0
BRDA:77,0,0,0
BRDA:77,0,1,0
BRDA:78,1,0,0
BRDA:78,1,1,0
BRDA:98,2,0,0
BRDA:98,2,1,0
BRDA:98,3,0,0
BRDA:98,3,1,0
BRDA:106,4,0,0
BRDA:106,4,1,0
BRDA:106,5,0,0
BRDA:106,5,1,0
BRDA:117,6,0,0
BRDA:117,6,1,0
BRDA:117,7,0,0
BRDA:117,7,1,0
BRDA:120,8,0,0
BRDA:120,8,1,0
BRDA:14,9,0,0
BRDA:14,9,1,0
BRDA:14,10,0,0
BRDA:14,10,1,0
BRF:22
BRH:0
end_of_record
TN:
SF:src\inquiries\dto\create-group.dto.ts
FN:23,(anonymous_2)
FNF:1
FNH:0
FNDA:0,(anonymous_2)
DA:1,0
DA:2,0
DA:4,0
DA:7,0
DA:11,0
DA:15,0
DA:19,0
DA:23,0
DA:24,0
DA:27,0
DA:31,0
DA:35,0
LF:12
LH:0
BRF:0
BRH:0
end_of_record
TN:
SF:src\inquiries\dto\create-lost-item.dto.ts
FNF:0
FNH:0
DA:1,0
DA:3,0
DA:6,0
DA:10,0
DA:14,0
DA:17,0
DA:21,0
DA:25,0
DA:29,0
DA:33,0
LF:10
LH:0
BRF:0
BRH:0
end_of_record
TN:
SF:src\inquiries\dto\create-one-on-one.dto.ts
FNF:0
FNH:0
DA:1,0
DA:3,0
DA:6,0
DA:10,0
DA:14,0
DA:18,0
LF:6
LH:0
BRF:0
BRH:0
end_of_record
TN:
SF:src\membership\membership.controller.ts
FN:8,(anonymous_4)
FN:11,(anonymous_5)
FN:17,(anonymous_6)
FNF:3
FNH:0
FNDA:0,(anonymous_4)
FNDA:0,(anonymous_5)
FNDA:0,(anonymous_6)
DA:1,0
DA:2,0
DA:3,0
DA:4,0
DA:7,0
DA:8,0
DA:11,0
DA:12,0
DA:17,0
DA:18,0
LF:10
LH:0
BRDA:8,0,0,0
BRDA:8,0,1,0
BRDA:8,1,0,0
BRDA:8,1,1,0
BRF:4
BRH:0
end_of_record
TN:
SF:src\membership\membership.module.ts
FNF:0
FNH:0
DA:1,0
DA:2,0
DA:3,0
DA:4,0
DA:12,0
LF:5
LH:0
BRF:0
BRH:0
end_of_record
TN:
SF:src\membership\membership.service.ts
FN:11,(anonymous_2)
FN:13,(anonymous_3)
FN:51,(anonymous_4)
FN:55,(anonymous_5)
FN:78,(anonymous_6)
FN:85,(anonymous_7)
FN:95,(anonymous_8)
FN:103,(anonymous_9)
FNF:8
FNH:0
FNDA:0,(anonymous_2)
FNDA:0,(anonymous_3)
FNDA:0,(anonymous_4)
FNDA:0,(anonymous_5)
FNDA:0,(anonymous_6)
FNDA:0,(anonymous_7)
FNDA:0,(anonymous_8)
FNDA:0,(anonymous_9)
DA:1,0
DA:3,0
DA:7,0
DA:10,0
DA:11,0
DA:14,0
DA:19,0
DA:20,0
DA:21,0
DA:23,0
DA:28,0
DA:29,0
DA:31,0
DA:41,0
DA:42,0
DA:45,0
DA:48,0
DA:52,0
DA:56,0
DA:64,0
DA:69,0
DA:79,0
DA:86,0
DA:96,0
DA:97,0
DA:98,0
DA:99,0
DA:100,0
DA:104,0
DA:109,0
DA:110,0
DA:111,0
DA:118,0
LF:33
LH:0
BRDA:28,0,0,0
BRDA:28,0,1,0
BRDA:36,1,0,0
BRDA:36,1,1,0
BRDA:41,2,0,0
BRDA:41,2,1,0
BRDA:73,3,0,0
BRDA:73,3,1,0
BRDA:98,4,0,0
BRDA:98,4,1,0
BRDA:99,5,0,0
BRDA:99,5,1,0
BRDA:11,6,0,0
BRDA:11,6,1,0
BRDA:11,7,0,0
BRDA:11,7,1,0
BRF:16
BRH:0
end_of_record
TN:
SF:src\movies\movies.controller.ts
FN:6,(anonymous_4)
FN:9,(anonymous_5)
FN:14,(anonymous_6)
FNF:3
FNH:0
FNDA:0,(anonymous_4)
FNDA:0,(anonymous_5)
FNDA:0,(anonymous_6)
DA:1,0
DA:2,0
DA:5,0
DA:6,0
DA:9,0
DA:10,0
DA:14,0
DA:15,0
LF:8
LH:0
BRDA:6,0,0,0
BRDA:6,0,1,0
BRDA:6,1,0,0
BRDA:6,1,1,0
BRF:4
BRH:0
end_of_record
TN:
SF:src\movies\movies.module.ts
FNF:0
FNH:0
DA:1,0
DA:2,0
DA:3,0
DA:9,0
LF:4
LH:0
BRF:0
BRH:0
end_of_record
TN:
SF:src\movies\movies.service.ts
FN:6,(anonymous_2)
FN:9,(anonymous_3)
FN:20,(anonymous_4)
FN:22,(anonymous_5)
FN:26,(anonymous_6)
FN:49,(anonymous_7)
FN:54,(anonymous_8)
FN:57,(anonymous_9)
FN:58,(anonymous_10)
FN:59,(anonymous_11)
FN:60,(anonymous_12)
FN:60,(anonymous_13)
FN:64,(anonymous_14)
FNF:13
FNH:0
FNDA:0,(anonymous_2)
FNDA:0,(anonymous_3)
FNDA:0,(anonymous_4)
FNDA:0,(anonymous_5)
FNDA:0,(anonymous_6)
FNDA:0,(anonymous_7)
FNDA:0,(anonymous_8)
FNDA:0,(anonymous_9)
FNDA:0,(anonymous_10)
FNDA:0,(anonymous_11)
FNDA:0,(anonymous_12)
FNDA:0,(anonymous_13)
FNDA:0,(anonymous_14)
DA:1,0
DA:2,0
DA:5,0
DA:6,0
DA:10,0
DA:20,0
DA:22,0
DA:27,0
DA:45,0
DA:47,0
DA:49,0
DA:50,0
DA:51,0
DA:54,0
DA:55,0
DA:56,0
DA:57,0
DA:58,0
DA:59,0
DA:60,0
DA:62,0
DA:64,0
LF:22
LH:0
BRDA:45,0,0,0
BRDA:45,0,1,0
BRDA:55,1,0,0
BRDA:55,1,1,0
BRDA:59,2,0,0
BRDA:59,2,1,0
BRDA:67,3,0,0
BRDA:67,3,1,0
BRDA:6,4,0,0
BRDA:6,4,1,0
BRDA:6,5,0,0
BRDA:6,5,1,0
BRF:12
BRH:0
end_of_record
TN:
SF:src\payments\card-codes.ts
FN:31,matchCardIssuer
FN:35,(anonymous_1)
FNF:2
FNH:0
FNDA:0,matchCardIssuer
FNDA:0,(anonymous_1)
DA:1,0
DA:31,0
DA:32,0
DA:33,0
DA:35,0
DA:36,0
DA:38,0
DA:39,0
DA:41,0
LF:9
LH:0
BRDA:33,0,0,0
BRDA:33,0,1,0
BRDA:42,1,0,0
BRDA:42,1,1,0
BRDA:42,1,2,0
BRF:5
BRH:0
end_of_record
TN:
SF:src\payments\payments.controller.ts
FN:10,(anonymous_4)
FN:13,(anonymous_5)
FNF:2
FNH:0
FNDA:0,(anonymous_4)
FNDA:0,(anonymous_5)
DA:1,0
DA:2,0
DA:3,0
DA:4,0
DA:5,0
DA:9,0
DA:10,0
DA:13,0
DA:17,0
LF:9
LH:0
BRDA:15,0,0,0
BRDA:15,0,1,0
BRDA:15,1,0,0
BRDA:15,1,1,0
BRDA:10,2,0,0
BRDA:10,2,1,0
BRDA:10,3,0,0
BRDA:10,3,1,0
BRF:8
BRH:0
end_of_record
TN:
SF:src\payments\payments.module.ts
FNF:0
FNH:0
DA:1,0
DA:2,0
DA:3,0
DA:4,0
DA:5,0
DA:12,0
LF:6
LH:0
BRF:0
BRH:0
end_of_record
TN:
SF:src\payments\payments.service.ts
FN:16,(anonymous_2)
FN:21,(anonymous_3)
FN:54,(anonymous_4)
FN:115,(anonymous_5)
FN:137,(anonymous_6)
FN:154,(anonymous_7)
FN:165,(anonymous_8)
FNF:7
FNH:0
FNDA:0,(anonymous_2)
FNDA:0,(anonymous_3)
FNDA:0,(anonymous_4)
FNDA:0,(anonymous_5)
FNDA:0,(anonymous_6)
FNDA:0,(anonymous_7)
FNDA:0,(anonymous_8)
DA:1,0
DA:7,0
DA:8,0
DA:10,0
DA:12,0
DA:15,0
DA:17,0
DA:18,0
DA:22,0
DA:24,0
DA:31,0
DA:32,0
DA:33,0
DA:35,0
DA:36,0
DA:38,0
DA:39,0
DA:42,0
DA:43,0
DA:45,0
DA:54,0
DA:56,0
DA:57,0
DA:61,0
DA:64,0
DA:65,0
DA:66,0
DA:69,0
DA:70,0
DA:71,0
DA:72,0
DA:74,0
DA:78,0
DA:86,0
DA:87,0
DA:89,0
DA:91,0
DA:95,0
DA:101,0
DA:102,0
DA:106,0
DA:107,0
DA:115,0
DA:116,0
DA:120,0
DA:121,0
DA:126,0
DA:131,0
DA:134,0
DA:138,0
DA:139,0
DA:141,0
DA:153,0
DA:154,0
DA:155,0
DA:156,0
DA:159,0
DA:160,0
DA:166,0
DA:169,0
DA:171,0
DA:175,0
LF:62
LH:0
BRDA:31,0,0,0
BRDA:31,0,1,0
BRDA:32,1,0,0
BRDA:32,1,1,0
BRDA:35,2,0,0
BRDA:35,2,1,0
BRDA:38,3,0,0
BRDA:38,3,1,0
BRDA:42,4,0,0
BRDA:42,4,1,0
BRDA:56,5,0,0
BRDA:56,5,1,0
BRDA:61,6,0,0
BRDA:61,6,1,0
BRDA:70,7,0,0
BRDA:70,7,1,0
BRDA:74,8,0,0
BRDA:74,8,1,0
BRDA:74,8,2,0
BRDA:82,9,0,0
BRDA:82,9,1,0
BRDA:82,10,0,0
BRDA:82,10,1,0
BRDA:86,11,0,0
BRDA:86,11,1,0
BRDA:89,12,0,0
BRDA:89,12,1,0
BRDA:101,13,0,0
BRDA:101,13,1,0
BRDA:106,14,0,0
BRDA:106,14,1,0
BRDA:106,15,0,0
BRDA:106,15,1,0
BRDA:120,16,0,0
BRDA:120,16,1,0
BRDA:138,17,0,0
BRDA:138,17,1,0
BRDA:153,18,0,0
BRDA:153,18,1,0
BRDA:169,19,0,0
BRDA:169,19,1,0
BRDA:17,20,0,0
BRDA:17,20,1,0
BRDA:17,21,0,0
BRDA:17,21,1,0
BRDA:17,22,0,0
BRDA:17,22,1,0
BRDA:17,23,0,0
BRDA:17,23,1,0
BRF:49
BRH:0
end_of_record
TN:
SF:src\payments\dto\confirm-payment.dto.ts
FNF:0
FNH:0
DA:1,0
DA:3,0
DA:5,0
DA:8,0
DA:12,0
LF:5
LH:0
BRF:0
BRH:0
end_of_record
TN:
SF:src\pricing\partner-discounts.controller.ts
FN:7,(anonymous_4)
FN:10,(anonymous_5)
FN:24,(anonymous_6)
FNF:3
FNH:0
FNDA:0,(anonymous_4)
FNDA:0,(anonymous_5)
FNDA:0,(anonymous_6)
DA:1,0
DA:2,0
DA:3,0
DA:6,0
DA:7,0
DA:10,0
DA:11,0
DA:12,0
DA:24,0
DA:25,0
DA:26,0
DA:27,0
LF:12
LH:0
BRDA:7,0,0,0
BRDA:7,0,1,0
BRDA:7,1,0,0
BRDA:7,1,1,0
BRF:4
BRH:0
end_of_record
TN:
SF:src\pricing\pricing.controller.ts
FN:26,(anonymous_4)
FN:34,(anonymous_5)
FN:37,(anonymous_6)
FNF:3
FNH:0
FNDA:0,(anonymous_4)
FNDA:0,(anonymous_5)
FNDA:0,(anonymous_6)
DA:1,0
DA:2,0
DA:10,0
DA:11,0
DA:12,0
DA:13,0
DA:16,0
DA:17,0
DA:18,0
DA:19,0
DA:20,0
DA:24,0
DA:25,0
DA:26,0
DA:27,0
DA:28,0
DA:33,0
DA:34,0
DA:37,0
DA:41,0
LF:20
LH:0
BRDA:34,0,0,0
BRDA:34,0,1,0
BRDA:34,1,0,0
BRDA:34,1,1,0
BRF:4
BRH:0
end_of_record
TN:
SF:src\pricing\pricing.module.ts
FNF:0
FNH:0
DA:1,0
DA:2,0
DA:3,0
DA:4,0
DA:5,0
DA:13,0
LF:6
LH:0
BRF:0
BRH:0
end_of_record
TN:
SF:src\pricing\pricing.service.ts
FN:19,(anonymous_2)
FN:21,(anonymous_3)
FN:38,(anonymous_4)
FN:52,(anonymous_5)
FN:53,(anonymous_6)
FN:69,(anonymous_7)
FN:116,(anonymous_8)
FN:164,(anonymous_9)
FN:165,(anonymous_10)
FN:168,(anonymous_11)
FN:171,(anonymous_12)
FN:172,(anonymous_13)
FN:294,(anonymous_14)
FNF:13
FNH:13
FNDA:37,(anonymous_2)
FNDA:37,(anonymous_3)
FNDA:39,(anonymous_4)
FNDA:37,(anonymous_5)
FNDA:37,(anonymous_6)
FNDA:37,(anonymous_7)
FNDA:61,(anonymous_8)
FNDA:5,(anonymous_9)
FNDA:5,(anonymous_10)
FNDA:4,(anonymous_11)
FNDA:7,(anonymous_12)
FNDA:4,(anonymous_13)
FNDA:36,(anonymous_14)
DA:1,1
DA:8,1
DA:18,1
DA:19,37
DA:23,37
DA:29,37
DA:31,36
DA:32,36
DA:33,36
DA:34,36
DA:37,36
DA:38,39
DA:41,36
DA:42,1
DA:44,35
DA:45,1
DA:51,34
DA:52,37
DA:53,37
DA:56,34
DA:57,34
DA:68,34
DA:69,37
DA:73,34
DA:74,34
DA:75,36
DA:76,36
DA:77,36
DA:82,34
DA:83,37
DA:84,2
DA:91,32
DA:92,32
DA:93,32
DA:94,35
DA:95,35
DA:96,35
DA:97,35
DA:98,35
DA:107,32
DA:111,32
DA:112,1
DA:115,31
DA:116,31
DA:117,61
DA:118,61
DA:121,31
DA:124,31
DA:127,31
DA:128,15
DA:133,15
DA:134,1
DA:136,14
DA:137,1
DA:141,13
DA:142,1
DA:145,12
DA:147,12
DA:148,1
DA:153,11
DA:154,6
DA:155,5
DA:156,2
DA:157,2
DA:158,1
DA:160,2
DA:161,3
DA:163,3
DA:164,5
DA:166,5
DA:168,4
DA:170,3
DA:171,7
DA:172,4
DA:174,3
DA:175,3
DA:176,3
DA:177,4
DA:178,4
DA:180,3
DA:184,11
DA:186,11
DA:194,27
DA:197,27
DA:200,27
DA:201,19
DA:206,19
DA:207,19
DA:208,4
DA:209,4
DA:210,1
DA:212,4
DA:214,4
DA:215,3
DA:216,3
DA:225,27
DA:228,27
DA:231,27
DA:232,8
DA:236,8
DA:237,1
DA:240,7
DA:241,1
DA:244,6
DA:245,1
DA:248,5
DA:249,1
DA:254,4
DA:255,3
DA:256,1
DA:257,1
DA:258,1
DA:259,1
DA:261,1
DA:264,4
DA:266,4
DA:276,23
DA:295,36
DA:296,36
LF:119
LH:119
BRDA:29,0,0,1
BRDA:29,0,1,36
BRDA:38,1,0,39
BRDA:38,1,1,0
BRDA:41,2,0,1
BRDA:41,2,1,35
BRDA:44,3,0,1
BRDA:44,3,1,34
BRDA:52,4,0,37
BRDA:52,4,1,0
BRDA:69,5,0,37
BRDA:69,5,1,1
BRDA:76,6,0,36
BRDA:76,6,1,0
BRDA:76,7,0,36
BRDA:76,7,1,1
BRDA:76,7,2,1
BRDA:83,8,0,2
BRDA:83,8,1,35
BRDA:94,9,0,0
BRDA:94,9,1,35
BRDA:94,10,0,35
BRDA:94,10,1,35
BRDA:111,11,0,1
BRDA:111,11,1,31
BRDA:127,12,0,15
BRDA:127,12,1,16
BRDA:127,13,0,31
BRDA:127,13,1,15
BRDA:133,14,0,1
BRDA:133,14,1,14
BRDA:133,15,0,15
BRDA:133,15,1,15
BRDA:136,16,0,1
BRDA:136,16,1,13
BRDA:136,17,0,14
BRDA:136,17,1,2
BRDA:141,18,0,1
BRDA:141,18,1,12
BRDA:147,19,0,1
BRDA:147,19,1,11
BRDA:153,20,0,6
BRDA:153,20,1,5
BRDA:155,21,0,2
BRDA:155,21,1,3
BRDA:157,22,0,1
BRDA:157,22,1,1
BRDA:157,23,0,2
BRDA:157,23,1,1
BRDA:161,24,0,3
BRDA:161,24,1,0
BRDA:164,25,0,5
BRDA:164,25,1,0
BRDA:166,26,0,5
BRDA:166,26,1,0
BRDA:177,27,0,4
BRDA:177,27,1,0
BRDA:178,28,0,4
BRDA:178,28,1,0
BRDA:200,29,0,19
BRDA:200,29,1,8
BRDA:207,30,0,4
BRDA:207,30,1,15
BRDA:207,31,0,19
BRDA:207,31,1,18
BRDA:209,32,0,1
BRDA:209,32,1,3
BRDA:209,33,0,4
BRDA:209,33,1,1
BRDA:214,34,0,3
BRDA:214,34,1,1
BRDA:231,35,0,8
BRDA:231,35,1,19
BRDA:236,36,0,1
BRDA:236,36,1,7
BRDA:236,37,0,8
BRDA:236,37,1,8
BRDA:240,38,0,1
BRDA:240,38,1,6
BRDA:240,39,0,7
BRDA:240,39,1,7
BRDA:240,39,2,1
BRDA:244,40,0,1
BRDA:244,40,1,5
BRDA:244,41,0,6
BRDA:244,41,1,3
BRDA:248,42,0,1
BRDA:248,42,1,4
BRDA:254,43,0,3
BRDA:254,43,1,1
BRDA:256,44,0,1
BRDA:256,44,1,0
BRDA:258,45,0,1
BRDA:258,45,1,0
BRDA:258,46,0,1
BRDA:258,46,1,1
BRDA:296,47,0,1
BRDA:296,47,1,35
BRDA:296,48,0,36
BRDA:296,48,1,36
BRDA:19,49,0,1
BRDA:19,49,1,0
BRDA:19,50,0,1
BRDA:19,50,1,1
BRF:104
BRH:92
end_of_record
TN:
SF:src\prisma\prisma.module.ts
FNF:0
FNH:0
DA:1,0
DA:2,0
DA:9,0
LF:3
LH:0
BRF:0
BRH:0
end_of_record
TN:
SF:src\prisma\prisma.service.ts
FN:6,(anonymous_1)
FNF:1
FNH:0
FNDA:0,(anonymous_1)
DA:1,1
DA:2,1
DA:5,1
DA:7,0
LF:4
LH:3
BRF:0
BRH:0
end_of_record
TN:
SF:src\reservations\reservations.controller.ts
FN:24,(anonymous_4)
FN:27,(anonymous_5)
FN:35,(anonymous_6)
FN:40,(anonymous_7)
FN:48,(anonymous_8)
FN:56,(anonymous_9)
FNF:6
FNH:0
FNDA:0,(anonymous_4)
FNDA:0,(anonymous_5)
FNDA:0,(anonymous_6)
FNDA:0,(anonymous_7)
FNDA:0,(anonymous_8)
FNDA:0,(anonymous_9)
DA:1,0
DA:11,0
DA:12,0
DA:13,0
DA:14,0
DA:15,0
DA:18,0
DA:23,0
DA:24,0
DA:27,0
DA:31,0
DA:35,0
DA:36,0
DA:40,0
DA:44,0
DA:48,0
DA:52,0
DA:56,0
DA:61,0
LF:19
LH:0
BRDA:29,0,0,0
BRDA:29,0,1,0
BRDA:29,1,0,0
BRDA:29,1,1,0
BRDA:24,2,0,0
BRDA:24,2,1,0
BRDA:24,3,0,0
BRDA:24,3,1,0
BRF:8
BRH:0
end_of_record
TN:
SF:src\reservations\reservations.module.ts
FNF:0
FNH:0
DA:1,0
DA:2,0
DA:3,0
DA:4,0
DA:5,0
DA:6,0
DA:13,0
LF:7
LH:0
BRF:0
BRH:0
end_of_record
TN:
SF:src\reservations\reservations.service.ts
FN:20,(anonymous_2)
FN:26,(anonymous_3)
FN:31,(anonymous_4)
FN:67,(anonymous_5)
FN:124,(anonymous_6)
FN:164,(anonymous_7)
FN:198,(anonymous_8)
FN:206,(anonymous_9)
FN:230,(anonymous_10)
FN:243,(anonymous_11)
FN:250,(anonymous_12)
FN:263,(anonymous_13)
FN:276,(anonymous_14)
FNF:13
FNH:0
FNDA:0,(anonymous_2)
FNDA:0,(anonymous_3)
FNDA:0,(anonymous_4)
FNDA:0,(anonymous_5)
FNDA:0,(anonymous_6)
FNDA:0,(anonymous_7)
FNDA:0,(anonymous_8)
FNDA:0,(anonymous_9)
FNDA:0,(anonymous_10)
FNDA:0,(anonymous_11)
FNDA:0,(anonymous_12)
FNDA:0,(anonymous_13)
FNDA:0,(anonymous_14)
DA:1,0
DA:8,0
DA:9,0
DA:10,0
DA:11,0
DA:12,0
DA:13,0
DA:16,0
DA:19,0
DA:21,0
DA:22,0
DA:23,0
DA:27,0
DA:29,0
DA:30,0
DA:32,0
DA:33,0
DA:45,0
DA:46,0
DA:49,0
DA:58,0
DA:67,0
DA:83,0
DA:84,0
DA:85,0
DA:86,0
DA:88,0
DA:92,0
DA:101,0
DA:102,0
DA:111,0
DA:117,0
DA:118,0
DA:120,0
DA:125,0
DA:157,0
DA:158,0
DA:159,0
DA:161,0
DA:165,0
DA:166,0
DA:198,0
DA:206,0
DA:207,0
DA:209,0
DA:214,0
DA:215,0
DA:216,0
DA:220,0
DA:224,0
DA:231,0
DA:235,0
DA:236,0
DA:237,0
DA:238,0
DA:241,0
DA:243,0
DA:250,0
DA:251,0
DA:252,0
DA:253,0
DA:254,0
DA:260,0
DA:264,0
DA:268,0
DA:269,0
DA:270,0
DA:272,0
DA:273,0
DA:276,0
DA:277,0
DA:278,0
DA:282,0
DA:284,0
DA:285,0
DA:287,0
LF:76
LH:0
BRDA:45,0,0,0
BRDA:45,0,1,0
BRDA:83,1,0,0
BRDA:83,1,1,0
BRDA:85,2,0,0
BRDA:85,2,1,0
BRDA:85,3,0,0
BRDA:85,3,1,0
BRDA:101,4,0,0
BRDA:101,4,1,0
BRDA:101,5,0,0
BRDA:101,5,1,0
BRDA:117,6,0,0
BRDA:117,6,1,0
BRDA:117,7,0,0
BRDA:117,7,1,0
BRDA:157,8,0,0
BRDA:157,8,1,0
BRDA:158,9,0,0
BRDA:158,9,1,0
BRDA:200,10,0,0
BRDA:200,10,1,0
BRDA:215,11,0,0
BRDA:215,11,1,0
BRDA:235,12,0,0
BRDA:235,12,1,0
BRDA:236,13,0,0
BRDA:236,13,1,0
BRDA:237,14,0,0
BRDA:237,14,1,0
BRDA:244,15,0,0
BRDA:244,15,1,0
BRDA:245,16,0,0
BRDA:245,16,1,0
BRDA:253,17,0,0
BRDA:253,17,1,0
BRDA:253,18,0,0
BRDA:253,18,1,0
BRDA:268,19,0,0
BRDA:268,19,1,0
BRDA:269,20,0,0
BRDA:269,20,1,0
BRDA:272,21,0,0
BRDA:272,21,1,0
BRDA:277,22,0,0
BRDA:277,22,1,0
BRDA:284,23,0,0
BRDA:284,23,1,0
BRDA:21,24,0,0
BRDA:21,24,1,0
BRDA:21,25,0,0
BRDA:21,25,1,0
BRDA:21,26,0,0
BRDA:21,26,1,0
BRDA:21,27,0,0
BRDA:21,27,1,0
BRDA:22,28,0,0
BRDA:22,28,1,0
BRDA:22,29,0,0
BRDA:22,29,1,0
BRF:60
BRH:0
end_of_record
TN:
SF:src\reservations\dto\create-reservation.dto.ts
FN:29,(anonymous_2)
FNF:1
FNH:0
FNDA:0,(anonymous_2)
DA:1,0
DA:9,0
DA:12,0
DA:13,0
DA:14,0
DA:15,0
DA:16,0
DA:19,0
DA:21,0
DA:26,0
DA:29,0
DA:30,0
DA:34,0
DA:38,0
LF:14
LH:0
BRF:0
BRH:0
end_of_record
TN:
SF:src\screenings\screenings.controller.ts
FN:6,(anonymous_4)
FN:9,(anonymous_5)
FNF:2
FNH:0
FNDA:0,(anonymous_4)
FNDA:0,(anonymous_5)
DA:1,0
DA:2,0
DA:5,0
DA:6,0
DA:9,0
DA:10,0
LF:6
LH:0
BRDA:6,0,0,0
BRDA:6,0,1,0
BRDA:6,1,0,0
BRDA:6,1,1,0
BRF:4
BRH:0
end_of_record
TN:
SF:src\screenings\screenings.module.ts
FNF:0
FNH:0
DA:1,0
DA:2,0
DA:3,0
DA:9,0
LF:4
LH:0
BRF:0
BRH:0
end_of_record
TN:
SF:src\screenings\screenings.service.ts
FN:6,(anonymous_2)
FN:8,(anonymous_3)
FN:40,(anonymous_4)
FN:40,(anonymous_5)
FN:44,(anonymous_6)
FNF:5
FNH:0
FNDA:0,(anonymous_2)
FNDA:0,(anonymous_3)
FNDA:0,(anonymous_4)
FNDA:0,(anonymous_5)
FNDA:0,(anonymous_6)
DA:1,0
DA:2,0
DA:5,0
DA:6,0
DA:9,0
DA:25,0
DA:29,0
DA:30,0
DA:40,0
DA:43,0
DA:44,0
DA:46,0
LF:12
LH:0
BRDA:25,0,0,0
BRDA:25,0,1,0
BRDA:6,1,0,0
BRDA:6,1,1,0
BRDA:6,2,0,0
BRDA:6,2,1,0
BRF:6
BRH:0
end_of_record
